<testsuites id="" name="" tests="1" failures="0" skipped="0" errors="0" time="75.45236199999974">
<testsuite name="tests\accountTransaction\accountTransaction.spec.ts" timestamp="2026-06-25T09:10:11.427Z" hostname="Mawista-EU" tests="1" failures="0" skipped="0" time="65.909" errors="0">
<testcase name="FIN-TC-1285: TC_591_Account Transaction_verify that user can select To cheque release date greater than from cheque release date" classname="tests\accountTransaction\accountTransaction.spec.ts" time="65.909">
<system-out>
<![CDATA[✅ Login process completed
]]>
</system-out>
</testcase>
</testsuite>
</testsuites>