<testsuites id="" name="" tests="1" failures="0" skipped="0" errors="0" time="30.112586999997497">
<testsuite name="tests\mawistaPayments\mawistaPayments.spec.ts" timestamp="2025-04-07T12:29:04.504Z" hostname="Mawista-EU" tests="1" failures="0" skipped="0" time="24.499" errors="0">
<testcase name="NXGF-TC-3713: TC_003_Mawista payments_Verify that the user is able to search and view the relevant payments with search option of &quot;from date&quot; and &quot;To date&quot;" classname="tests\mawistaPayments\mawistaPayments.spec.ts" time="24.499">
</testcase>
</testsuite>
</testsuites>