<testsuites id="" name="" tests="1" failures="0" skipped="0" errors="0" time="47.375375">
<testsuite name="tests\chartofAccounts\chartofAccounts.spec.ts" timestamp="2025-08-06T09:24:21.821Z" hostname="Mawista-EU" tests="1" failures="0" skipped="0" time="38.846" errors="0">
<testcase name="NXGF-TC-2097: TC_000_Chart of Accounts_Verify that Valid breadcrumbs are displayed" classname="tests\chartofAccounts\chartofAccounts.spec.ts" time="38.846">
<system-out>
<![CDATA[--------------Start the Charts of Accounts Testclass----------------------
]]>
</system-out>
</testcase>
</testsuite>
</testsuites>