<testsuites id="" name="" tests="14" failures="9" skipped="0" errors="0" time="2972.38393">
<testsuite name="tests\smokeTestingSuite\smokeTestingSuite.spec.ts" timestamp="2026-06-23T06:16:15.662Z" hostname="Mawista-EU" tests="14" failures="9" skipped="0" time="1817.892" errors="0">
<testcase name="FIN-TC-1741 @smoke: TC_001_Payment Orders_Verify that the user is able to navigate to Payment Orders_Smoke" classname="tests\smokeTestingSuite\smokeTestingSuite.spec.ts" time="190.884">
<failure message="smokeTestingSuite.spec.ts:9:5 FIN-TC-1741 @smoke: TC_001_Payment Orders_Verify that the user is able to navigate to Payment Orders_Smoke" type="FAILURE">
<![CDATA[  [Mawista-EU] › tests\smokeTestingSuite\smokeTestingSuite.spec.ts:9:5 › FIN-TC-1741 @smoke: TC_001_Payment Orders_Verify that the user is able to navigate to Payment Orders_Smoke › User Enter Username and Password 

    Error: Timed out 50000ms waiting for expect(locator).toBeEnabled()

    Locator: locator('//button[@type=\'submit\']')
    Expected: enabled
    Received: disabled
    Call log:
      - expect.toBeEnabled with timeout 50000ms
      - waiting for locator('//button[@type=\'submit\']')
      -   locator resolved to <button type="submit" disabled="true" mat-raised-button=…>…</button>
      -   unexpected value "disabled"
      -   locator resolved to <button type="submit" disabled="true" mat-raised-button=…>…</button>
      -   unexpected value "disabled"
      -   locator resolved to <button type="submit" disabled="true" mat-raised-button=…>…</button>
      -   unexpected value "disabled"
      -   locator resolved to <button type="submit" disabled="true" mat-raised-button=…>…</button>
      -   unexpected value "disabled"
      -   locator resolved to <button type="submit" disabled="true" mat-raised-button=…>…</button>
      -   unexpected value "disabled"
      -   locator resolved to <button type="submit" disabled="true" mat-raised-button=…>…</button>
      -   unexpected value "disabled"
      -   locator resolved to <button type="submit" disabled="true" mat-raised-button=…>…</button>
      -   unexpected value "disabled"
      -   locator resolved to <button type="submit" disabled="true" mat-raised-button=…>…</button>
      -   unexpected value "disabled"
      -   locator resolved to <button type="submit" disabled="true" mat-raised-button=…>…</button>
      -   unexpected value "disabled"
      -   locator resolved to <button type="submit" disabled="true" mat-raised-button=…>…</button>
      -   unexpected value "disabled"
      -   locator resolved to <button type="submit" disabled="true" mat-raised-button=…>…</button>
      -   unexpected value "disabled"
      -   locator resolved to <button type="submit" disabled="true" mat-raised-button=…>…</button>
      -   unexpected value "disabled"
      -   locator resolved to <button type="submit" disabled="true" mat-raised-button=…>…</button>
      -   unexpected value "disabled"
      -   locator resolved to <button type="submit" disabled="true" mat-raised-button=…>…</button>
      -   unexpected value "disabled"
      -   locator resolved to <button type="submit" disabled="true" mat-raised-button=…>…</button>
      -   unexpected value "disabled"
      -   locator resolved to <button type="submit" disabled="true" mat-raised-button=…>…</button>
      -   unexpected value "disabled"
      -   locator resolved to <button type="submit" disabled="true" mat-raised-button=…>…</button>
      -   unexpected value "disabled"
      -   locator resolved to <button type="submit" disabled="true" mat-raised-button=…>…</button>
      -   unexpected value "disabled"
      -   locator resolved to <button type="submit" disabled="true" mat-raised-button=…>…</button>
      -   unexpected value "disabled"
      -   locator resolved to <button type="submit" disabled="true" mat-raised-button=…>…</button>
      -   unexpected value "disabled"
      -   locator resolved to <button type="submit" disabled="true" mat-raised-button=…>…</button>
      -   unexpected value "disabled"
      -   locator resolved to <button type="submit" disabled="true" mat-raised-button=…>…</button>
      -   unexpected value "disabled"
      -   locator resolved to <button type="submit" disabled="true" mat-raised-button=…>…</button>
      -   unexpected value "disabled"
      -   locator resolved to <button type="submit" disabled="true" mat-raised-button=…>…</button>
      -   unexpected value "disabled"
      -   locator resolved to <button type="submit" disabled="true" mat-raised-button=…>…</button>
      -   unexpected value "disabled"
      -   locator resolved to <button type="submit" disabled="true" mat-raised-button=…>…</button>
      -   unexpected value "disabled"
      -   locator resolved to <button type="submit" disabled="true" mat-raised-button=…>…</button>
      -   unexpected value "disabled"
      -   locator resolved to <button type="submit" disabled="true" mat-raised-button=…>…</button>
      -   unexpected value "disabled"
      -   locator resolved to <button type="submit" disabled="true" mat-raised-button=…>…</button>
      -   unexpected value "disabled"
      -   locator resolved to <button type="submit" disabled="true" mat-raised-button=…>…</button>
      -   unexpected value "disabled"
      -   locator resolved to <button type="submit" disabled="true" mat-raised-button=…>…</button>
      -   unexpected value "disabled"
      -   locator resolved to <button type="submit" disabled="true" mat-raised-button=…>…</button>
      -   unexpected value "disabled"
      -   locator resolved to <button type="submit" disabled="true" mat-raised-button=…>…</button>
      -   unexpected value "disabled"
      -   locator resolved to <button type="submit" disabled="true" mat-raised-button=…>…</button>
      -   unexpected value "disabled"
      -   locator resolved to <button type="submit" disabled="true" mat-raised-button=…>…</button>
      -   unexpected value "disabled"
      -   locator resolved to <button type="submit" disabled="true" mat-raised-button=…>…</button>
      -   unexpected value "disabled"
      -   locator resolved to <button type="submit" disabled="true" mat-raised-button=…>…</button>
      -   unexpected value "disabled"
      -   locator resolved to <button type="submit" disabled="true" mat-raised-button=…>…</button>
      -   unexpected value "disabled"
      -   locator resolved to <button type="submit" disabled="true" mat-raised-button=…>…</button>
      -   unexpected value "disabled"
      -   locator resolved to <button type="submit" disabled="true" mat-raised-button=…>…</button>
      -   unexpected value "disabled"
      -   locator resolved to <button type="submit" disabled="true" mat-raised-button=…>…</button>
      -   unexpected value "disabled"
      -   locator resolved to <button type="submit" disabled="true" mat-raised-button=…>…</button>
      -   unexpected value "disabled"
      -   locator resolved to <button type="submit" disabled="true" mat-raised-button=…>…</button>
      -   unexpected value "disabled"
      -   locator resolved to <button type="submit" disabled="true" mat-raised-button=…>…</button>
      -   unexpected value "disabled"
      -   locator resolved to <button type="submit" disabled="true" mat-raised-button=…>…</button>
      -   unexpected value "disabled"
      -   locator resolved to <button type="submit" disabled="true" mat-raised-button=…>…</button>
      -   unexpected value "disabled"
      -   locator resolved to <button type="submit" disabled="true" mat-raised-button=…>…</button>
      -   unexpected value "disabled"


       at page-objects\login-page.ts:48

      46 |         await this.passwordInputField.fill(password);
      47 |
    > 48 |         await expect(this.signinButton).toBeEnabled({ timeout: 50000 });
         |                                         ^
      49 |
      50 |         // First click
      51 |         await this.signinButton.click({ force: true });

        at LoginPage.loginToApplication (C:\Users\ashwini.sunil.yeskar\AutomationTesting-IRISPortal-Playwright\page-objects\login-page.ts:48:41)
        at C:\Users\ashwini.sunil.yeskar\AutomationTesting-IRISPortal-Playwright\tests\smokeTestingSuite\smokeTestingSuite.spec.ts:19:9
        at C:\Users\ashwini.sunil.yeskar\AutomationTesting-IRISPortal-Playwright\tests\smokeTestingSuite\smokeTestingSuite.spec.ts:18:5
]]>
</failure>
</testcase>
<testcase name="FIN-TC-1742 @smoke: TC_002_Create New_verify that click on create new button Payment Order popup window display_Smoke" classname="tests\smokeTestingSuite\smokeTestingSuite.spec.ts" time="79.1">
<failure message="smokeTestingSuite.spec.ts:29:6 FIN-TC-1742 @smoke: TC_002_Create New_verify that click on create new button Payment Order popup window display_Smoke" type="FAILURE">
<![CDATA[  [Mawista-EU] › tests\smokeTestingSuite\smokeTestingSuite.spec.ts:29:6 › FIN-TC-1742 @smoke: TC_002_Create New_verify that click on create new button Payment Order popup window display_Smoke 

    Error: browserContext.newPage: Target page, context or browser has been closed
]]>
</failure>
</testcase>
<testcase name="FIN-TC-1743 @smoke: TC_003_Payment Order popup_verify that Payment Order Type and corrections option  dropdown display_Smoke" classname="tests\smokeTestingSuite\smokeTestingSuite.spec.ts" time="9.443">
<failure message="smokeTestingSuite.spec.ts:57:6 FIN-TC-1743 @smoke: TC_003_Payment Order popup_verify that Payment Order Type and corrections option  dropdown display_Smoke" type="FAILURE">
<![CDATA[  [Mawista-EU] › tests\smokeTestingSuite\smokeTestingSuite.spec.ts:57:6 › FIN-TC-1743 @smoke: TC_003_Payment Order popup_verify that Payment Order Type and corrections option  dropdown display_Smoke 

    Error: browserContext.newPage: Target page, context or browser has been closed
]]>
</failure>
</testcase>
<testcase name="FIN-TC-1744 @smoke: TC_004_Payer&apos;s Financial Collection_verify that user is navigate to Payer&apos;s Financial collection_Smoke" classname="tests\smokeTestingSuite\smokeTestingSuite.spec.ts" time="9.633">
<failure message="smokeTestingSuite.spec.ts:84:5 FIN-TC-1744 @smoke: TC_004_Payer&apos;s Financial Collection_verify that user is navigate to Payer&apos;s Financial collection_Smoke" type="FAILURE">
<![CDATA[  [Mawista-EU] › tests\smokeTestingSuite\smokeTestingSuite.spec.ts:84:5 › FIN-TC-1744 @smoke: TC_004_Payer's Financial Collection_verify that user is navigate to Payer's Financial collection_Smoke 

    Error: browserContext.newPage: Target page, context or browser has been closed
]]>
</failure>
</testcase>
<testcase name="FIN-TC-1745 @smoke:TC_005_Payer&apos;s Financial Collection_verify that  all fields are displayed in Payer/Reinsurer Information , Bank Account Information , Collection Information_Smoke" classname="tests\smokeTestingSuite\smokeTestingSuite.spec.ts" time="23.636">
<failure message="smokeTestingSuite.spec.ts:103:5 FIN-TC-1745 @smoke:TC_005_Payer&apos;s Financial Collection_verify that  all fields are displayed in Payer/Reinsurer Information , Bank Account Information , Collection Information_Smoke" type="FAILURE">
<![CDATA[  [Mawista-EU] › tests\smokeTestingSuite\smokeTestingSuite.spec.ts:103:5 › FIN-TC-1745 @smoke:TC_005_Payer's Financial Collection_verify that  all fields are displayed in Payer/Reinsurer Information , Bank Account Information , Collection Information_Smoke 

    Error: browserContext.newPage: Target page, context or browser has been closed
]]>
</failure>
</testcase>
<testcase name="FIN-TC-1746 @smoke:TC_006_Payer&apos;s Financial Collection_verify that click on search button without filing any fields proper messages are displayed for mandatory fields_Smoke" classname="tests\smokeTestingSuite\smokeTestingSuite.spec.ts" time="406.101">
<failure message="smokeTestingSuite.spec.ts:129:5 FIN-TC-1746 @smoke:TC_006_Payer&apos;s Financial Collection_verify that click on search button without filing any fields proper messages are displayed for mandatory fields_Smoke" type="FAILURE">
<![CDATA[  [Mawista-EU] › tests\smokeTestingSuite\smokeTestingSuite.spec.ts:129:5 › FIN-TC-1746 @smoke:TC_006_Payer's Financial Collection_verify that click on search button without filing any fields proper messages are displayed for mandatory fields_Smoke › Click On Payer's Financial Collection Under Financials 

    Test timeout of 400000ms exceeded.

    Error: locator.waitFor: Test timeout of 400000ms exceeded.
    Call log:
      - waiting for locator('//input[@placeholder=\'Quick Search\']') to be visible


       at page-objects\smokeTestingSuite-pages\smokeTestingSuite-pages.ts:321

      319 |     }
      320 | async searchAndClickOnPayersCollectionUnderFinancials(){
    > 321 |           await this.searchIcon.waitFor({ state: 'visible' });
          |                                 ^
      322 |                 await expect(this.searchIcon).toBeEnabled();
      323 |         
      324 |                 await this.searchIcon.click();

        at SmokeTestingSuitePage.searchAndClickOnPayersCollectionUnderFinancials (C:\Users\ashwini.sunil.yeskar\AutomationTesting-IRISPortal-Playwright\page-objects\smokeTestingSuite-pages\smokeTestingSuite-pages.ts:321:33)
        at C:\Users\ashwini.sunil.yeskar\AutomationTesting-IRISPortal-Playwright\tests\smokeTestingSuite\smokeTestingSuite.spec.ts:143:37
        at C:\Users\ashwini.sunil.yeskar\AutomationTesting-IRISPortal-Playwright\tests\smokeTestingSuite\smokeTestingSuite.spec.ts:142:16

    attachment #1: screenshot (image/png) ──────────────────────────────────────────────────────────
    test-results\tests-smokeTestingSuite-sm-a0035--for-mandatory-fields-Smoke-Mawista-EU\test-failed-1.png
    ────────────────────────────────────────────────────────────────────────────────────────────────
]]>
</failure>
<system-out>
<![CDATA[Retrying Sign In...
✅ Login process completed

[[ATTACHMENT|..\test-results\tests-smokeTestingSuite-sm-a0035--for-mandatory-fields-Smoke-Mawista-EU\test-failed-1.png]]
]]>
</system-out>
</testcase>
<testcase name="FIN-TC-1747 @smoke: TC_007_Account Transaction_Verify that user is navigate to Account Transaction_smoke" classname="tests\smokeTestingSuite\smokeTestingSuite.spec.ts" time="76.991">
<system-out>
<![CDATA[Retrying Sign In...
✅ Login process completed
]]>
</system-out>
</testcase>
<testcase name="FIN-TC-1748 @smoke: TC_008_Account Transaction_Verify that  without filling any values and click on search_Smoke" classname="tests\smokeTestingSuite\smokeTestingSuite.spec.ts" time="64.132">
<system-out>
<![CDATA[✅ Login process completed
]]>
</system-out>
</testcase>
<testcase name="FIN-TC-1749 @smoke: TC_009_Account Reconciliation_Verify that user is navigate to Account  Reconciliation_Smoke" classname="tests\smokeTestingSuite\smokeTestingSuite.spec.ts" time="403.665">
<failure message="smokeTestingSuite.spec.ts:207:6 FIN-TC-1749 @smoke: TC_009_Account Reconciliation_Verify that user is navigate to Account  Reconciliation_Smoke" type="FAILURE">
<![CDATA[  [Mawista-EU] › tests\smokeTestingSuite\smokeTestingSuite.spec.ts:207:6 › FIN-TC-1749 @smoke: TC_009_Account Reconciliation_Verify that user is navigate to Account  Reconciliation_Smoke › Click On Account Reconcilation Under Financials 

    Test timeout of 400000ms exceeded.

    Error: locator.click: Test timeout of 400000ms exceeded.
    Call log:
      - waiting for getByRole('link', { name: 'Account Reconciliation' })


       at page-objects\smokeTestingSuite-pages\smokeTestingSuite-pages.ts:215

      213 |         await this.financials.click();
      214 |         await this.accountReconcilation.evaluate((el: HTMLElement) => {el.style.border = "3px solid blue";});
    > 215 |         await this.accountReconcilation.click();
          |                                         ^
      216 |     
      217 |     }
      218 |

        at SmokeTestingSuitePage.searchAndClickOnAccountReconcilationUnderFinancials (C:\Users\ashwini.sunil.yeskar\AutomationTesting-IRISPortal-Playwright\page-objects\smokeTestingSuite-pages\smokeTestingSuite-pages.ts:215:41)
        at C:\Users\ashwini.sunil.yeskar\AutomationTesting-IRISPortal-Playwright\tests\smokeTestingSuite\smokeTestingSuite.spec.ts:221:10
        at C:\Users\ashwini.sunil.yeskar\AutomationTesting-IRISPortal-Playwright\tests\smokeTestingSuite\smokeTestingSuite.spec.ts:220:6

    attachment #1: screenshot (image/png) ──────────────────────────────────────────────────────────
    test-results\tests-smokeTestingSuite-sm-89245-ccount-Reconciliation-Smoke-Mawista-EU\test-failed-1.png
    ────────────────────────────────────────────────────────────────────────────────────────────────
]]>
</failure>
<system-out>
<![CDATA[Retrying Sign In...
✅ Login process completed

[[ATTACHMENT|..\test-results\tests-smokeTestingSuite-sm-89245-ccount-Reconciliation-Smoke-Mawista-EU\test-failed-1.png]]
]]>
</system-out>
</testcase>
<testcase name="FIN-TC-1750 @smoke:TC_010_Account Reconciliation_Verify that user can search by PO ID- Ex-3600709_Smoke" classname="tests\smokeTestingSuite\smokeTestingSuite.spec.ts" time="403.364">
<failure message="smokeTestingSuite.spec.ts:226:7 FIN-TC-1750 @smoke:TC_010_Account Reconciliation_Verify that user can search by PO ID- Ex-3600709_Smoke" type="FAILURE">
<![CDATA[  [Mawista-EU] › tests\smokeTestingSuite\smokeTestingSuite.spec.ts:226:7 › FIN-TC-1750 @smoke:TC_010_Account Reconciliation_Verify that user can search by PO ID- Ex-3600709_Smoke › Click on the search button 

    Test timeout of 400000ms exceeded.

    Error: locator.click: Test timeout of 400000ms exceeded.
    Call log:
      - waiting for locator('//button[@aria-label=\'Search\']')
      -   locator resolved to <button mat-button="" type="submit" title="Search" aria-…>…</button>
      - attempting click action
      -   waiting for element to be visible, enabled and stable
      -   element is visible, enabled and stable
      -   scrolling into view if needed
      -   done scrolling
      -   <mat-dialog-container tabindex="-1" role="dialog" id="mat-dialog-0" ar…>…</mat-dialog-container> from <div class="cdk-overlay-container">…</div> subtree intercepts pointer events
      - retrying click action, attempt #1
      -   waiting for element to be visible, enabled and stable
      -   element is visible, enabled and stable
      -   scrolling into view if needed
      -   done scrolling
      -   <mat-dialog-container tabindex="-1" role="dialog" id="mat-dialog-0" ar…>…</mat-dialog-container> from <div class="cdk-overlay-container">…</div> subtree intercepts pointer events
      - retrying click action, attempt #2
      -   waiting 20ms
      -   waiting for element to be visible, enabled and stable
      -   element is visible, enabled and stable
      -   scrolling into view if needed
      -   done scrolling
      -   <mat-dialog-content _ngcontent-ccs-c174="" class="mat-dialog-content…>…</mat-dialog-content> from <div class="cdk-overlay-container">…</div> subtree intercepts pointer events
      - retrying click action, attempt #3
      -   waiting 100ms
      -   waiting for element to be visible, enabled and stable
      -   element is visible, enabled and stable
      -   scrolling into view if needed
      -   done scrolling
      -   <mat-dialog-content _ngcontent-ccs-c174="" class="mat-dialog-content…>…</mat-dialog-content> from <div class="cdk-overlay-container">…</div> subtree intercepts pointer events
      - retrying click action, attempt #4
      -   waiting 100ms
      -   waiting for element to be visible, enabled and stable
      -   element is visible, enabled and stable
      -   scrolling into view if needed
      -   done scrolling
      -   <mat-dialog-content _ngcontent-ccs-c174="" class="mat-dialog-content…>…</mat-dialog-content> from <div class="cdk-overlay-container">…</div> subtree intercepts pointer events
      - retrying click action, attempt #5
      -   waiting 500ms
      -   waiting for element to be visible, enabled and stable
      -   element is visible, enabled and stable
      -   scrolling into view if needed
      -   done scrolling
      -   <mat-dialog-container tabindex="-1" role="dialog" id="mat-dialog-0" ar…>…</mat-dialog-container> from <div class="cdk-overlay-container">…</div> subtree intercepts pointer events
      - retrying click action, attempt #6
      -   waiting 500ms
      -   waiting for element to be visible, enabled and stable
      -   element is visible, enabled and stable
      -   scrolling into view if needed
      -   done scrolling
      -   <mat-dialog-content _ngcontent-ccs-c174="" class="mat-dialog-content…>…</mat-dialog-content> from <div class="cdk-overlay-container">…</div> subtree intercepts pointer events
      - retrying click action, attempt #7
      -   waiting 500ms
      -   waiting for element to be visible, enabled and stable
      -   element is visible, enabled and stable
      -   scrolling into view if needed
      -   done scrolling
      -   <mat-dialog-content _ngcontent-ccs-c174="" class="mat-dialog-content…>…</mat-dialog-content> from <div class="cdk-overlay-container">…</div> subtree intercepts pointer events
      - retrying click action, attempt #8
      -   waiting 500ms
      -   waiting for element to be visible, enabled and stable
      -   element is visible, enabled and stable
      -   scrolling into view if needed
      -   done scrolling
      -   <mat-dialog-content _ngcontent-ccs-c174="" class="mat-dialog-content…>…</mat-dialog-content> from <div class="cdk-overlay-container">…</div> subtree intercepts pointer events
      - retrying click action, attempt #9
      -   waiting 500ms
      -   waiting for element to be visible, enabled and stable
      -   element is visible, enabled and stable
      -   scrolling into view if needed
      -   done scrolling
      -   <mat-dialog-container tabindex="-1" role="dialog" id="mat-dialog-0" ar…>…</mat-dialog-container> from <div class="cdk-overlay-container">…</div> subtree intercepts pointer events
      - retrying click action, attempt #10
      -   waiting 500ms
      -   waiting for element to be visible, enabled and stable
      -   element is visible, enabled and stable
      -   scrolling into view if needed
      -   done scrolling
      -   <mat-dialog-content _ngcontent-ccs-c174="" class="mat-dialog-content…>…</mat-dialog-content> from <div class="cdk-overlay-container">…</div> subtree intercepts pointer events
      - retrying click action, attempt #11
      -   waiting 500ms
      -   waiting for element to be visible, enabled and stable
      -   element is visible, enabled and stable
      -   scrolling into view if needed
      -   done scrolling
      -   <mat-dialog-content _ngcontent-ccs-c174="" class="mat-dialog-content…>…</mat-dialog-content> from <div class="cdk-overlay-container">…</div> subtree intercepts pointer events
      - retrying click action, attempt #12
      -   waiting 500ms
      -   waiting for element to be visible, enabled and stable
      -   element is visible, enabled and stable
      -   scrolling into view if needed
      -   done scrolling
      -   <mat-dialog-content _ngcontent-ccs-c174="" class="mat-dialog-content…>…</mat-dialog-content> from <div class="cdk-overlay-container">…</div> subtree intercepts pointer events
      - retrying click action, attempt #13
      -   waiting 500ms
      -   waiting for element to be visible, enabled and stable
      -   element is visible, enabled and stable
      -   scrolling into view if needed
      -   done scrolling
      -   <mat-dialog-container tabindex="-1" role="dialog" id="mat-dialog-0" ar…>…</mat-dialog-container> from <div class="cdk-overlay-container">…</div> subtree intercepts pointer events
      - retrying click action, attempt #14
      -   waiting 500ms
      -   waiting for element to be visible, enabled and stable
      -   element is visible, enabled and stable
      -   scrolling into view if needed
      -   done scrolling
      -   <mat-dialog-content _ngcontent-ccs-c174="" class="mat-dialog-content…>…</mat-dialog-content> from <div class="cdk-overlay-container">…</div> subtree intercepts pointer events
      - retrying click action, attempt #15
      -   waiting 500ms
      -   waiting for element to be visible, enabled and stable
      -   element is visible, enabled and stable
      -   scrolling into view if needed
      -   done scrolling
      -   <mat-dialog-content _ngcontent-ccs-c174="" class="mat-dialog-content…>…</mat-dialog-content> from <div class="cdk-overlay-container">…</div> subtree intercepts pointer events
      - retrying click action, attempt #16
      -   waiting 500ms
      -   waiting for element to be visible, enabled and stable
      -   element is visible, enabled and stable
      -   scrolling into view if needed
      -   done scrolling
      -   <mat-dialog-content _ngcontent-ccs-c174="" class="mat-dialog-content…>…</mat-dialog-content> from <div class="cdk-overlay-container">…</div> subtree intercepts pointer events
      - retrying click action, attempt #17
      -   waiting 500ms
      -   waiting for element to be visible, enabled and stable
      -   element is visible, enabled and stable
      -   scrolling into view if needed
      -   done scrolling
      -   <mat-dialog-container tabindex="-1" role="dialog" id="mat-dialog-0" ar…>…</mat-dialog-container> from <div class="cdk-overlay-container">…</div> subtree intercepts pointer events
      - retrying click action, attempt #18
      -   waiting 500ms
      -   waiting for element to be visible, enabled and stable
      -   element is visible, enabled and stable
      -   scrolling into view if needed
      -   done scrolling
      -   <mat-dialog-content _ngcontent-ccs-c174="" class="mat-dialog-content…>…</mat-dialog-content> from <div class="cdk-overlay-container">…</div> subtree intercepts pointer events
      - retrying click action, attempt #19
      -   waiting 500ms
      -   waiting for element to be visible, enabled and stable
      -   element is visible, enabled and stable
      -   scrolling into view if needed
      -   done scrolling
      -   <mat-dialog-content _ngcontent-ccs-c174="" class="mat-dialog-content…>…</mat-dialog-content> from <div class="cdk-overlay-container">…</div> subtree intercepts pointer events
      - retrying click action, attempt #20
      -   waiting 500ms
      -   waiting for element to be visible, enabled and stable
      -   element is visible, enabled and stable
      -   scrolling into view if needed
      -   done scrolling
      -   <mat-dialog-content _ngcontent-ccs-c174="" class="mat-dialog-content…>…</mat-dialog-content> from <div class="cdk-overlay-container">…</div> subtree intercepts pointer events
      - retrying click action, attempt #21
      -   waiting 500ms
      -   waiting for element to be visible, enabled and stable
      -   element is visible, enabled and stable
      -   scrolling into view if needed
      -   done scrolling
      -   <mat-dialog-container tabindex="-1" role="dialog" id="mat-dialog-0" ar…>…</mat-dialog-container> from <div class="cdk-overlay-container">…</div> subtree intercepts pointer events
      - retrying click action, attempt #22
      -   waiting 500ms
      -   waiting for element to be visible, enabled and stable
      -   element is visible, enabled and stable
      -   scrolling into view if needed
      -   done scrolling
      -   <mat-dialog-content _ngcontent-ccs-c174="" class="mat-dialog-content…>…</mat-dialog-content> from <div class="cdk-overlay-container">…</div> subtree intercepts pointer events
      - retrying click action, attempt #23
      -   waiting 500ms
      -   waiting for element to be visible, enabled and stable
      -   element is visible, enabled and stable
      -   scrolling into view if needed
      -   done scrolling
      -   <mat-dialog-content _ngcontent-ccs-c174="" class="mat-dialog-content…>…</mat-dialog-content> from <div class="cdk-overlay-container">…</div> subtree intercepts pointer events
      - retrying click action, attempt #24
      -   waiting 500ms
      -   waiting for element to be visible, enabled and stable
      -   element is visible, enabled and stable
      -   scrolling into view if needed
      -   done scrolling
      -   <mat-dialog-content _ngcontent-ccs-c174="" class="mat-dialog-content…>…</mat-dialog-content> from <div class="cdk-overlay-container">…</div> subtree intercepts pointer events
      - retrying click action, attempt #25
      -   waiting 500ms
      -   waiting for element to be visible, enabled and stable
      -   element is visible, enabled and stable
      -   scrolling into view if needed
      -   done scrolling
      -   <mat-dialog-container tabindex="-1" role="dialog" id="mat-dialog-0" ar…>…</mat-dialog-container> from <div class="cdk-overlay-container">…</div> subtree intercepts pointer events
      - retrying click action, attempt #26
      -   waiting 500ms
      -   waiting for element to be visible, enabled and stable
      -   element is visible, enabled and stable
      -   scrolling into view if needed
      -   done scrolling
      -   <mat-dialog-content _ngcontent-ccs-c174="" class="mat-dialog-content…>…</mat-dialog-content> from <div class="cdk-overlay-container">…</div> subtree intercepts pointer events
      - retrying click action, attempt #27
      -   waiting 500ms
      -   waiting for element to be visible, enabled and stable
      -   element is visible, enabled and stable
      -   scrolling into view if needed
      -   done scrolling
      -   <mat-dialog-content _ngcontent-ccs-c174="" class="mat-dialog-content…>…</mat-dialog-content> from <div class="cdk-overlay-container">…</div> subtree intercepts pointer events
      - retrying click action, attempt #28
      -   waiting 500ms
      -   waiting for element to be visible, enabled and stable
      -   element is visible, enabled and stable
      -   scrolling into view if needed
      -   done scrolling
      -   <mat-dialog-content _ngcontent-ccs-c174="" class="mat-dialog-content…>…</mat-dialog-content> from <div class="cdk-overlay-container">…</div> subtree intercepts pointer events
      - retrying click action, attempt #29
      -   waiting 500ms
      -   waiting for element to be visible, enabled and stable
      -   element is visible, enabled and stable
      -   scrolling into view if needed
      -   done scrolling
      -   <mat-dialog-container tabindex="-1" role="dialog" id="mat-dialog-0" ar…>…</mat-dialog-container> from <div class="cdk-overlay-container">…</div> subtree intercepts pointer events
      - retrying click action, attempt #30
      -   waiting 500ms
      -   waiting for element to be visible, enabled and stable
      -   element is visible, enabled and stable
      -   scrolling into view if needed
      -   done scrolling
      -   <mat-dialog-content _ngcontent-ccs-c174="" class="mat-dialog-content…>…</mat-dialog-content> from <div class="cdk-overlay-container">…</div> subtree intercepts pointer events
      - retrying click action, attempt #31
      -   waiting 500ms
      -   waiting for element to be visible, enabled and stable
      -   element is visible, enabled and stable
      -   scrolling into view if needed
      -   done scrolling
      -   <mat-dialog-content _ngcontent-ccs-c174="" class="mat-dialog-content…>…</mat-dialog-content> from <div class="cdk-overlay-container">…</div> subtree intercepts pointer events
      - retrying click action, attempt #32
      -   waiting 500ms
      -   waiting for element to be visible, enabled and stable
      -   element is visible, enabled and stable
      -   scrolling into view if needed
      -   done scrolling
      -   <mat-dialog-content _ngcontent-ccs-c174="" class="mat-dialog-content…>…</mat-dialog-content> from <div class="cdk-overlay-container">…</div> subtree intercepts pointer events
      - retrying click action, attempt #33
      -   waiting 500ms
      -   waiting for element to be visible, enabled and stable
      -   element is visible, enabled and stable
      -   scrolling into view if needed
      -   done scrolling
      -   <mat-dialog-container tabindex="-1" role="dialog" id="mat-dialog-0" ar…>…</mat-dialog-container> from <div class="cdk-overlay-container">…</div> subtree intercepts pointer events
      - retrying click action, attempt #34
      -   waiting 500ms
      -   waiting for element to be visible, enabled and stable
      -   element is visible, enabled and stable
      -   scrolling into view if needed
      -   done scrolling
      -   <mat-dialog-content _ngcontent-ccs-c174="" class="mat-dialog-content…>…</mat-dialog-content> from <div class="cdk-overlay-container">…</div> subtree intercepts pointer events
      - retrying click action, attempt #35
      -   waiting 500ms
      -   waiting for element to be visible, enabled and stable
      -   element is visible, enabled and stable
      -   scrolling into view if needed
      -   done scrolling
      -   <mat-dialog-content _ngcontent-ccs-c174="" class="mat-dialog-content…>…</mat-dialog-content> from <div class="cdk-overlay-container">…</div> subtree intercepts pointer events
      - retrying click action, attempt #36
      -   waiting 500ms
      -   waiting for element to be visible, enabled and stable
      -   element is visible, enabled and stable
      -   scrolling into view if needed
      -   done scrolling
      -   <mat-dialog-content _ngcontent-ccs-c174="" class="mat-dialog-content…>…</mat-dialog-content> from <div class="cdk-overlay-container">…</div> subtree intercepts pointer events
      - retrying click action, attempt #37
      -   waiting 500ms
      -   waiting for element to be visible, enabled and stable
      -   element is visible, enabled and stable
      -   scrolling into view if needed
      -   done scrolling
      -   <mat-dialog-container tabindex="-1" role="dialog" id="mat-dialog-0" ar…>…</mat-dialog-container> from <div class="cdk-overlay-container">…</div> subtree intercepts pointer events
      - retrying click action, attempt #38
      -   waiting 500ms
      -   waiting for element to be visible, enabled and stable
      -   element is visible, enabled and stable
      -   scrolling into view if needed
      -   done scrolling
      -   <mat-dialog-content _ngcontent-ccs-c174="" class="mat-dialog-content…>…</mat-dialog-content> from <div class="cdk-overlay-container">…</div> subtree intercepts pointer events
      - retrying click action, attempt #39
      -   waiting 500ms
      -   waiting for element to be visible, enabled and stable
      -   element is visible, enabled and stable
      -   scrolling into view if needed
      -   done scrolling
      -   <mat-dialog-content _ngcontent-ccs-c174="" class="mat-dialog-content…>…</mat-dialog-content> from <div class="cdk-overlay-container">…</div> subtree intercepts pointer events
      - retrying click action, attempt #40
      -   waiting 500ms
      -   waiting for element to be visible, enabled and stable
      -   element is visible, enabled and stable
      -   scrolling into view if needed
      -   done scrolling
      -   <mat-dialog-content _ngcontent-ccs-c174="" class="mat-dialog-content…>…</mat-dialog-content> from <div class="cdk-overlay-container">…</div> subtree intercepts pointer events
      - retrying click action, attempt #41
      -   waiting 500ms
      -   waiting for element to be visible, enabled and stable
      -   element is visible, enabled and stable
      -   scrolling into view if needed
      -   done scrolling
      -   <mat-dialog-container tabindex="-1" role="dialog" id="mat-dialog-0" ar…>…</mat-dialog-container> from <div class="cdk-overlay-container">…</div> subtree intercepts pointer events
      - retrying click action, attempt #42
      -   waiting 500ms
      -   waiting for element to be visible, enabled and stable
      -   element is visible, enabled and stable
      -   scrolling into view if needed
      -   done scrolling
      -   <mat-dialog-content _ngcontent-ccs-c174="" class="mat-dialog-content…>…</mat-dialog-content> from <div class="cdk-overlay-container">…</div> subtree intercepts pointer events
      - retrying click action, attempt #43
      -   waiting 500ms
      -   waiting for element to be visible, enabled and stable
      -   element is visible, enabled and stable
      -   scrolling into view if needed
      -   done scrolling
      -   <mat-dialog-content _ngcontent-ccs-c174="" class="mat-dialog-content…>…</mat-dialog-content> from <div class="cdk-overlay-container">…</div> subtree intercepts pointer events
      - retrying click action, attempt #44
      -   waiting 500ms
      -   waiting for element to be visible, enabled and stable
      -   element is visible, enabled and stable
      -   scrolling into view if needed
      -   done scrolling
      -   <mat-dialog-content _ngcontent-ccs-c174="" class="mat-dialog-content…>…</mat-dialog-content> from <div class="cdk-overlay-container">…</div> subtree intercepts pointer events
      - retrying click action, attempt #45
      -   waiting 500ms
      -   waiting for element to be visible, enabled and stable
      -   element is visible, enabled and stable
      -   scrolling into view if needed
      -   done scrolling
      -   <mat-dialog-container tabindex="-1" role="dialog" id="mat-dialog-0" ar…>…</mat-dialog-container> from <div class="cdk-overlay-container">…</div> subtree intercepts pointer events
      - retrying click action, attempt #46
      -   waiting 500ms
      -   waiting for element to be visible, enabled and stable
      -   element is visible, enabled and stable
      -   scrolling into view if needed
      -   done scrolling
      -   <mat-dialog-content _ngcontent-ccs-c174="" class="mat-dialog-content…>…</mat-dialog-content> from <div class="cdk-overlay-container">…</div> subtree intercepts pointer events
      - retrying click action, attempt #47
      -   waiting 500ms
      -   waiting for element to be visible, enabled and stable
      -   element is visible, enabled and stable
      -   scrolling into view if needed
      -   done scrolling
      -   <mat-dialog-content _ngcontent-ccs-c174="" class="mat-dialog-content…>…</mat-dialog-content> from <div class="cdk-overlay-container">…</div> subtree intercepts pointer events
      - retrying click action, attempt #48
      -   waiting 500ms
      -   waiting for element to be visible, enabled and stable
      -   element is visible, enabled and stable
      -   scrolling into view if needed
      -   done scrolling
      -   <mat-dialog-content _ngcontent-ccs-c174="" class="mat-dialog-content…>…</mat-dialog-content> from <div class="cdk-overlay-container">…</div> subtree intercepts pointer events
      - retrying click action, attempt #49
      -   waiting 500ms
      -   waiting for element to be visible, enabled and stable
      -   element is visible, enabled and stable
      -   scrolling into view if needed
      -   done scrolling
      -   <mat-dialog-container tabindex="-1" role="dialog" id="mat-dialog-0" ar…>…</mat-dialog-container> from <div class="cdk-overlay-container">…</div> subtree intercepts pointer events
      - retrying click action, attempt #50
      -   waiting 500ms
      -   waiting for element to be visible, enabled and stable
      -   element is visible, enabled and stable
      -   scrolling into view if needed
      -   done scrolling
      -   <mat-dialog-content _ngcontent-ccs-c174="" class="mat-dialog-content…>…</mat-dialog-content> from <div class="cdk-overlay-container">…</div> subtree intercepts pointer events
      - retrying click action, attempt #51
      -   waiting 500ms
      -   waiting for element to be visible, enabled and stable
      -   element is visible, enabled and stable
      -   scrolling into view if needed
      -   done scrolling
      -   <mat-dialog-content _ngcontent-ccs-c174="" class="mat-dialog-content…>…</mat-dialog-content> from <div class="cdk-overlay-container">…</div> subtree intercepts pointer events
      - retrying click action, attempt #52
      -   waiting 500ms
      -   waiting for element to be visible, enabled and stable
      -   element is visible, enabled and stable
      -   scrolling into view if needed
      -   done scrolling
      -   <mat-dialog-content _ngcontent-ccs-c174="" class="mat-dialog-content…>…</mat-dialog-content> from <div class="cdk-overlay-container">…</div> subtree intercepts pointer events
      - retrying click action, attempt #53
      -   waiting 500ms
      -   waiting for element to be visible, enabled and stable
      -   element is visible, enabled and stable
      -   scrolling into view if needed
      -   done scrolling
      -   <mat-dialog-container tabindex="-1" role="dialog" id="mat-dialog-0" ar…>…</mat-dialog-container> from <div class="cdk-overlay-container">…</div> subtree intercepts pointer events
      - retrying click action, attempt #54
      -   waiting 500ms
      -   waiting for element to be visible, enabled and stable
      -   element is visible, enabled and stable
      -   scrolling into view if needed
      -   done scrolling
      -   <mat-dialog-content _ngcontent-ccs-c174="" class="mat-dialog-content…>…</mat-dialog-content> from <div class="cdk-overlay-container">…</div> subtree intercepts pointer events
      - retrying click action, attempt #55
      -   waiting 500ms
      -   waiting for element to be visible, enabled and stable
      -   element is visible, enabled and stable
      -   scrolling into view if needed
      -   done scrolling
      -   <mat-dialog-content _ngcontent-ccs-c174="" class="mat-dialog-content…>…</mat-dialog-content> from <div class="cdk-overlay-container">…</div> subtree intercepts pointer events
      - retrying click action, attempt #56
      -   waiting 500ms
      -   waiting for element to be visible, enabled and stable
      -   element is visible, enabled and stable
      -   scrolling into view if needed
      -   done scrolling
      -   <mat-dialog-content _ngcontent-ccs-c174="" class="mat-dialog-content…>…</mat-dialog-content> from <div class="cdk-overlay-container">…</div> subtree intercepts pointer events
      - retrying click action, attempt #57
      -   waiting 500ms
      -   waiting for element to be visible, enabled and stable
      -   element is visible, enabled and stable
      -   scrolling into view if needed
      -   done scrolling
      -   <mat-dialog-container tabindex="-1" role="dialog" id="mat-dialog-0" ar…>…</mat-dialog-container> from <div class="cdk-overlay-container">…</div> subtree intercepts pointer events
      - retrying click action, attempt #58
      -   waiting 500ms
      -   waiting for element to be visible, enabled and stable
      -   element is visible, enabled and stable
      -   scrolling into view if needed
      -   done scrolling
      -   <mat-dialog-content _ngcontent-ccs-c174="" class="mat-dialog-content…>…</mat-dialog-content> from <div class="cdk-overlay-container">…</div> subtree intercepts pointer events
      - retrying click action, attempt #59
      -   waiting 500ms
      -   waiting for element to be visible, enabled and stable
      -   element is visible, enabled and stable
      -   scrolling into view if needed
      -   done scrolling
      -   <mat-dialog-content _ngcontent-ccs-c174="" class="mat-dialog-content…>…</mat-dialog-content> from <div class="cdk-overlay-container">…</div> subtree intercepts pointer events
      - retrying click action, attempt #60
      -   waiting 500ms
      -   waiting for element to be visible, enabled and stable
      -   element is visible, enabled and stable
      -   scrolling into view if needed
      -   done scrolling
      -   <mat-dialog-content _ngcontent-ccs-c174="" class="mat-dialog-content…>…</mat-dialog-content> from <div class="cdk-overlay-container">…</div> subtree intercepts pointer events
      - retrying click action, attempt #61
      -   waiting 500ms
      -   waiting for element to be visible, enabled and stable
      -   element is visible, enabled and stable
      -   scrolling into view if needed
      -   done scrolling
      -   <mat-dialog-container tabindex="-1" role="dialog" id="mat-dialog-0" ar…>…</mat-dialog-container> from <div class="cdk-overlay-container">…</div> subtree intercepts pointer events
      - retrying click action, attempt #62
      -   waiting 500ms
      -   waiting for element to be visible, enabled and stable
      -   element is visible, enabled and stable
      -   scrolling into view if needed
      -   done scrolling
      -   <mat-dialog-content _ngcontent-ccs-c174="" class="mat-dialog-content…>…</mat-dialog-content> from <div class="cdk-overlay-container">…</div> subtree intercepts pointer events
      - retrying click action, attempt #63
      -   waiting 500ms
      -   waiting for element to be visible, enabled and stable
      -   element is visible, enabled and stable
      -   scrolling into view if needed
      -   done scrolling
      -   <mat-dialog-content _ngcontent-ccs-c174="" class="mat-dialog-content…>…</mat-dialog-content> from <div class="cdk-overlay-container">…</div> subtree intercepts pointer events
      - retrying click action, attempt #64
      -   waiting 500ms
      -   waiting for element to be visible, enabled and stable
      -   element is visible, enabled and stable
      -   scrolling into view if needed
      -   done scrolling
      -   <mat-dialog-content _ngcontent-ccs-c174="" class="mat-dialog-content…>…</mat-dialog-content> from <div class="cdk-overlay-container">…</div> subtree intercepts pointer events
      - retrying click action, attempt #65
      -   waiting 500ms
      -   waiting for element to be visible, enabled and stable
      -   element is visible, enabled and stable
      -   scrolling into view if needed
      -   done scrolling
      -   <mat-dialog-container tabindex="-1" role="dialog" id="mat-dialog-0" ar…>…</mat-dialog-container> from <div class="cdk-overlay-container">…</div> subtree intercepts pointer events
      - retrying click action, attempt #66
      -   waiting 500ms
      -   waiting for element to be visible, enabled and stable
      -   element is visible, enabled and stable
      -   scrolling into view if needed
      -   done scrolling
      -   <mat-dialog-content _ngcontent-ccs-c174="" class="mat-dialog-content…>…</mat-dialog-content> from <div class="cdk-overlay-container">…</div> subtree intercepts pointer events
      - retrying click action, attempt #67
      -   waiting 500ms
      -   waiting for element to be visible, enabled and stable
      -   element is visible, enabled and stable
      -   scrolling into view if needed
      -   done scrolling
      -   <mat-dialog-content _ngcontent-ccs-c174="" class="mat-dialog-content…>…</mat-dialog-content> from <div class="cdk-overlay-container">…</div> subtree intercepts pointer events
      - retrying click action, attempt #68
      -   waiting 500ms
      -   waiting for element to be visible, enabled and stable
      -   element is visible, enabled and stable
      -   scrolling into view if needed
      -   done scrolling
      -   <mat-dialog-content _ngcontent-ccs-c174="" class="mat-dialog-content…>…</mat-dialog-content> from <div class="cdk-overlay-container">…</div> subtree intercepts pointer events
      - retrying click action, attempt #69
      -   waiting 500ms
      -   waiting for element to be visible, enabled and stable
      -   element is visible, enabled and stable
      -   scrolling into view if needed
      -   done scrolling
      -   <mat-dialog-container tabindex="-1" role="dialog" id="mat-dialog-0" ar…>…</mat-dialog-container> from <div class="cdk-overlay-container">…</div> subtree intercepts pointer events
      - retrying click action, attempt #70
      -   waiting 500ms
      -   waiting for element to be visible, enabled and stable
      -   element is visible, enabled and stable
      -   scrolling into view if needed
      -   done scrolling
      -   <mat-dialog-content _ngcontent-ccs-c174="" class="mat-dialog-content…>…</mat-dialog-content> from <div class="cdk-overlay-container">…</div> subtree intercepts pointer events
      - retrying click action, attempt #71
      -   waiting 500ms
      -   waiting for element to be visible, enabled and stable
      -   element is visible, enabled and stable
      -   scrolling into view if needed
      -   done scrolling
      -   <mat-dialog-content _ngcontent-ccs-c174="" class="mat-dialog-content…>…</mat-dialog-content> from <div class="cdk-overlay-container">…</div> subtree intercepts pointer events
      - retrying click action, attempt #72
      -   waiting 500ms
      -   waiting for element to be visible, enabled and stable
      -   element is visible, enabled and stable
      -   scrolling into view if needed
      -   done scrolling
      -   <mat-dialog-content _ngcontent-ccs-c174="" class="mat-dialog-content…>…</mat-dialog-content> from <div class="cdk-overlay-container">…</div> subtree intercepts pointer events
      - retrying click action, attempt #73
      -   waiting 500ms
      -   waiting for element to be visible, enabled and stable
      -   element is visible, enabled and stable
      -   scrolling into view if needed
      -   done scrolling
      -   <mat-dialog-container tabindex="-1" role="dialog" id="mat-dialog-0" ar…>…</mat-dialog-container> from <div class="cdk-overlay-container">…</div> subtree intercepts pointer events
      - retrying click action, attempt #74
      -   waiting 500ms
      -   waiting for element to be visible, enabled and stable
      -   element is visible, enabled and stable
      -   scrolling into view if needed
      -   done scrolling
      -   <mat-dialog-content _ngcontent-ccs-c174="" class="mat-dialog-content…>…</mat-dialog-content> from <div class="cdk-overlay-container">…</div> subtree intercepts pointer events
      - retrying click action, attempt #75
      -   waiting 500ms
      -   waiting for element to be visible, enabled and stable
      -   element is visible, enabled and stable
      -   scrolling into view if needed
      -   done scrolling
      -   <mat-dialog-content _ngcontent-ccs-c174="" class="mat-dialog-content…>…</mat-dialog-content> from <div class="cdk-overlay-container">…</div> subtree intercepts pointer events
      - retrying click action, attempt #76
      -   waiting 500ms
      -   waiting for element to be visible, enabled and stable
      -   element is visible, enabled and stable
      -   scrolling into view if needed
      -   done scrolling
      -   <mat-dialog-content _ngcontent-ccs-c174="" class="mat-dialog-content…>…</mat-dialog-content> from <div class="cdk-overlay-container">…</div> subtree intercepts pointer events
      - retrying click action, attempt #77
      -   waiting 500ms
      -   waiting for element to be visible, enabled and stable
      -   element is visible, enabled and stable
      -   scrolling into view if needed
      -   done scrolling
      -   <mat-dialog-container tabindex="-1" role="dialog" id="mat-dialog-0" ar…>…</mat-dialog-container> from <div class="cdk-overlay-container">…</div> subtree intercepts pointer events
      - retrying click action, attempt #78
      -   waiting 500ms
      -   waiting for element to be visible, enabled and stable
      -   element is visible, enabled and stable
      -   scrolling into view if needed
      -   done scrolling
      -   <mat-dialog-content _ngcontent-ccs-c174="" class="mat-dialog-content…>…</mat-dialog-content> from <div class="cdk-overlay-container">…</div> subtree intercepts pointer events
      - retrying click action, attempt #79
      -   waiting 500ms
      -   waiting for element to be visible, enabled and stable
      -   element is visible, enabled and stable
      -   scrolling into view if needed
      -   done scrolling
      -   <mat-dialog-content _ngcontent-ccs-c174="" class="mat-dialog-content…>…</mat-dialog-content> from <div class="cdk-overlay-container">…</div> subtree intercepts pointer events
      - retrying click action, attempt #80
      -   waiting 500ms
      -   waiting for element to be visible, enabled and stable
      -   element is visible, enabled and stable
      -   scrolling into view if needed
      -   done scrolling
      -   <mat-dialog-content _ngcontent-ccs-c174="" class="mat-dialog-content…>…</mat-dialog-content> from <div class="cdk-overlay-container">…</div> subtree intercepts pointer events
      - retrying click action, attempt #81
      -   waiting 500ms
      -   waiting for element to be visible, enabled and stable
      -   element is visible, enabled and stable
      -   scrolling into view if needed
      -   done scrolling
      -   <mat-dialog-container tabindex="-1" role="dialog" id="mat-dialog-0" ar…>…</mat-dialog-container> from <div class="cdk-overlay-container">…</div> subtree intercepts pointer events
      - retrying click action, attempt #82
      -   waiting 500ms
      -   waiting for element to be visible, enabled and stable
      -   element is visible, enabled and stable
      -   scrolling into view if needed
      -   done scrolling
      -   <mat-dialog-content _ngcontent-ccs-c174="" class="mat-dialog-content…>…</mat-dialog-content> from <div class="cdk-overlay-container">…</div> subtree intercepts pointer events
      - retrying click action, attempt #83
      -   waiting 500ms
      -   waiting for element to be visible, enabled and stable
      -   element is visible, enabled and stable
      -   scrolling into view if needed
      -   done scrolling
      -   <mat-dialog-content _ngcontent-ccs-c174="" class="mat-dialog-content…>…</mat-dialog-content> from <div class="cdk-overlay-container">…</div> subtree intercepts pointer events
      - retrying click action, attempt #84
      -   waiting 500ms
      -   waiting for element to be visible, enabled and stable
      -   element is visible, enabled and stable
      -   scrolling into view if needed
      -   done scrolling
      -   <mat-dialog-content _ngcontent-ccs-c174="" class="mat-dialog-content…>…</mat-dialog-content> from <div class="cdk-overlay-container">…</div> subtree intercepts pointer events
      - retrying click action, attempt #85
      -   waiting 500ms
      -   waiting for element to be visible, enabled and stable
      -   element is visible, enabled and stable
      -   scrolling into view if needed
      -   done scrolling
      -   <mat-dialog-container tabindex="-1" role="dialog" id="mat-dialog-0" ar…>…</mat-dialog-container> from <div class="cdk-overlay-container">…</div> subtree intercepts pointer events
      - retrying click action, attempt #86
      -   waiting 500ms
      -   waiting for element to be visible, enabled and stable
      -   element is visible, enabled and stable
      -   scrolling into view if needed
      -   done scrolling
      -   <mat-dialog-content _ngcontent-ccs-c174="" class="mat-dialog-content…>…</mat-dialog-content> from <div class="cdk-overlay-container">…</div> subtree intercepts pointer events
      - retrying click action, attempt #87
      -   waiting 500ms
      -   waiting for element to be visible, enabled and stable
      -   element is visible, enabled and stable
      -   scrolling into view if needed
      -   done scrolling
      -   <mat-dialog-content _ngcontent-ccs-c174="" class="mat-dialog-content…>…</mat-dialog-content> from <div class="cdk-overlay-container">…</div> subtree intercepts pointer events
      - retrying click action, attempt #88
      -   waiting 500ms
      -   waiting for element to be visible, enabled and stable
      -   element is visible, enabled and stable
      -   scrolling into view if needed
      -   done scrolling
      -   <mat-dialog-content _ngcontent-ccs-c174="" class="mat-dialog-content…>…</mat-dialog-content> from <div class="cdk-overlay-container">…</div> subtree intercepts pointer events
      - retrying click action, attempt #89
      -   waiting 500ms
      -   waiting for element to be visible, enabled and stable
      -   element is visible, enabled and stable
      -   scrolling into view if needed
      -   done scrolling
      -   <mat-dialog-container tabindex="-1" role="dialog" id="mat-dialog-0" ar…>…</mat-dialog-container> from <div class="cdk-overlay-container">…</div> subtree intercepts pointer events
      - retrying click action, attempt #90
      -   waiting 500ms
      -   waiting for element to be visible, enabled and stable
      -   element is visible, enabled and stable
      -   scrolling into view if needed
      -   done scrolling
      -   <mat-dialog-content _ngcontent-ccs-c174="" class="mat-dialog-content…>…</mat-dialog-content> from <div class="cdk-overlay-container">…</div> subtree intercepts pointer events
      - retrying click action, attempt #91
      -   waiting 500ms
      -   waiting for element to be visible, enabled and stable
      -   element is visible, enabled and stable
      -   scrolling into view if needed
      -   done scrolling
      -   <mat-dialog-content _ngcontent-ccs-c174="" class="mat-dialog-content…>…</mat-dialog-content> from <div class="cdk-overlay-container">…</div> subtree intercepts pointer events
      - retrying click action, attempt #92
      -   waiting 500ms
      -   waiting for element to be visible, enabled and stable
      -   element is visible, enabled and stable
      -   scrolling into view if needed
      -   done scrolling
      -   <mat-dialog-content _ngcontent-ccs-c174="" class="mat-dialog-content…>…</mat-dialog-content> from <div class="cdk-overlay-container">…</div> subtree intercepts pointer events
      - retrying click action, attempt #93
      -   waiting 500ms
      -   waiting for element to be visible, enabled and stable
      -   element is visible, enabled and stable
      -   scrolling into view if needed
      -   done scrolling
      -   <mat-dialog-container tabindex="-1" role="dialog" id="mat-dialog-0" ar…>…</mat-dialog-container> from <div class="cdk-overlay-container">…</div> subtree intercepts pointer events
      - retrying click action, attempt #94
      -   waiting 500ms
      -   waiting for element to be visible, enabled and stable
      -   element is visible, enabled and stable
      -   scrolling into view if needed
      -   done scrolling
      -   <mat-dialog-content _ngcontent-ccs-c174="" class="mat-dialog-content…>…</mat-dialog-content> from <div class="cdk-overlay-container">…</div> subtree intercepts pointer events
      - retrying click action, attempt #95
      -   waiting 500ms
      -   waiting for element to be visible, enabled and stable
      -   element is visible, enabled and stable
      -   scrolling into view if needed
      -   done scrolling
      -   <mat-dialog-content _ngcontent-ccs-c174="" class="mat-dialog-content…>…</mat-dialog-content> from <div class="cdk-overlay-container">…</div> subtree intercepts pointer events
      - retrying click action, attempt #96
      -   waiting 500ms
      -   waiting for element to be visible, enabled and stable
      -   element is visible, enabled and stable
      -   scrolling into view if needed
      -   done scrolling
      -   <mat-dialog-content _ngcontent-ccs-c174="" class="mat-dialog-content…>…</mat-dialog-content> from <div class="cdk-overlay-container">…</div> subtree intercepts pointer events
      - retrying click action, attempt #97
      -   waiting 500ms
      -   waiting for element to be visible, enabled and stable
      -   element is visible, enabled and stable
      -   scrolling into view if needed
      -   done scrolling
      -   <mat-dialog-container tabindex="-1" role="dialog" id="mat-dialog-0" ar…>…</mat-dialog-container> from <div class="cdk-overlay-container">…</div> subtree intercepts pointer events
      - retrying click action, attempt #98
      -   waiting 500ms
      -   waiting for element to be visible, enabled and stable
      -   element is visible, enabled and stable
      -   scrolling into view if needed
      -   done scrolling
      -   <mat-dialog-content _ngcontent-ccs-c174="" class="mat-dialog-content…>…</mat-dialog-content> from <div class="cdk-overlay-container">…</div> subtree intercepts pointer events
      - retrying click action, attempt #99
      -   waiting 500ms
      -   waiting for element to be visible, enabled and stable
      -   element is visible, enabled and stable
      -   scrolling into view if needed
      -   done scrolling
      -   <mat-dialog-content _ngcontent-ccs-c174="" class="mat-dialog-content…>…</mat-dialog-content> from <div class="cdk-overlay-container">…</div> subtree intercepts pointer events
      - retrying click action, attempt #100
      -   waiting 500ms
      -   waiting for element to be visible, enabled and stable
      -   element is visible, enabled and stable
      -   scrolling into view if needed
      -   done scrolling
      -   <mat-dialog-content _ngcontent-ccs-c174="" class="mat-dialog-content…>…</mat-dialog-content> from <div class="cdk-overlay-container">…</div> subtree intercepts pointer events
      - retrying click action, attempt #101
      -   waiting 500ms
      -   waiting for element to be visible, enabled and stable
      -   element is visible, enabled and stable
      -   scrolling into view if needed
      -   done scrolling
      -   <mat-dialog-container tabindex="-1" role="dialog" id="mat-dialog-0" ar…>…</mat-dialog-container> from <div class="cdk-overlay-container">…</div> subtree intercepts pointer events
      - retrying click action, attempt #102
      -   waiting 500ms
      -   waiting for element to be visible, enabled and stable
      -   element is visible, enabled and stable
      -   scrolling into view if needed
      -   done scrolling
      -   <mat-dialog-content _ngcontent-ccs-c174="" class="mat-dialog-content…>…</mat-dialog-content> from <div class="cdk-overlay-container">…</div> subtree intercepts pointer events
      - retrying click action, attempt #103
      -   waiting 500ms
      -   waiting for element to be visible, enabled and stable
      -   element is visible, enabled and stable
      -   scrolling into view if needed
      -   done scrolling
      -   <mat-dialog-content _ngcontent-ccs-c174="" class="mat-dialog-content…>…</mat-dialog-content> from <div class="cdk-overlay-container">…</div> subtree intercepts pointer events
      - retrying click action, attempt #104
      -   waiting 500ms
      -   waiting for element to be visible, enabled and stable
      -   element is visible, enabled and stable
      -   scrolling into view if needed
      -   done scrolling
      -   <mat-dialog-content _ngcontent-ccs-c174="" class="mat-dialog-content…>…</mat-dialog-content> from <div class="cdk-overlay-container">…</div> subtree intercepts pointer events
      - retrying click action, attempt #105
      -   waiting 500ms
      -   waiting for element to be visible, enabled and stable
      -   element is visible, enabled and stable
      -   scrolling into view if needed
      -   done scrolling
      -   <mat-dialog-container tabindex="-1" role="dialog" id="mat-dialog-0" ar…>…</mat-dialog-container> from <div class="cdk-overlay-container">…</div> subtree intercepts pointer events
      - retrying click action, attempt #106
      -   waiting 500ms
      -   waiting for element to be visible, enabled and stable
      -   element is visible, enabled and stable
      -   scrolling into view if needed
      -   done scrolling
      -   <mat-dialog-content _ngcontent-ccs-c174="" class="mat-dialog-content…>…</mat-dialog-content> from <div class="cdk-overlay-container">…</div> subtree intercepts pointer events
      - retrying click action, attempt #107
      -   waiting 500ms
      -   waiting for element to be visible, enabled and stable
      -   element is visible, enabled and stable
      -   scrolling into view if needed
      -   done scrolling
      -   <mat-dialog-content _ngcontent-ccs-c174="" class="mat-dialog-content…>…</mat-dialog-content> from <div class="cdk-overlay-container">…</div> subtree intercepts pointer events
      - retrying click action, attempt #108
      -   waiting 500ms
      -   waiting for element to be visible, enabled and stable
      -   element is visible, enabled and stable
      -   scrolling into view if needed
      -   done scrolling
      -   <mat-dialog-content _ngcontent-ccs-c174="" class="mat-dialog-content…>…</mat-dialog-content> from <div class="cdk-overlay-container">…</div> subtree intercepts pointer events
      - retrying click action, attempt #109
      -   waiting 500ms
      -   waiting for element to be visible, enabled and stable
      -   element is visible, enabled and stable
      -   scrolling into view if needed
      -   done scrolling
      -   <mat-dialog-container tabindex="-1" role="dialog" id="mat-dialog-0" ar…>…</mat-dialog-container> from <div class="cdk-overlay-container">…</div> subtree intercepts pointer events
      - retrying click action, attempt #110
      -   waiting 500ms
      -   waiting for element to be visible, enabled and stable
      -   element is visible, enabled and stable
      -   scrolling into view if needed
      -   done scrolling
      -   <mat-dialog-content _ngcontent-ccs-c174="" class="mat-dialog-content…>…</mat-dialog-content> from <div class="cdk-overlay-container">…</div> subtree intercepts pointer events
      - retrying click action, attempt #111
      -   waiting 500ms
      -   waiting for element to be visible, enabled and stable
      -   element is visible, enabled and stable
      -   scrolling into view if needed
      -   done scrolling
      -   <mat-dialog-content _ngcontent-ccs-c174="" class="mat-dialog-content…>…</mat-dialog-content> from <div class="cdk-overlay-container">…</div> subtree intercepts pointer events
      - retrying click action, attempt #112
      -   waiting 500ms
      -   waiting for element to be visible, enabled and stable
      -   element is visible, enabled and stable
      -   scrolling into view if needed
      -   done scrolling
      -   <mat-dialog-content _ngcontent-ccs-c174="" class="mat-dialog-content…>…</mat-dialog-content> from <div class="cdk-overlay-container">…</div> subtree intercepts pointer events
      - retrying click action, attempt #113
      -   waiting 500ms
      -   waiting for element to be visible, enabled and stable
      -   element is visible, enabled and stable
      -   scrolling into view if needed
      -   done scrolling
      -   <mat-dialog-container tabindex="-1" role="dialog" id="mat-dialog-0" ar…>…</mat-dialog-container> from <div class="cdk-overlay-container">…</div> subtree intercepts pointer events
      - retrying click action, attempt #114
      -   waiting 500ms
      -   waiting for element to be visible, enabled and stable
      -   element is visible, enabled and stable
      -   scrolling into view if needed
      -   done scrolling
      -   <mat-dialog-content _ngcontent-ccs-c174="" class="mat-dialog-content…>…</mat-dialog-content> from <div class="cdk-overlay-container">…</div> subtree intercepts pointer events
      - retrying click action, attempt #115
      -   waiting 500ms
      -   waiting for element to be visible, enabled and stable
      -   element is visible, enabled and stable
      -   scrolling into view if needed
      -   done scrolling
      -   <mat-dialog-content _ngcontent-ccs-c174="" class="mat-dialog-content…>…</mat-dialog-content> from <div class="cdk-overlay-container">…</div> subtree intercepts pointer events
      - retrying click action, attempt #116
      -   waiting 500ms
      -   waiting for element to be visible, enabled and stable
      -   element is visible, enabled and stable
      -   scrolling into view if needed
      -   done scrolling
      -   <mat-dialog-content _ngcontent-ccs-c174="" class="mat-dialog-content…>…</mat-dialog-content> from <div class="cdk-overlay-container">…</div> subtree intercepts pointer events
      - retrying click action, attempt #117
      -   waiting 500ms
      -   waiting for element to be visible, enabled and stable
      -   element is visible, enabled and stable
      -   scrolling into view if needed
      -   done scrolling
      -   <mat-dialog-container tabindex="-1" role="dialog" id="mat-dialog-0" ar…>…</mat-dialog-container> from <div class="cdk-overlay-container">…</div> subtree intercepts pointer events
      - retrying click action, attempt #118
      -   waiting 500ms
      -   waiting for element to be visible, enabled and stable
      -   element is visible, enabled and stable
      -   scrolling into view if needed
      -   done scrolling
      -   <mat-dialog-content _ngcontent-ccs-c174="" class="mat-dialog-content…>…</mat-dialog-content> from <div class="cdk-overlay-container">…</div> subtree intercepts pointer events
      - retrying click action, attempt #119
      -   waiting 500ms
      -   waiting for element to be visible, enabled and stable
      -   element is visible, enabled and stable
      -   scrolling into view if needed
      -   done scrolling
      -   <mat-dialog-content _ngcontent-ccs-c174="" class="mat-dialog-content…>…</mat-dialog-content> from <div class="cdk-overlay-container">…</div> subtree intercepts pointer events
      - retrying click action, attempt #120
      -   waiting 500ms
      -   waiting for element to be visible, enabled and stable
      -   element is visible, enabled and stable
      -   scrolling into view if needed
      -   done scrolling
      -   <mat-dialog-content _ngcontent-ccs-c174="" class="mat-dialog-content…>…</mat-dialog-content> from <div class="cdk-overlay-container">…</div> subtree intercepts pointer events
      - retrying click action, attempt #121
      -   waiting 500ms
      -   waiting for element to be visible, enabled and stable
      -   element is visible, enabled and stable
      -   scrolling into view if needed
      -   done scrolling
      -   <mat-dialog-container tabindex="-1" role="dialog" id="mat-dialog-0" ar…>…</mat-dialog-container> from <div class="cdk-overlay-container">…</div> subtree intercepts pointer events
      - retrying click action, attempt #122
      -   waiting 500ms
      -   waiting for element to be visible, enabled and stable
      -   element is visible, enabled and stable
      -   scrolling into view if needed
      -   done scrolling
      -   <mat-dialog-content _ngcontent-ccs-c174="" class="mat-dialog-content…>…</mat-dialog-content> from <div class="cdk-overlay-container">…</div> subtree intercepts pointer events
      - retrying click action, attempt #123
      -   waiting 500ms
      -   waiting for element to be visible, enabled and stable
      -   element is visible, enabled and stable
      -   scrolling into view if needed
      -   done scrolling
      -   <mat-dialog-content _ngcontent-ccs-c174="" class="mat-dialog-content…>…</mat-dialog-content> from <div class="cdk-overlay-container">…</div> subtree intercepts pointer events
      - retrying click action, attempt #124
      -   waiting 500ms
      -   waiting for element to be visible, enabled and stable
      -   element is visible, enabled and stable
      -   scrolling into view if needed
      -   done scrolling
      -   <mat-dialog-content _ngcontent-ccs-c174="" class="mat-dialog-content…>…</mat-dialog-content> from <div class="cdk-overlay-container">…</div> subtree intercepts pointer events
      - retrying click action, attempt #125
      -   waiting 500ms
      -   waiting for element to be visible, enabled and stable
      -   element is visible, enabled and stable
      -   scrolling into view if needed
      -   done scrolling
      -   <mat-dialog-container tabindex="-1" role="dialog" id="mat-dialog-0" ar…>…</mat-dialog-container> from <div class="cdk-overlay-container">…</div> subtree intercepts pointer events
      - retrying click action, attempt #126
      -   waiting 500ms
      -   waiting for element to be visible, enabled and stable
      -   element is visible, enabled and stable
      -   scrolling into view if needed
      -   done scrolling
      -   <mat-dialog-content _ngcontent-ccs-c174="" class="mat-dialog-content…>…</mat-dialog-content> from <div class="cdk-overlay-container">…</div> subtree intercepts pointer events
      - retrying click action, attempt #127
      -   waiting 500ms
      -   waiting for element to be visible, enabled and stable
      -   element is visible, enabled and stable
      -   scrolling into view if needed
      -   done scrolling
      -   <mat-dialog-content _ngcontent-ccs-c174="" class="mat-dialog-content…>…</mat-dialog-content> from <div class="cdk-overlay-container">…</div> subtree intercepts pointer events
      - retrying click action, attempt #128
      -   waiting 500ms
      -   waiting for element to be visible, enabled and stable
      -   element is visible, enabled and stable
      -   scrolling into view if needed
      -   done scrolling
      -   <mat-dialog-content _ngcontent-ccs-c174="" class="mat-dialog-content…>…</mat-dialog-content> from <div class="cdk-overlay-container">…</div> subtree intercepts pointer events
      - retrying click action, attempt #129
      -   waiting 500ms
      -   waiting for element to be visible, enabled and stable
      -   element is visible, enabled and stable
      -   scrolling into view if needed
      -   done scrolling
      -   <mat-dialog-container tabindex="-1" role="dialog" id="mat-dialog-0" ar…>…</mat-dialog-container> from <div class="cdk-overlay-container">…</div> subtree intercepts pointer events
      - retrying click action, attempt #130
      -   waiting 500ms
      -   waiting for element to be visible, enabled and stable
      -   element is visible, enabled and stable
      -   scrolling into view if needed
      -   done scrolling
      -   <mat-dialog-content _ngcontent-ccs-c174="" class="mat-dialog-content…>…</mat-dialog-content> from <div class="cdk-overlay-container">…</div> subtree intercepts pointer events
      - retrying click action, attempt #131
      -   waiting 500ms
      -   waiting for element to be visible, enabled and stable
      -   element is visible, enabled and stable
      -   scrolling into view if needed
      -   done scrolling
      -   <mat-dialog-content _ngcontent-ccs-c174="" class="mat-dialog-content…>…</mat-dialog-content> from <div class="cdk-overlay-container">…</div> subtree intercepts pointer events
      - retrying click action, attempt #132
      -   waiting 500ms
      -   waiting for element to be visible, enabled and stable
      -   element is visible, enabled and stable
      -   scrolling into view if needed
      -   done scrolling
      -   <mat-dialog-content _ngcontent-ccs-c174="" class="mat-dialog-content…>…</mat-dialog-content> from <div class="cdk-overlay-container">…</div> subtree intercepts pointer events
      - retrying click action, attempt #133
      -   waiting 500ms
      -   waiting for element to be visible, enabled and stable
      -   element is visible, enabled and stable
      -   scrolling into view if needed
      -   done scrolling
      -   <mat-dialog-container tabindex="-1" role="dialog" id="mat-dialog-0" ar…>…</mat-dialog-container> from <div class="cdk-overlay-container">…</div> subtree intercepts pointer events
      - retrying click action, attempt #134
      -   waiting 500ms
      -   waiting for element to be visible, enabled and stable
      -   element is visible, enabled and stable
      -   scrolling into view if needed
      -   done scrolling
      -   <mat-dialog-content _ngcontent-ccs-c174="" class="mat-dialog-content…>…</mat-dialog-content> from <div class="cdk-overlay-container">…</div> subtree intercepts pointer events
      - retrying click action, attempt #135
      -   waiting 500ms
      -   waiting for element to be visible, enabled and stable
      -   element is visible, enabled and stable
      -   scrolling into view if needed
      -   done scrolling
      -   <mat-dialog-content _ngcontent-ccs-c174="" class="mat-dialog-content…>…</mat-dialog-content> from <div class="cdk-overlay-container">…</div> subtree intercepts pointer events
      - retrying click action, attempt #136
      -   waiting 500ms
      -   waiting for element to be visible, enabled and stable
      -   element is visible, enabled and stable
      -   scrolling into view if needed
      -   done scrolling
      -   <mat-dialog-content _ngcontent-ccs-c174="" class="mat-dialog-content…>…</mat-dialog-content> from <div class="cdk-overlay-container">…</div> subtree intercepts pointer events
      - retrying click action, attempt #137
      -   waiting 500ms
      -   waiting for element to be visible, enabled and stable
      -   element is visible, enabled and stable
      -   scrolling into view if needed
      -   done scrolling
      -   <mat-dialog-container tabindex="-1" role="dialog" id="mat-dialog-0" ar…>…</mat-dialog-container> from <div class="cdk-overlay-container">…</div> subtree intercepts pointer events
      - retrying click action, attempt #138
      -   waiting 500ms
      -   waiting for element to be visible, enabled and stable
      -   element is visible, enabled and stable
      -   scrolling into view if needed
      -   done scrolling
      -   <mat-dialog-content _ngcontent-ccs-c174="" class="mat-dialog-content…>…</mat-dialog-content> from <div class="cdk-overlay-container">…</div> subtree intercepts pointer events
      - retrying click action, attempt #139
      -   waiting 500ms
      -   waiting for element to be visible, enabled and stable
      -   element is visible, enabled and stable
      -   scrolling into view if needed
      -   done scrolling
      -   <mat-dialog-content _ngcontent-ccs-c174="" class="mat-dialog-content…>…</mat-dialog-content> from <div class="cdk-overlay-container">…</div> subtree intercepts pointer events
      - retrying click action, attempt #140
      -   waiting 500ms
      -   waiting for element to be visible, enabled and stable
      -   element is visible, enabled and stable
      -   scrolling into view if needed
      -   done scrolling
      -   <mat-dialog-content _ngcontent-ccs-c174="" class="mat-dialog-content…>…</mat-dialog-content> from <div class="cdk-overlay-container">…</div> subtree intercepts pointer events
      - retrying click action, attempt #141
      -   waiting 500ms
      -   waiting for element to be visible, enabled and stable
      -   element is visible, enabled and stable
      -   scrolling into view if needed
      -   done scrolling
      -   <mat-dialog-container tabindex="-1" role="dialog" id="mat-dialog-0" ar…>…</mat-dialog-container> from <div class="cdk-overlay-container">…</div> subtree intercepts pointer events
      - retrying click action, attempt #142
      -   waiting 500ms
      -   waiting for element to be visible, enabled and stable
      -   element is visible, enabled and stable
      -   scrolling into view if needed
      -   done scrolling
      -   <mat-dialog-content _ngcontent-ccs-c174="" class="mat-dialog-content…>…</mat-dialog-content> from <div class="cdk-overlay-container">…</div> subtree intercepts pointer events
      - retrying click action, attempt #143
      -   waiting 500ms
      -   waiting for element to be visible, enabled and stable
      -   element is visible, enabled and stable
      -   scrolling into view if needed
      -   done scrolling
      -   <mat-dialog-content _ngcontent-ccs-c174="" class="mat-dialog-content…>…</mat-dialog-content> from <div class="cdk-overlay-container">…</div> subtree intercepts pointer events
      - retrying click action, attempt #144
      -   waiting 500ms
      -   waiting for element to be visible, enabled and stable
      -   element is visible, enabled and stable
[...]
      -   waiting for element to be visible, enabled and stable
      -   element is visible, enabled and stable
      -   scrolling into view if needed
      -   done scrolling
      -   <mat-dialog-container tabindex="-1" role="dialog" id="mat-dialog-0" ar…>…</mat-dialog-container> from <div class="cdk-overlay-container">…</div> subtree intercepts pointer events
      - retrying click action, attempt #494
      -   waiting 500ms
      -   waiting for element to be visible, enabled and stable
      -   element is visible, enabled and stable
      -   scrolling into view if needed
      -   done scrolling
      -   <mat-dialog-content _ngcontent-ccs-c174="" class="mat-dialog-content…>…</mat-dialog-content> from <div class="cdk-overlay-container">…</div> subtree intercepts pointer events
      - retrying click action, attempt #495
      -   waiting 500ms
      -   waiting for element to be visible, enabled and stable
      -   element is visible, enabled and stable
      -   scrolling into view if needed
      -   done scrolling
      -   <mat-dialog-content _ngcontent-ccs-c174="" class="mat-dialog-content…>…</mat-dialog-content> from <div class="cdk-overlay-container">…</div> subtree intercepts pointer events
      - retrying click action, attempt #496
      -   waiting 500ms
      -   waiting for element to be visible, enabled and stable
      -   element is visible, enabled and stable
      -   scrolling into view if needed
      -   done scrolling
      -   <mat-dialog-content _ngcontent-ccs-c174="" class="mat-dialog-content…>…</mat-dialog-content> from <div class="cdk-overlay-container">…</div> subtree intercepts pointer events
      - retrying click action, attempt #497
      -   waiting 500ms
      -   waiting for element to be visible, enabled and stable
      -   element is visible, enabled and stable
      -   scrolling into view if needed
      -   done scrolling
      -   <mat-dialog-container tabindex="-1" role="dialog" id="mat-dialog-0" ar…>…</mat-dialog-container> from <div class="cdk-overlay-container">…</div> subtree intercepts pointer events
      - retrying click action, attempt #498
      -   waiting 500ms
      -   waiting for element to be visible, enabled and stable
      -   element is visible, enabled and stable
      -   scrolling into view if needed
      -   done scrolling
      -   <mat-dialog-content _ngcontent-ccs-c174="" class="mat-dialog-content…>…</mat-dialog-content> from <div class="cdk-overlay-container">…</div> subtree intercepts pointer events
      - retrying click action, attempt #499
      -   waiting 500ms
      -   waiting for element to be visible, enabled and stable
      -   element is visible, enabled and stable
      -   scrolling into view if needed
      -   done scrolling
      -   <mat-dialog-content _ngcontent-ccs-c174="" class="mat-dialog-content…>…</mat-dialog-content> from <div class="cdk-overlay-container">…</div> subtree intercepts pointer events
      - retrying click action, attempt #500
      -   waiting 500ms
      -   waiting for element to be visible, enabled and stable
      -   element is visible, enabled and stable
      -   scrolling into view if needed
      -   done scrolling
      -   <mat-dialog-content _ngcontent-ccs-c174="" class="mat-dialog-content…>…</mat-dialog-content> from <div class="cdk-overlay-container">…</div> subtree intercepts pointer events
      - retrying click action, attempt #501
      -   waiting 500ms
      -   waiting for element to be visible, enabled and stable
      -   element is visible, enabled and stable
      -   scrolling into view if needed
      -   done scrolling
      -   <mat-dialog-container tabindex="-1" role="dialog" id="mat-dialog-0" ar…>…</mat-dialog-container> from <div class="cdk-overlay-container">…</div> subtree intercepts pointer events
      - retrying click action, attempt #502
      -   waiting 500ms
      -   waiting for element to be visible, enabled and stable
      -   element is visible, enabled and stable
      -   scrolling into view if needed
      -   done scrolling
      -   <mat-dialog-content _ngcontent-ccs-c174="" class="mat-dialog-content…>…</mat-dialog-content> from <div class="cdk-overlay-container">…</div> subtree intercepts pointer events
      - retrying click action, attempt #503
      -   waiting 500ms
      -   waiting for element to be visible, enabled and stable
      -   element is visible, enabled and stable
      -   scrolling into view if needed
      -   done scrolling
      -   <mat-dialog-content _ngcontent-ccs-c174="" class="mat-dialog-content…>…</mat-dialog-content> from <div class="cdk-overlay-container">…</div> subtree intercepts pointer events
      - retrying click action, attempt #504
      -   waiting 500ms
      -   waiting for element to be visible, enabled and stable
      -   element is visible, enabled and stable
      -   scrolling into view if needed
      -   done scrolling
      -   <mat-dialog-content _ngcontent-ccs-c174="" class="mat-dialog-content…>…</mat-dialog-content> from <div class="cdk-overlay-container">…</div> subtree intercepts pointer events
      - retrying click action, attempt #505
      -   waiting 500ms
      -   waiting for element to be visible, enabled and stable
      -   element is visible, enabled and stable
      -   scrolling into view if needed
      -   done scrolling
      -   <mat-dialog-container tabindex="-1" role="dialog" id="mat-dialog-0" ar…>…</mat-dialog-container> from <div class="cdk-overlay-container">…</div> subtree intercepts pointer events
      - retrying click action, attempt #506
      -   waiting 500ms
      -   waiting for element to be visible, enabled and stable
      -   element is visible, enabled and stable
      -   scrolling into view if needed
      -   done scrolling
      -   <mat-dialog-content _ngcontent-ccs-c174="" class="mat-dialog-content…>…</mat-dialog-content> from <div class="cdk-overlay-container">…</div> subtree intercepts pointer events
      - retrying click action, attempt #507
      -   waiting 500ms
      -   waiting for element to be visible, enabled and stable
      -   element is visible, enabled and stable
      -   scrolling into view if needed
      -   done scrolling
      -   <mat-dialog-content _ngcontent-ccs-c174="" class="mat-dialog-content…>…</mat-dialog-content> from <div class="cdk-overlay-container">…</div> subtree intercepts pointer events
      - retrying click action, attempt #508
      -   waiting 500ms
      -   waiting for element to be visible, enabled and stable
      -   element is visible, enabled and stable
      -   scrolling into view if needed
      -   done scrolling
      -   <mat-dialog-content _ngcontent-ccs-c174="" class="mat-dialog-content…>…</mat-dialog-content> from <div class="cdk-overlay-container">…</div> subtree intercepts pointer events
      - retrying click action, attempt #509
      -   waiting 500ms
      -   waiting for element to be visible, enabled and stable
      -   element is visible, enabled and stable
      -   scrolling into view if needed
      -   done scrolling
      -   <mat-dialog-container tabindex="-1" role="dialog" id="mat-dialog-0" ar…>…</mat-dialog-container> from <div class="cdk-overlay-container">…</div> subtree intercepts pointer events
      - retrying click action, attempt #510
      -   waiting 500ms
      -   waiting for element to be visible, enabled and stable
      -   element is visible, enabled and stable
      -   scrolling into view if needed
      -   done scrolling
      -   <mat-dialog-content _ngcontent-ccs-c174="" class="mat-dialog-content…>…</mat-dialog-content> from <div class="cdk-overlay-container">…</div> subtree intercepts pointer events
      - retrying click action, attempt #511
      -   waiting 500ms
      -   waiting for element to be visible, enabled and stable
      -   element is visible, enabled and stable
      -   scrolling into view if needed
      -   done scrolling
      -   <mat-dialog-content _ngcontent-ccs-c174="" class="mat-dialog-content…>…</mat-dialog-content> from <div class="cdk-overlay-container">…</div> subtree intercepts pointer events
      - retrying click action, attempt #512
      -   waiting 500ms
      -   waiting for element to be visible, enabled and stable
      -   element is visible, enabled and stable
      -   scrolling into view if needed
      -   done scrolling
      -   <mat-dialog-content _ngcontent-ccs-c174="" class="mat-dialog-content…>…</mat-dialog-content> from <div class="cdk-overlay-container">…</div> subtree intercepts pointer events
      - retrying click action, attempt #513
      -   waiting 500ms
      -   waiting for element to be visible, enabled and stable
      -   element is visible, enabled and stable
      -   scrolling into view if needed
      -   done scrolling
      -   <mat-dialog-container tabindex="-1" role="dialog" id="mat-dialog-0" ar…>…</mat-dialog-container> from <div class="cdk-overlay-container">…</div> subtree intercepts pointer events
      - retrying click action, attempt #514
      -   waiting 500ms
      -   waiting for element to be visible, enabled and stable
      -   element is visible, enabled and stable
      -   scrolling into view if needed
      -   done scrolling
      -   <mat-dialog-content _ngcontent-ccs-c174="" class="mat-dialog-content…>…</mat-dialog-content> from <div class="cdk-overlay-container">…</div> subtree intercepts pointer events
      - retrying click action, attempt #515
      -   waiting 500ms
      -   waiting for element to be visible, enabled and stable
      -   element is visible, enabled and stable
      -   scrolling into view if needed
      -   done scrolling
      -   <mat-dialog-content _ngcontent-ccs-c174="" class="mat-dialog-content…>…</mat-dialog-content> from <div class="cdk-overlay-container">…</div> subtree intercepts pointer events
      - retrying click action, attempt #516
      -   waiting 500ms
      -   waiting for element to be visible, enabled and stable
      -   element is visible, enabled and stable
      -   scrolling into view if needed
      -   done scrolling
      -   <mat-dialog-content _ngcontent-ccs-c174="" class="mat-dialog-content…>…</mat-dialog-content> from <div class="cdk-overlay-container">…</div> subtree intercepts pointer events
      - retrying click action, attempt #517
      -   waiting 500ms
      -   waiting for element to be visible, enabled and stable
      -   element is visible, enabled and stable
      -   scrolling into view if needed
      -   done scrolling
      -   <mat-dialog-container tabindex="-1" role="dialog" id="mat-dialog-0" ar…>…</mat-dialog-container> from <div class="cdk-overlay-container">…</div> subtree intercepts pointer events
      - retrying click action, attempt #518
      -   waiting 500ms
      -   waiting for element to be visible, enabled and stable
      -   element is visible, enabled and stable
      -   scrolling into view if needed
      -   done scrolling
      -   <mat-dialog-content _ngcontent-ccs-c174="" class="mat-dialog-content…>…</mat-dialog-content> from <div class="cdk-overlay-container">…</div> subtree intercepts pointer events
      - retrying click action, attempt #519
      -   waiting 500ms
      -   waiting for element to be visible, enabled and stable
      -   element is visible, enabled and stable
      -   scrolling into view if needed
      -   done scrolling
      -   <mat-dialog-content _ngcontent-ccs-c174="" class="mat-dialog-content…>…</mat-dialog-content> from <div class="cdk-overlay-container">…</div> subtree intercepts pointer events
      - retrying click action, attempt #520
      -   waiting 500ms
      -   waiting for element to be visible, enabled and stable
      -   element is visible, enabled and stable
      -   scrolling into view if needed
      -   done scrolling
      -   <mat-dialog-content _ngcontent-ccs-c174="" class="mat-dialog-content…>…</mat-dialog-content> from <div class="cdk-overlay-container">…</div> subtree intercepts pointer events
      - retrying click action, attempt #521
      -   waiting 500ms
      -   waiting for element to be visible, enabled and stable
      -   element is visible, enabled and stable
      -   scrolling into view if needed
      -   done scrolling
      -   <mat-dialog-container tabindex="-1" role="dialog" id="mat-dialog-0" ar…>…</mat-dialog-container> from <div class="cdk-overlay-container">…</div> subtree intercepts pointer events
      - retrying click action, attempt #522
      -   waiting 500ms
      -   waiting for element to be visible, enabled and stable
      -   element is visible, enabled and stable
      -   scrolling into view if needed
      -   done scrolling
      -   <mat-dialog-content _ngcontent-ccs-c174="" class="mat-dialog-content…>…</mat-dialog-content> from <div class="cdk-overlay-container">…</div> subtree intercepts pointer events
      - retrying click action, attempt #523
      -   waiting 500ms
      -   waiting for element to be visible, enabled and stable
      -   element is visible, enabled and stable
      -   scrolling into view if needed
      -   done scrolling
      -   <mat-dialog-content _ngcontent-ccs-c174="" class="mat-dialog-content…>…</mat-dialog-content> from <div class="cdk-overlay-container">…</div> subtree intercepts pointer events
      - retrying click action, attempt #524
      -   waiting 500ms
      -   waiting for element to be visible, enabled and stable
      -   element is visible, enabled and stable
      -   scrolling into view if needed
      -   done scrolling
      -   <mat-dialog-content _ngcontent-ccs-c174="" class="mat-dialog-content…>…</mat-dialog-content> from <div class="cdk-overlay-container">…</div> subtree intercepts pointer events
      - retrying click action, attempt #525
      -   waiting 500ms
      -   waiting for element to be visible, enabled and stable
      -   element is visible, enabled and stable
      -   scrolling into view if needed
      -   done scrolling
      -   <mat-dialog-container tabindex="-1" role="dialog" id="mat-dialog-0" ar…>…</mat-dialog-container> from <div class="cdk-overlay-container">…</div> subtree intercepts pointer events
      - retrying click action, attempt #526
      -   waiting 500ms
      -   waiting for element to be visible, enabled and stable
      -   element is visible, enabled and stable
      -   scrolling into view if needed
      -   done scrolling
      -   <mat-dialog-content _ngcontent-ccs-c174="" class="mat-dialog-content…>…</mat-dialog-content> from <div class="cdk-overlay-container">…</div> subtree intercepts pointer events
      - retrying click action, attempt #527
      -   waiting 500ms
      -   waiting for element to be visible, enabled and stable
      -   element is visible, enabled and stable
      -   scrolling into view if needed
      -   done scrolling
      -   <mat-dialog-content _ngcontent-ccs-c174="" class="mat-dialog-content…>…</mat-dialog-content> from <div class="cdk-overlay-container">…</div> subtree intercepts pointer events
      - retrying click action, attempt #528
      -   waiting 500ms
      -   waiting for element to be visible, enabled and stable
      -   element is visible, enabled and stable
      -   scrolling into view if needed
      -   done scrolling
      -   <mat-dialog-content _ngcontent-ccs-c174="" class="mat-dialog-content…>…</mat-dialog-content> from <div class="cdk-overlay-container">…</div> subtree intercepts pointer events
      - retrying click action, attempt #529
      -   waiting 500ms
      -   waiting for element to be visible, enabled and stable
      -   element is visible, enabled and stable
      -   scrolling into view if needed
      -   done scrolling
      -   <mat-dialog-container tabindex="-1" role="dialog" id="mat-dialog-0" ar…>…</mat-dialog-container> from <div class="cdk-overlay-container">…</div> subtree intercepts pointer events
      - retrying click action, attempt #530
      -   waiting 500ms


       at page-objects\smokeTestingSuite-pages\smokeTestingSuite-pages.ts:198

      196 |
      197 |     async clickonSearch(){
    > 198 |         await this.SearchButton.click();
          |                                 ^
      199 |     }
      200 |
      201 |      async verifyErrorMsg(){

        at SmokeTestingSuitePage.clickonSearch (C:\Users\ashwini.sunil.yeskar\AutomationTesting-IRISPortal-Playwright\page-objects\smokeTestingSuite-pages\smokeTestingSuite-pages.ts:198:33)
        at C:\Users\ashwini.sunil.yeskar\AutomationTesting-IRISPortal-Playwright\tests\smokeTestingSuite\smokeTestingSuite.spec.ts:248:39
        at C:\Users\ashwini.sunil.yeskar\AutomationTesting-IRISPortal-Playwright\tests\smokeTestingSuite\smokeTestingSuite.spec.ts:247:18

    attachment #1: screenshot (image/png) ──────────────────────────────────────────────────────────
    test-results\tests-smokeTestingSuite-sm-97502--by-PO-ID--Ex-3600709-Smoke-Mawista-EU\test-failed-1.png
    ────────────────────────────────────────────────────────────────────────────────────────────────
]]>
</failure>
<system-out>
<![CDATA[Retrying Sign In...
✅ Login process completed

[[ATTACHMENT|..\test-results\tests-smokeTestingSuite-sm-97502--by-PO-ID--Ex-3600709-Smoke-Mawista-EU\test-failed-1.png]]
]]>
</system-out>
</testcase>
<testcase name="FIN-TC-1751 @smoke: TC_011_provider Reconciliation_Verify that user is navigate to provider Reconciliation_Smoke" classname="tests\smokeTestingSuite\smokeTestingSuite.spec.ts" time="48.609">
<system-out>
<![CDATA[✅ Login process completed
]]>
</system-out>
</testcase>
<testcase name="FIN-TC-1752 @smoke: TC_012_provider Reconciliation_Verify that in Search Criteria, batch criteria, Transactions  all fields are displayed_Smoke" classname="tests\smokeTestingSuite\smokeTestingSuite.spec.ts" time="48.139">
<system-out>
<![CDATA[✅ Login process completed
]]>
</system-out>
</testcase>
<testcase name="FIN-TC-1753 @smoke: TC_013_Provider&apos;s Financial Settlement_verify that  payer and reinsurer radio button are displayed_Smoke" classname="tests\smokeTestingSuite\smokeTestingSuite.spec.ts" time="45.034">
<system-out>
<![CDATA[✅ Login process completed
]]>
</system-out>
</testcase>
<testcase name="FIN-TC-1754 @smoke: TC_014_Provider&apos;s Financial Settlement_Verify that when Payer is selected, then  Payer&apos;s auto populated list should be display_Smoke" classname="tests\smokeTestingSuite\smokeTestingSuite.spec.ts" time="9.161">
<failure message="smokeTestingSuite.spec.ts:332:6 FIN-TC-1754 @smoke: TC_014_Provider&apos;s Financial Settlement_Verify that when Payer is selected, then  Payer&apos;s auto populated list should be display_Smoke" type="FAILURE">
<![CDATA[  [Mawista-EU] › tests\smokeTestingSuite\smokeTestingSuite.spec.ts:332:6 › FIN-TC-1754 @smoke: TC_014_Provider's Financial Settlement_Verify that when Payer is selected, then  Payer's auto populated list should be display_Smoke › User navigates to Mawista application 

    Error: page.goto: Target page, context or browser has been closed
    Call log:
      - navigating to "https://test-iris-uae.tatsh.cloud/login", waiting until "domcontentloaded"


       at page-objects\login-page.ts:27

      25 |
      26 |     async gotoLoginPage(url: string) {
    > 27 |         await this.page.goto(process.env.URL as string || url, { waitUntil: "domcontentloaded", timeout: 120000 });
         |                         ^
      28 |     }
      29 |
      30 |     // async loginToApplication(superUser: string, password: string) {

        at LoginPage.gotoLoginPage (C:\Users\ashwini.sunil.yeskar\AutomationTesting-IRISPortal-Playwright\page-objects\login-page.ts:27:25)
        at C:\Users\ashwini.sunil.yeskar\AutomationTesting-IRISPortal-Playwright\tests\smokeTestingSuite\smokeTestingSuite.spec.ts:338:27
        at C:\Users\ashwini.sunil.yeskar\AutomationTesting-IRISPortal-Playwright\tests\smokeTestingSuite\smokeTestingSuite.spec.ts:337:20
]]>
</failure>
</testcase>
</testsuite>
</testsuites>