<testsuites id="" name="" tests="1" failures="0" skipped="0" errors="0" time="116.79395000000018">
<testsuite name="tests\journalVoucherCreation\journalVoucherCreation.spec.ts" timestamp="2025-06-09T06:13:33.884Z" hostname="Mawista-EU" tests="1" failures="0" skipped="0" time="86.757" errors="0">
<testcase name="NXGF-TC-3882: TC_051_Journal Voucher creation_Verify that the user is able to edit the previously entered information" classname="tests\journalVoucherCreation\journalVoucherCreation.spec.ts" time="86.757">
</testcase>
</testsuite>
</testsuites>