<testsuites id="" name="" tests="1" failures="0" skipped="0" errors="0" time="82.27706799999997">
<testsuite name="tests\soloPaymentOrderSetup\soloPaymentOrderSetup.spec.ts" timestamp="2026-03-02T07:16:59.845Z" hostname="Mawista-EU" tests="1" failures="0" skipped="0" time="67.606" errors="0">
<testcase name="FIN-TC-278: TC_285_Solo Payment Order Setup_verify that click on save button without searching any values user got You have to search first message is displayed" classname="tests\soloPaymentOrderSetup\soloPaymentOrderSetup.spec.ts" time="67.606">
<system-out>
<![CDATA[--------------Start the Financial Organization - Solo Payment Order Setup Testclass----------------------
]]>
</system-out>
</testcase>
</testsuite>
</testsuites>