<testsuites id="" name="" tests="1" failures="0" skipped="0" errors="0" time="47.156767000000926">
<testsuite name="tests\accountTransaction\accountTransaction.spec.ts" timestamp="2026-06-22T15:01:49.459Z" hostname="Mawista-EU" tests="1" failures="0" skipped="0" time="37.506" errors="0">
<testcase name="FIN-TC-1261: TC_567_Account Transaction_verify that from settle date label and textbox is displayed" classname="tests\accountTransaction\accountTransaction.spec.ts" time="37.506">
<system-out>
<![CDATA[Retrying Sign In...
✅ Login process completed
]]>
</system-out>
</testcase>
</testsuite>
</testsuites>