<testsuites id="" name="" tests="58" failures="3" skipped="0" errors="0" time="1832.1630650000013">
<testsuite name="tests\financialOrganizations\financialOrganizations.spec.ts" timestamp="2025-03-19T08:57:44.773Z" hostname="Mawista-EU" tests="58" failures="3" skipped="0" time="1806.857" errors="0">
<testcase name="NXGF-TC-1647: TC_000_Login_Access_Verify that the user is able to access the IRIS Finance portal" classname="tests\financialOrganizations\financialOrganizations.spec.ts" time="9.393">
<system-out>
<![CDATA[--------------Start the Financial Organization Testclass----------------------
]]>
</system-out>
</testcase>
<testcase name="NXGF-TC-1648: TC_001_Login_Access_Verify that the user is able to enter the username and password " classname="tests\financialOrganizations\financialOrganizations.spec.ts" time="8.321">
</testcase>
<testcase name="NXGF-TC-1650: TC_002_Login_Access_Verify that user is able to click on sign in button" classname="tests\financialOrganizations\financialOrganizations.spec.ts" time="9.044">
</testcase>
<testcase name="NXGF-TC-1652: TC_003_Verify that the user is able to click on the Remember me checkbox" classname="tests\financialOrganizations\financialOrganizations.spec.ts" time="5.454">
</testcase>
<testcase name="NXGF-TC-1658: TC_010_Verify that the user is able to see login UI" classname="tests\financialOrganizations\financialOrganizations.spec.ts" time="5.684">
<system-out>
<![CDATA[Iris Finance Portal | Login
]]>
</system-out>
</testcase>
<testcase name="NXGF-TC-1660: TC_011_Verify that the main menu option is clickable" classname="tests\financialOrganizations\financialOrganizations.spec.ts" time="26.152">
</testcase>
<testcase name="NXGF-TC-1662: TC_012_Verify that the user is able to land on the dashboard after successful login." classname="tests\financialOrganizations\financialOrganizations.spec.ts" time="15.984">
</testcase>
<testcase name="NXGF-TC-1664: TC_013_Verify that the user is able to see shortcut menu buttons in the main menu page" classname="tests\financialOrganizations\financialOrganizations.spec.ts" time="23.641">
</testcase>
<testcase name="NXGF-TC-1666: TC_014_Verify that all the shortcut buttons are clickable" classname="tests\financialOrganizations\financialOrganizations.spec.ts" time="27.842">
</testcase>
<testcase name="NXGF-TC-1668: TC_028_Verify that the user is able to view the Organization shortcut icon in the main menu page" classname="tests\financialOrganizations\financialOrganizations.spec.ts" time="25.771">
</testcase>
<testcase name="NXGF-TC-1670: TC_029_Verify that the user is able to click on the Organization icon" classname="tests\financialOrganizations\financialOrganizations.spec.ts" time="100.497">
<properties>
<property name="Screen shot on Failure" value="test-results/screenshots/sc.png">
</property>
</properties>
<failure message="financialOrganizations.spec.ts:210:5 NXGF-TC-1670: TC_029_Verify that the user is able to click on the Organization icon" type="FAILURE">
<![CDATA[  [Mawista-EU] › tests\financialOrganizations\financialOrganizations.spec.ts:210:5 › NXGF-TC-1670: TC_029_Verify that the user is able to click on the Organization icon 

    Test timeout of 100000ms exceeded.

    TypeError: apiRequestContext.post: Invalid URL

       at page-objects\utilities-pages\global-setup.ts:17

      15 |         const testCaseID: string = testInfo.title.split(':')[0];
      16 |         const projectID: string = testCaseID.split(':')[0];
    > 17 |         const response = await request.post(`${baseURL}/api/v1/project/${projectID}/testcase/${testCaseID}/attachment`, {
         |                                        ^
      18 |             headers: {
      19 |                 Accept: "*/*",
      20 |                 ContentType: "multipart/form-data",

        at C:\Users\ashwini.sunil.yeskar\AutomationTesting-MawistaFinance1\AutomationTesting-MawistaFinance\page-objects\utilities-pages\global-setup.ts:17:40

    Error: page.waitForLoadState: Test timeout of 100000ms exceeded.

       at page-objects\login-page.ts:26

      24 |     async gotoLoginPage(url: string) {
      25 |         await this.page.goto(process.env.URL as string || url);
    > 26 |         await this.page.waitForLoadState('networkidle');
         |                         ^
      27 |     }
      28 |
      29 |     async loginToApplication(superUser: string, password: string) {

        at LoginPage.gotoLoginPage (C:\Users\ashwini.sunil.yeskar\AutomationTesting-MawistaFinance1\AutomationTesting-MawistaFinance\page-objects\login-page.ts:26:25)
        at C:\Users\ashwini.sunil.yeskar\AutomationTesting-MawistaFinance1\AutomationTesting-MawistaFinance\tests\financialOrganizations\financialOrganizations.spec.ts:217:9
        at C:\Users\ashwini.sunil.yeskar\AutomationTesting-MawistaFinance1\AutomationTesting-MawistaFinance\tests\financialOrganizations\financialOrganizations.spec.ts:216:5

    attachment #1: screenshot (image/png) ──────────────────────────────────────────────────────────
    test-results\tests-financialOrganizatio-09569-ck-on-the-Organization-icon-Mawista-EU\test-failed-1.png
    ────────────────────────────────────────────────────────────────────────────────────────────────
]]>
</failure>
<system-out>
<![CDATA[
[[ATTACHMENT|..\test-results\tests-financialOrganizatio-09569-ck-on-the-Organization-icon-Mawista-EU\test-failed-1.png]]
]]>
</system-out>
</testcase>
<testcase name="NXGF-TC-1672: TC_030_Verift that the user is redirected to the Organizations page" classname="tests\financialOrganizations\financialOrganizations.spec.ts" time="24.972">
</testcase>
<testcase name="NXGF-TC-1674: TC_031_Verify that the user is able to view the &quot;Organizations&quot; title in bold" classname="tests\financialOrganizations\financialOrganizations.spec.ts" time="28.198">
</testcase>
<testcase name="NXGF-TC-1676: TC_032_Verify the that user is able to see two search fields Search by Organization &quot;Name&quot; and Search by Organization &quot;Code&quot;" classname="tests\financialOrganizations\financialOrganizations.spec.ts" time="36.696">
</testcase>
<testcase name="NXGF-TC-1678: TC_033_Verify that the search icon is present beside both the search fields" classname="tests\financialOrganizations\financialOrganizations.spec.ts" time="100.447">
<properties>
<property name="Screen shot on Failure" value="test-results/screenshots/sc.png">
</property>
</properties>
<failure message="financialOrganizations.spec.ts:331:5 NXGF-TC-1678: TC_033_Verify that the search icon is present beside both the search fields" type="FAILURE">
<![CDATA[  [Mawista-EU] › tests\financialOrganizations\financialOrganizations.spec.ts:331:5 › NXGF-TC-1678: TC_033_Verify that the search icon is present beside both the search fields 

    Test timeout of 100000ms exceeded.

    TypeError: apiRequestContext.post: Invalid URL

       at page-objects\utilities-pages\global-setup.ts:17

      15 |         const testCaseID: string = testInfo.title.split(':')[0];
      16 |         const projectID: string = testCaseID.split(':')[0];
    > 17 |         const response = await request.post(`${baseURL}/api/v1/project/${projectID}/testcase/${testCaseID}/attachment`, {
         |                                        ^
      18 |             headers: {
      19 |                 Accept: "*/*",
      20 |                 ContentType: "multipart/form-data",

        at C:\Users\ashwini.sunil.yeskar\AutomationTesting-MawistaFinance1\AutomationTesting-MawistaFinance\page-objects\utilities-pages\global-setup.ts:17:40

    Error: page.waitForLoadState: Test timeout of 100000ms exceeded.

       at page-objects\login-page.ts:26

      24 |     async gotoLoginPage(url: string) {
      25 |         await this.page.goto(process.env.URL as string || url);
    > 26 |         await this.page.waitForLoadState('networkidle');
         |                         ^
      27 |     }
      28 |
      29 |     async loginToApplication(superUser: string, password: string) {

        at LoginPage.gotoLoginPage (C:\Users\ashwini.sunil.yeskar\AutomationTesting-MawistaFinance1\AutomationTesting-MawistaFinance\page-objects\login-page.ts:26:25)
        at C:\Users\ashwini.sunil.yeskar\AutomationTesting-MawistaFinance1\AutomationTesting-MawistaFinance\tests\financialOrganizations\financialOrganizations.spec.ts:338:9
        at C:\Users\ashwini.sunil.yeskar\AutomationTesting-MawistaFinance1\AutomationTesting-MawistaFinance\tests\financialOrganizations\financialOrganizations.spec.ts:337:5

    attachment #1: screenshot (image/png) ──────────────────────────────────────────────────────────
    test-results\tests-financialOrganizatio-7e623-side-both-the-search-fields-Mawista-EU\test-failed-1.png
    ────────────────────────────────────────────────────────────────────────────────────────────────
]]>
</failure>
<system-out>
<![CDATA[
[[ATTACHMENT|..\test-results\tests-financialOrganizatio-7e623-side-both-the-search-fields-Mawista-EU\test-failed-1.png]]
]]>
</system-out>
</testcase>
<testcase name="NXGF-TC-1680: TC_034_Verify that the user is able to enter the organization code in the Search by Organization &quot;Code&quot; field" classname="tests\financialOrganizations\financialOrganizations.spec.ts" time="30.49">
</testcase>
<testcase name="NXGF-TC-1682: TC_035_Verify that the user is able to enter the organization code (alphanumeric) in the &quot;Search by Organization code&quot; field" classname="tests\financialOrganizations\financialOrganizations.spec.ts" time="27.973">
</testcase>
<testcase name="NXGF-TC-1684: TC_036_Verify that the user is able to enter the organization code in the &quot;Search by Organization code&quot; field" classname="tests\financialOrganizations\financialOrganizations.spec.ts" time="32.062">
</testcase>
<testcase name="NXGF-TC-1687: TC_037_Verify that the user is able to click on search icon after entering the organization code in Search by Organization &quot;Code&quot; field" classname="tests\financialOrganizations\financialOrganizations.spec.ts" time="31.806">
</testcase>
<testcase name="NXGF-TC-1689: TC_038_Verify that the user is able to view the results after the search with Organization code" classname="tests\financialOrganizations\financialOrganizations.spec.ts" time="32.506">
</testcase>
<testcase name="NXGF-TC-1691: TC_039_Verify that the user is able to view the mentioned values in the grid" classname="tests\financialOrganizations\financialOrganizations.spec.ts" time="27.275">
</testcase>
<testcase name="NXGF-TC-1692: TC_040_Verify that the user is able to see the coloring indexes below the grid" classname="tests\financialOrganizations\financialOrganizations.spec.ts" time="37.175">
</testcase>
<testcase name="NXGF-TC-1694: TC_041_Verify that the user is able to view all the organizations listed irrespective of the status" classname="tests\financialOrganizations\financialOrganizations.spec.ts" time="30.943">
</testcase>
<testcase name="NXGF-TC-1696,NXGF-TC-1698: TC_042_Verify that the user is able to enter the organization name in the Search by Organization &quot;Name&quot; field" classname="tests\financialOrganizations\financialOrganizations.spec.ts" time="33.448">
</testcase>
<testcase name="NXGF-TC-1700: TC_045_Verify that the user is able to view the Records per page for the search results and select the number of rows from the dropdown" classname="tests\financialOrganizations\financialOrganizations.spec.ts" time="26.315">
</testcase>
<testcase name="NXGF-TC-1702: TC_046_Verify that the user is able to view the same search results for both the search criteria" classname="tests\financialOrganizations\financialOrganizations.spec.ts" time="32.157">
</testcase>
<testcase name="NXGF-TC-1704: TC_047_Verify that the user is able to see the stop date column for active and inactive organizations" classname="tests\financialOrganizations\financialOrganizations.spec.ts" time="34.33">
</testcase>
<testcase name="NXGF-TC-1706: TC_048_Verify that the user is able to view the start date for all the search results irrespective of their status" classname="tests\financialOrganizations\financialOrganizations.spec.ts" time="32.232">
</testcase>
<testcase name="NXGF-TC-1708: TC_049_Verify that the user is able to view the &quot;Edit Organization&quot; button after the search" classname="tests\financialOrganizations\financialOrganizations.spec.ts" time="35.538">
</testcase>
<testcase name="NXGF-TC-1710,NXGF-TC-1712: TC_050_Verify that the user is able to click on &quot;edit organization&quot; button" classname="tests\financialOrganizations\financialOrganizations.spec.ts" time="32.597">
</testcase>
<testcase name="NXGF-TC-1714: TC_052_Verify that the user is able to edit any active organization" classname="tests\financialOrganizations\financialOrganizations.spec.ts" time="31.382">
</testcase>
<testcase name="NXGF-TC-1718: TC_056_Verify that the user is able click on the filter by icon and select any of the two status active or inactive" classname="tests\financialOrganizations\financialOrganizations.spec.ts" time="26.464">
</testcase>
<testcase name="NXGF-TC-1720: TC_057_Verify that the user is able to view the corresponding results on the grid" classname="tests\financialOrganizations\financialOrganizations.spec.ts" time="25.745">
</testcase>
<testcase name="NXGF-TC-1722: TC_058_Verify that the user is able to view all the results when no fitler is applied" classname="tests\financialOrganizations\financialOrganizations.spec.ts" time="23.933">
</testcase>
<testcase name="NXGF-TC-1724: TC_059_Verify that the user is able to view the Add Organization button (+) in the organization page" classname="tests\financialOrganizations\financialOrganizations.spec.ts" time="28.171">
</testcase>
<testcase name="NXGF-TC-1726: TC_060_Verify that the user is able to click on the Add Organization button (+)" classname="tests\financialOrganizations\financialOrganizations.spec.ts" time="33.243">
</testcase>
<testcase name="NXGF-TC-1728: TC_061_Verify that the user is redirected to a new popup window once clicked on add button" classname="tests\financialOrganizations\financialOrganizations.spec.ts" time="28.097">
</testcase>
<testcase name="NXGF-TC-1730: TC_062_Verify that the user is able to view the mentioned details in the new window for creating a new organization" classname="tests\financialOrganizations\financialOrganizations.spec.ts" time="25.81">
</testcase>
<testcase name="NXGF-TC-1732: TC_063_Verify that the user is able to view the asterisk (*) for all the mandatory fields" classname="tests\financialOrganizations\financialOrganizations.spec.ts" time="26.836">
</testcase>
<testcase name="NXGF-TC-1734: TC_064_Verify that the user is able to enter the Organization name in the Organization name field" classname="tests\financialOrganizations\financialOrganizations.spec.ts" time="27.719">
</testcase>
<testcase name="NXGF-TC-1736: TC_065_Verify that the user is able to enter the Organization Code in the Organization Code field" classname="tests\financialOrganizations\financialOrganizations.spec.ts" time="24.394">
</testcase>
<testcase name="NXGF-TC-1738: TC_066_Verify that the user is able to enter the CV Currency1 in the CV Currency1 field" classname="tests\financialOrganizations\financialOrganizations.spec.ts" time="31.744">
</testcase>
<testcase name="NXGF-TC-1740: TC_067_Verify that the user is able to enter the CV Currency2 in CV Currency2 field" classname="tests\financialOrganizations\financialOrganizations.spec.ts" time="33.196">
</testcase>
<testcase name="NXGF-TC-1742: TC_068_Verify that the user is able to enter the Start date in the Start date field" classname="tests\financialOrganizations\financialOrganizations.spec.ts" time="33.874">
</testcase>
<testcase name="NXGF-TC-1744: TC_069_Verify that the user is able to click on Create after entering the mandatory fields" classname="tests\financialOrganizations\financialOrganizations.spec.ts" time="36.412">
</testcase>
<testcase name="NXGF-TC-1746: TC_070_Verify that the user is able to click on create without entering the mandatory fields" classname="tests\financialOrganizations\financialOrganizations.spec.ts" time="25.695">
</testcase>
<testcase name="NXGF-TC-1748,NXGF-TC-1750: TC_071_Verify that the user is able to click on close option to exit the form creation" classname="tests\financialOrganizations\financialOrganizations.spec.ts" time="26.677">
</testcase>
<testcase name="NXGF-TC-1752: TC_074_Verify that the start date selector displays current month with system date selected" classname="tests\financialOrganizations\financialOrganizations.spec.ts" time="28.381">
</testcase>
<testcase name="NXGF-TC-1754: TC_076_Verify that in the start date selector Weeks start with Monday and ends on Sunday" classname="tests\financialOrganizations\financialOrganizations.spec.ts" time="33.085">
</testcase>
<testcase name="NXGF-TC-1756: TC_077_Verify that the start date selector has Arrows on top (&lt; , &gt;) to navigate from one month to the other" classname="tests\financialOrganizations\financialOrganizations.spec.ts" time="29.491">
</testcase>
<testcase name="NXGF-TC-1758: TC_078_Verify that the user is able to enter future date in start date" classname="tests\financialOrganizations\financialOrganizations.spec.ts" time="25.556">
</testcase>
<testcase name="NXGF-TC-1760: TC_079_Verify that the user is able to enter the old date from start date field" classname="tests\financialOrganizations\financialOrganizations.spec.ts" time="100.478">
<properties>
<property name="Screen shot on Failure" value="test-results/screenshots/sc.png">
</property>
</properties>
<failure message="financialOrganizations.spec.ts:1724:5 NXGF-TC-1760: TC_079_Verify that the user is able to enter the old date from start date field" type="FAILURE">
<![CDATA[  [Mawista-EU] › tests\financialOrganizations\financialOrganizations.spec.ts:1724:5 › NXGF-TC-1760: TC_079_Verify that the user is able to enter the old date from start date field 

    Test timeout of 100000ms exceeded.

    TypeError: apiRequestContext.post: Invalid URL

       at page-objects\utilities-pages\global-setup.ts:17

      15 |         const testCaseID: string = testInfo.title.split(':')[0];
      16 |         const projectID: string = testCaseID.split(':')[0];
    > 17 |         const response = await request.post(`${baseURL}/api/v1/project/${projectID}/testcase/${testCaseID}/attachment`, {
         |                                        ^
      18 |             headers: {
      19 |                 Accept: "*/*",
      20 |                 ContentType: "multipart/form-data",

        at C:\Users\ashwini.sunil.yeskar\AutomationTesting-MawistaFinance1\AutomationTesting-MawistaFinance\page-objects\utilities-pages\global-setup.ts:17:40

    Error: page.waitForLoadState: Test timeout of 100000ms exceeded.

       at page-objects\login-page.ts:26

      24 |     async gotoLoginPage(url: string) {
      25 |         await this.page.goto(process.env.URL as string || url);
    > 26 |         await this.page.waitForLoadState('networkidle');
         |                         ^
      27 |     }
      28 |
      29 |     async loginToApplication(superUser: string, password: string) {

        at LoginPage.gotoLoginPage (C:\Users\ashwini.sunil.yeskar\AutomationTesting-MawistaFinance1\AutomationTesting-MawistaFinance\page-objects\login-page.ts:26:25)
        at C:\Users\ashwini.sunil.yeskar\AutomationTesting-MawistaFinance1\AutomationTesting-MawistaFinance\tests\financialOrganizations\financialOrganizations.spec.ts:1731:9
        at C:\Users\ashwini.sunil.yeskar\AutomationTesting-MawistaFinance1\AutomationTesting-MawistaFinance\tests\financialOrganizations\financialOrganizations.spec.ts:1730:5

    attachment #1: screenshot (image/png) ──────────────────────────────────────────────────────────
    test-results\tests-financialOrganizatio-12021--date-from-start-date-field-Mawista-EU\test-failed-1.png
    ────────────────────────────────────────────────────────────────────────────────────────────────
]]>
</failure>
<system-out>
<![CDATA[
[[ATTACHMENT|..\test-results\tests-financialOrganizatio-12021--date-from-start-date-field-Mawista-EU\test-failed-1.png]]
]]>
</system-out>
</testcase>
<testcase name="NXGF-TC-1762: TC_080_Verify that the user is able to enter the ACTS code" classname="tests\financialOrganizations\financialOrganizations.spec.ts" time="32.839">
</testcase>
<testcase name="NXGF-TC-1764: TC_081_Verify that the user is able to enter Localization in Localization field" classname="tests\financialOrganizations\financialOrganizations.spec.ts" time="27.114">
</testcase>
<testcase name="NXGF-TC-1766: TC_082_Verify that the Edit Organization Button is displayed" classname="tests\financialOrganizations\financialOrganizations.spec.ts" time="32.102">
</testcase>
<testcase name="NXGF-TC-1768: TC_083_Verify that the after click on details button Financials information and Organization card type is displayed" classname="tests\financialOrganizations\financialOrganizations.spec.ts" time="29.127">
</testcase>
<testcase name="NXGF-TC-1770: TC_084_Verify that the Search bar displayed in main menu screen" classname="tests\financialOrganizations\financialOrganizations.spec.ts" time="24.843">
</testcase>
<testcase name="NXGF-TC-1772: TC_085_Verify that the User is able to Search the shortcut menu from search bar " classname="tests\financialOrganizations\financialOrganizations.spec.ts" time="29.506">
</testcase>
</testsuite>
</testsuites>