<testsuites id="" name="" tests="1" failures="0" skipped="0" errors="0" time="53.48583800000139">
<testsuite name="tests\financialTransactionsMonitoring\financialTransactionsMonitoring.spec.ts" timestamp="2025-09-05T09:40:31.533Z" hostname="Mawista-EU" tests="1" failures="0" skipped="0" time="41.4" errors="0">
<testcase name="NXGF-TC-8018: TC_49_TC_50_Transaction Details Screen_ Implement automation to validate the sorting behavior of the relevant button/component." classname="tests\financialTransactionsMonitoring\financialTransactionsMonitoring.spec.ts" time="41.4">
<system-out>
<![CDATA[✅ Column headers extracted: [
  [32m'Transaction Date'[39m,
  [32m'Payment Date'[39m,
  [32m'Payment Type'[39m,
  [32m'Payment Method'[39m,
  [32m'Payment Amount'[39m,
  [32m'Payment Currency'[39m,
  [32m'Payment Status'[39m,
  [32m'Payment Reference'[39m,
  [32m'Payment File Ref'[39m,
  [32m'Policy Reference'[39m,
  [32m'Transaction Id'[39m,
  [32m'Document Reference'[39m,
  [32m'Remittance Info'[39m,
  [32m'Beneficiary Account Name'[39m,
  [32m'Beneficiary Account Number'[39m,
  [32m'Return Origin'[39m,
  [32m'Rejection Reason'[39m,
  [32m'04-09-2025'[39m,
  [32m'04-09-2025'[39m,
  [32m'Premium Payment'[39m,
  [32m'Direct Debit'[39m,
  [32m'44.50'[39m,
  [32m'EUR'[39m,
  [32m'Cleared-allocated'[39m,
  [32m'AE1000000000029575'[39m,
  [32m'IRIS_GFE_SIT_DD_20250905_043559.xml'[39m,
  [32m'MRC-AWPDE-19978-NB/111249375'[39m
]
✅ Column headers extracted: [
  [32m'Transaction Date'[39m,
  [32m'Payment Date'[39m,
  [32m'Payment Type'[39m,
  [32m'Payment Method'[39m,
  [32m'Payment Amount'[39m,
  [32m'Payment Currency'[39m,
  [32m'Payment Status'[39m,
  [32m'Payment Reference'[39m,
  [32m'Payment File Ref'[39m,
  [32m'Policy Reference'[39m,
  [32m'Transaction Id'[39m,
  [32m'Document Reference'[39m,
  [32m'Remittance Info'[39m,
  [32m'Beneficiary Account Name'[39m,
  [32m'Beneficiary Account Number'[39m,
  [32m'Return Origin'[39m,
  [32m'Rejection Reason'[39m,
  [32m'04-09-2025'[39m,
  [32m'04-09-2025'[39m,
  [32m'Premium Payment'[39m,
  [32m'Direct Debit'[39m,
  [32m'44.50'[39m,
  [32m'EUR'[39m,
  [32m'Cleared-allocated'[39m,
  [32m'AE1000000000029575'[39m,
  [32m'IRIS_GFE_SIT_DD_20250905_043559.xml'[39m,
  [32m'MRC-AWPDE-19978-NB/111249375'[39m
]
✅ Ascending sort validated for column: Payment Amount
✅ Column headers extracted: [
  [32m'Transaction Date'[39m,
  [32m'Payment Date'[39m,
  [32m'Payment Type'[39m,
  [32m'Payment Method'[39m,
  [32m'Payment Amount'[39m,
  [32m'Payment Currency'[39m,
  [32m'Payment Status'[39m,
  [32m'Payment Reference'[39m,
  [32m'Payment File Ref'[39m,
  [32m'Policy Reference'[39m,
  [32m'Transaction Id'[39m,
  [32m'Document Reference'[39m,
  [32m'Remittance Info'[39m,
  [32m'Beneficiary Account Name'[39m,
  [32m'Beneficiary Account Number'[39m,
  [32m'Return Origin'[39m,
  [32m'Rejection Reason'[39m,
  [32m'04-09-2025'[39m,
  [32m'04-09-2025'[39m,
  [32m'Premium Payment'[39m,
  [32m'Direct Debit'[39m,
  [32m'1.35'[39m,
  [32m'EUR'[39m,
  [32m'Cleared-allocated'[39m,
  [32m'AE1000000000029570'[39m,
  [32m'IRIS_GFE_SIT_DD_20250905_043559.xml'[39m,
  [32m'MRC-AWPDE-19970-NB/111247542'[39m
]
✅ Descending sort validated for column: Payment Amount
]]>
</system-out>
</testcase>
</testsuite>
</testsuites>