<testsuites id="" name="" tests="30" failures="5" skipped="0" errors="0" time="1953.2302740000002">
<testsuite name="tests\accountTransaction\accountTransaction.spec.ts" timestamp="2026-06-22T06:57:53.314Z" hostname="Mawista-EU" tests="15" failures="4" skipped="0" time="1130.306" errors="0">
<testcase name="FIN-TC-1253: TC_559_Account Transaction_verify that To Due date label and textbox is displayed" classname="tests\accountTransaction\accountTransaction.spec.ts" time="204.794">
<failure message="accountTransaction.spec.ts:1866:5 FIN-TC-1253: TC_559_Account Transaction_verify that To Due date label and textbox is displayed" type="FAILURE">
<![CDATA[  [Mawista-EU] › tests\accountTransaction\accountTransaction.spec.ts:1866:5 › FIN-TC-1253: TC_559_Account Transaction_verify that To Due date label and textbox is displayed › Click On Provider Transaction Under Financials 

    Test timeout of 200000ms exceeded.

    Error: locator.waitFor: Test timeout of 200000ms exceeded.
    Call log:
      - waiting for locator('//input[@placeholder=\'Quick Search\']') to be visible


       at page-objects\accountTransaction-pages\accountTransaction-pages.ts:226

      224 |     }
      225 |     async searchAndClickOnAccountTransactionUnderFinancials(){
    > 226 |           await this.searchIcon.waitFor({ state: 'visible' });
          |                                 ^
      227 |                 await expect(this.searchIcon).toBeEnabled();
      228 |         
      229 |                 await this.searchIcon.click();

        at AccountTransactionPage.searchAndClickOnAccountTransactionUnderFinancials (C:\Users\ashwini.sunil.yeskar\AutomationTesting-IRISPortal-Playwright\page-objects\accountTransaction-pages\accountTransaction-pages.ts:226:33)
        at C:\Users\ashwini.sunil.yeskar\AutomationTesting-IRISPortal-Playwright\tests\accountTransaction\accountTransaction.spec.ts:1880:38
        at C:\Users\ashwini.sunil.yeskar\AutomationTesting-IRISPortal-Playwright\tests\accountTransaction\accountTransaction.spec.ts:1879:16

    attachment #1: screenshot (image/png) ──────────────────────────────────────────────────────────
    test-results\tests-accountTransaction-a-58934-el-and-textbox-is-displayed-Mawista-EU\test-failed-1.png
    ────────────────────────────────────────────────────────────────────────────────────────────────
]]>
</failure>
<system-out>
<![CDATA[Retrying Sign In...
✅ Login process completed

[[ATTACHMENT|..\test-results\tests-accountTransaction-a-58934-el-and-textbox-is-displayed-Mawista-EU\test-failed-1.png]]
]]>
</system-out>
</testcase>
<testcase name="FIN-TC-1254:TC_560_Account Transaction_verify that calender icon is displayed" classname="tests\accountTransaction\accountTransaction.spec.ts" time="204.307">
<failure message="accountTransaction.spec.ts:1894:5 FIN-TC-1254:TC_560_Account Transaction_verify that calender icon is displayed" type="FAILURE">
<![CDATA[  [Mawista-EU] › tests\accountTransaction\accountTransaction.spec.ts:1894:5 › FIN-TC-1254:TC_560_Account Transaction_verify that calender icon is displayed › Validate that the calendar should be present 

    Test timeout of 200000ms exceeded.

    Error: locator.click: Test timeout of 200000ms exceeded.
    Call log:
      - waiting for locator('//mat-datepicker-toggle[@data-mat-calendar=\'mat-datepicker-6\']/button')
      -   locator resolved to <button tabindex="0" type="button" mat-icon-button="" ar…>…</button>
      - attempting click action
      -   waiting for element to be visible, enabled and stable
      -   element is visible, enabled and stable
      -   scrolling into view if needed
      -   done scrolling
      -   <div class="cdk-overlay-backdrop cdk-overlay-dark-bac…></div> from <div class="cdk-overlay-container">…</div> subtree intercepts pointer events
      - retrying click action, attempt #1
      -   waiting for element to be visible, enabled and stable
      -   element is visible, enabled and stable
      -   scrolling into view if needed
      -   done scrolling
      -   <div class="cdk-overlay-backdrop cdk-overlay-dark-bac…></div> from <div class="cdk-overlay-container">…</div> subtree intercepts pointer events
      - retrying click action, attempt #2
      -   waiting 20ms
      -   waiting for element to be visible, enabled and stable
      -   element is visible, enabled and stable
      -   scrolling into view if needed
      -   done scrolling
      -   <li _ngcontent-ika-c174="" class="error-text ng-star…> Unknown Error </li> from <div class="cdk-overlay-container">…</div> subtree intercepts pointer events
      - retrying click action, attempt #3
      -   waiting 100ms
      -   waiting for element to be visible, enabled and stable
      -   element is visible, enabled and stable
      -   scrolling into view if needed
      -   done scrolling
      -   <div class="cdk-overlay-backdrop cdk-overlay-dark-bac…></div> from <div class="cdk-overlay-container">…</div> subtree intercepts pointer events
      - retrying click action, attempt #4
      -   waiting 100ms
      -   waiting for element to be visible, enabled and stable
      -   element is visible, enabled and stable
      -   scrolling into view if needed
      -   done scrolling
      -   <div class="cdk-overlay-backdrop cdk-overlay-dark-bac…></div> from <div class="cdk-overlay-container">…</div> subtree intercepts pointer events
      - retrying click action, attempt #5
      -   waiting 500ms
      -   waiting for element to be visible, enabled and stable
      -   element is visible, enabled and stable
      -   scrolling into view if needed
      -   done scrolling
      -   <div class="cdk-overlay-backdrop cdk-overlay-dark-bac…></div> from <div class="cdk-overlay-container">…</div> subtree intercepts pointer events
      - retrying click action, attempt #6
      -   waiting 500ms
      -   waiting for element to be visible, enabled and stable
      -   element is visible, enabled and stable
      -   scrolling into view if needed
      -   done scrolling
      -   <li _ngcontent-ika-c174="" class="error-text ng-star…> Unknown Error </li> from <div class="cdk-overlay-container">…</div> subtree intercepts pointer events
      - retrying click action, attempt #7
      -   waiting 500ms
      -   waiting for element to be visible, enabled and stable
      -   element is visible, enabled and stable
      -   scrolling into view if needed
      -   done scrolling
      -   <div class="cdk-overlay-backdrop cdk-overlay-dark-bac…></div> from <div class="cdk-overlay-container">…</div> subtree intercepts pointer events
      - retrying click action, attempt #8
      -   waiting 500ms
      -   waiting for element to be visible, enabled and stable
      -   element is visible, enabled and stable
      -   scrolling into view if needed
      -   done scrolling
      -   <div class="cdk-overlay-backdrop cdk-overlay-dark-bac…></div> from <div class="cdk-overlay-container">…</div> subtree intercepts pointer events
      - retrying click action, attempt #9
      -   waiting 500ms
      -   waiting for element to be visible, enabled and stable
      -   element is visible, enabled and stable
      -   scrolling into view if needed
      -   done scrolling
      -   <div class="cdk-overlay-backdrop cdk-overlay-dark-bac…></div> from <div class="cdk-overlay-container">…</div> subtree intercepts pointer events
      - retrying click action, attempt #10
      -   waiting 500ms
      -   waiting for element to be visible, enabled and stable
      -   element is visible, enabled and stable
      -   scrolling into view if needed
      -   done scrolling
      -   <li _ngcontent-ika-c174="" class="error-text ng-star…> Unknown Error </li> from <div class="cdk-overlay-container">…</div> subtree intercepts pointer events
      - retrying click action, attempt #11
      -   waiting 500ms
      -   waiting for element to be visible, enabled and stable
      -   element is visible, enabled and stable
      -   scrolling into view if needed
      -   done scrolling
      -   <div class="cdk-overlay-backdrop cdk-overlay-dark-bac…></div> from <div class="cdk-overlay-container">…</div> subtree intercepts pointer events
      - retrying click action, attempt #12
      -   waiting 500ms
      -   waiting for element to be visible, enabled and stable
      -   element is visible, enabled and stable
      -   scrolling into view if needed
      -   done scrolling
      -   <div class="cdk-overlay-backdrop cdk-overlay-dark-bac…></div> from <div class="cdk-overlay-container">…</div> subtree intercepts pointer events
      - retrying click action, attempt #13
      -   waiting 500ms
      -   waiting for element to be visible, enabled and stable
      -   element is visible, enabled and stable
      -   scrolling into view if needed
      -   done scrolling
      -   <div class="cdk-overlay-backdrop cdk-overlay-dark-bac…></div> from <div class="cdk-overlay-container">…</div> subtree intercepts pointer events
      - retrying click action, attempt #14
      -   waiting 500ms
      -   waiting for element to be visible, enabled and stable
      -   element is visible, enabled and stable
      -   scrolling into view if needed
      -   done scrolling
      -   <li _ngcontent-ika-c174="" class="error-text ng-star…> Unknown Error </li> from <div class="cdk-overlay-container">…</div> subtree intercepts pointer events
      - retrying click action, attempt #15
      -   waiting 500ms
      -   waiting for element to be visible, enabled and stable
      -   element is visible, enabled and stable
      -   scrolling into view if needed
      -   done scrolling
      -   <div class="cdk-overlay-backdrop cdk-overlay-dark-bac…></div> from <div class="cdk-overlay-container">…</div> subtree intercepts pointer events
      - retrying click action, attempt #16
      -   waiting 500ms
      -   waiting for element to be visible, enabled and stable
      -   element is visible, enabled and stable
      -   scrolling into view if needed
      -   done scrolling
      -   <div class="cdk-overlay-backdrop cdk-overlay-dark-bac…></div> from <div class="cdk-overlay-container">…</div> subtree intercepts pointer events
      - retrying click action, attempt #17
      -   waiting 500ms
      -   waiting for element to be visible, enabled and stable
      -   element is visible, enabled and stable
      -   scrolling into view if needed
      -   done scrolling
      -   <div class="cdk-overlay-backdrop cdk-overlay-dark-bac…></div> from <div class="cdk-overlay-container">…</div> subtree intercepts pointer events
      - retrying click action, attempt #18
      -   waiting 500ms
      -   waiting for element to be visible, enabled and stable
      -   element is visible, enabled and stable
      -   scrolling into view if needed
      -   done scrolling
      -   <li _ngcontent-ika-c174="" class="error-text ng-star…> Unknown Error </li> from <div class="cdk-overlay-container">…</div> subtree intercepts pointer events
      - retrying click action, attempt #19
      -   waiting 500ms
      -   waiting for element to be visible, enabled and stable
      -   element is visible, enabled and stable
      -   scrolling into view if needed
      -   done scrolling
      -   <div class="cdk-overlay-backdrop cdk-overlay-dark-bac…></div> from <div class="cdk-overlay-container">…</div> subtree intercepts pointer events
      - retrying click action, attempt #20
      -   waiting 500ms
      -   waiting for element to be visible, enabled and stable
      -   element is visible, enabled and stable
      -   scrolling into view if needed
      -   done scrolling
      -   <div class="cdk-overlay-backdrop cdk-overlay-dark-bac…></div> from <div class="cdk-overlay-container">…</div> subtree intercepts pointer events
      - retrying click action, attempt #21
      -   waiting 500ms
      -   waiting for element to be visible, enabled and stable
      -   element is visible, enabled and stable
      -   scrolling into view if needed
      -   done scrolling
      -   <div class="cdk-overlay-backdrop cdk-overlay-dark-bac…></div> from <div class="cdk-overlay-container">…</div> subtree intercepts pointer events
      - retrying click action, attempt #22
      -   waiting 500ms
      -   waiting for element to be visible, enabled and stable
      -   element is visible, enabled and stable
      -   scrolling into view if needed
      -   done scrolling
      -   <li _ngcontent-ika-c174="" class="error-text ng-star…> Unknown Error </li> from <div class="cdk-overlay-container">…</div> subtree intercepts pointer events
      - retrying click action, attempt #23
      -   waiting 500ms


       at page-objects\accountTransaction-pages\accountTransaction-pages.ts:509

      507 |     async verifytoDueDateCalendar(){
      508 |         
    > 509 |         await this.toDueDatecalendarButton.click();
          |                                            ^
      510 |        expect(await this.toDueDateDateCalendar.isVisible());
      511 |     }
      512 | async fillDueDate(payerValue: String,fromDueDate1:String,toDueDate1: String,account:String){

        at AccountTransactionPage.verifytoDueDateCalendar (C:\Users\ashwini.sunil.yeskar\AutomationTesting-IRISPortal-Playwright\page-objects\accountTransaction-pages\accountTransaction-pages.ts:509:44)
        at C:\Users\ashwini.sunil.yeskar\AutomationTesting-IRISPortal-Playwright\tests\accountTransaction\accountTransaction.spec.ts:1920:38
        at C:\Users\ashwini.sunil.yeskar\AutomationTesting-IRISPortal-Playwright\tests\accountTransaction\accountTransaction.spec.ts:1919:16

    attachment #1: screenshot (image/png) ──────────────────────────────────────────────────────────
    test-results\tests-accountTransaction-a-e7c3b--calender-icon-is-displayed-Mawista-EU\test-failed-1.png
    ────────────────────────────────────────────────────────────────────────────────────────────────
]]>
</failure>
<system-out>
<![CDATA[Retrying Sign In...
✅ Login process completed

[[ATTACHMENT|..\test-results\tests-accountTransaction-a-e7c3b--calender-icon-is-displayed-Mawista-EU\test-failed-1.png]]
]]>
</system-out>
</testcase>
<testcase name="FIN-TC-1255: TC_561_Account Transaction_verify that click on calender icon then calender get open with current date selected by default" classname="tests\accountTransaction\accountTransaction.spec.ts" time="66.895">
<system-out>
<![CDATA[Retrying Sign In...
✅ Login process completed
]]>
</system-out>
</testcase>
<testcase name="FIN-TC-1256: TC_562_Account Transaction_verify that user can select old date" classname="tests\accountTransaction\accountTransaction.spec.ts" time="51.399">
<system-out>
<![CDATA[✅ Login process completed
]]>
</system-out>
</testcase>
<testcase name="FIN-TC-1257: TC_563_Account Transaction_verify that user can select future date" classname="tests\accountTransaction\accountTransaction.spec.ts" time="50.388">
<system-out>
<![CDATA[✅ Login process completed
]]>
</system-out>
</testcase>
<testcase name="FIN-TC-1258: TC_564_Account Transaction_verify that user can select To Due date less than from Due date" classname="tests\accountTransaction\accountTransaction.spec.ts" time="98.924">
<failure message="accountTransaction.spec.ts:2024:5 FIN-TC-1258: TC_564_Account Transaction_verify that user can select To Due date less than from Due date" type="FAILURE">
<![CDATA[  [Mawista-EU] › tests\accountTransaction\accountTransaction.spec.ts:2024:5 › FIN-TC-1258: TC_564_Account Transaction_verify that user can select To Due date less than from Due date › Enter all the details with Due Date 

    TimeoutError: locator.waitFor: Timeout 10000ms exceeded.
    Call log:
      - waiting for locator('//span[text()=\'Union Ins.\']').first() to be visible


       at page-objects\accountTransaction-pages\accountTransaction-pages.ts:521

      519 |         await this.Account.click();
      520 |         const acc = this.page.locator("//span[text()='Union Ins.']").first();
    > 521 |         await acc.waitFor({ state: "visible", timeout: 10000 });
          |                   ^
      522 |         await acc.click();  
      523 |        await this.fromDueDate.fill(fromDueDate1.trim());
      524 |         await this.toDueDate.fill(toDueDate1.trim());

        at AccountTransactionPage.fillDueDate (C:\Users\ashwini.sunil.yeskar\AutomationTesting-IRISPortal-Playwright\page-objects\accountTransaction-pages\accountTransaction-pages.ts:521:19)
        at C:\Users\ashwini.sunil.yeskar\AutomationTesting-IRISPortal-Playwright\tests\accountTransaction\accountTransaction.spec.ts:2050:9
        at C:\Users\ashwini.sunil.yeskar\AutomationTesting-IRISPortal-Playwright\tests\accountTransaction\accountTransaction.spec.ts:2049:6

    attachment #1: screenshot (image/png) ──────────────────────────────────────────────────────────
    test-results\tests-accountTransaction-a-3f160-ate-less-than-from-Due-date-Mawista-EU\test-failed-1.png
    ────────────────────────────────────────────────────────────────────────────────────────────────
]]>
</failure>
<system-out>
<![CDATA[✅ Login process completed

[[ATTACHMENT|..\test-results\tests-accountTransaction-a-3f160-ate-less-than-from-Due-date-Mawista-EU\test-failed-1.png]]
]]>
</system-out>
</testcase>
<testcase name="FIN-TC-1259: TC_565_Account Transaction_verify that user can select To Due date greater than from Due date" classname="tests\accountTransaction\accountTransaction.spec.ts" time="71.177">
<system-out>
<![CDATA[Retrying Sign In...
✅ Login process completed
]]>
</system-out>
</testcase>
<testcase name="FIN-TC-1260: TC_566_Account Transaction_verify that user can select same To Due date and from Due date" classname="tests\accountTransaction\accountTransaction.spec.ts" time="66.317">
<failure message="accountTransaction.spec.ts:2099:5 FIN-TC-1260: TC_566_Account Transaction_verify that user can select same To Due date and from Due date" type="FAILURE">
<![CDATA[  [Mawista-EU] › tests\accountTransaction\accountTransaction.spec.ts:2099:5 › FIN-TC-1260: TC_566_Account Transaction_verify that user can select same To Due date and from Due date › Enter all the details with due Date 

    TimeoutError: locator.waitFor: Timeout 10000ms exceeded.
    Call log:
      - waiting for locator('//span[text()=\'TEST PAYER (Do Not Use)\']').first() to be visible


       at page-objects\accountTransaction-pages\accountTransaction-pages.ts:517

      515 |         for (const char of payerValue) {await this.payer.type(char, { delay: 200 }); }
      516 |         const option = this.page.locator("//span[text()='TEST PAYER (Do Not Use)']").first();
    > 517 |         await option.waitFor({ state: "visible", timeout: 10000 });
          |                      ^
      518 |         await option.click();      
      519 |         await this.Account.click();
      520 |         const acc = this.page.locator("//span[text()='Union Ins.']").first();

        at AccountTransactionPage.fillDueDate (C:\Users\ashwini.sunil.yeskar\AutomationTesting-IRISPortal-Playwright\page-objects\accountTransaction-pages\accountTransaction-pages.ts:517:22)
        at C:\Users\ashwini.sunil.yeskar\AutomationTesting-IRISPortal-Playwright\tests\accountTransaction\accountTransaction.spec.ts:2125:9
        at C:\Users\ashwini.sunil.yeskar\AutomationTesting-IRISPortal-Playwright\tests\accountTransaction\accountTransaction.spec.ts:2124:5

    attachment #1: screenshot (image/png) ──────────────────────────────────────────────────────────
    test-results\tests-accountTransaction-a-1879d--Due-date-and-from-Due-date-Mawista-EU\test-failed-1.png
    ────────────────────────────────────────────────────────────────────────────────────────────────
]]>
</failure>
<system-out>
<![CDATA[✅ Login process completed

[[ATTACHMENT|..\test-results\tests-accountTransaction-a-1879d--Due-date-and-from-Due-date-Mawista-EU\test-failed-1.png]]
]]>
</system-out>
</testcase>
<testcase name="FIN-TC-1261: TC_567_Account Transaction_verify that from settle date label and textbox is displayed" classname="tests\accountTransaction\accountTransaction.spec.ts" time="36.673">
<system-out>
<![CDATA[✅ Login process completed
]]>
</system-out>
</testcase>
<testcase name="FIN-TC-1262:TC_568_Account Transaction_verify that calender icon is displayed" classname="tests\accountTransaction\accountTransaction.spec.ts" time="31.822">
<system-out>
<![CDATA[✅ Login process completed
]]>
</system-out>
</testcase>
<testcase name="FIN-TC-1263: TC_569_Account Transaction_verify that click on calender icon then calender get open with current date selected by default" classname="tests\accountTransaction\accountTransaction.spec.ts" time="46.313">
<system-out>
<![CDATA[✅ Login process completed
]]>
</system-out>
</testcase>
<testcase name="FIN-TC-1264: TC_570_Account Transaction_verify that user can select old date" classname="tests\accountTransaction\accountTransaction.spec.ts" time="66.24">
<system-out>
<![CDATA[Retrying Sign In...
✅ Login process completed
]]>
</system-out>
</testcase>
<testcase name="FIN-TC-1265: TC_571_Account Transaction_verify that user can select future date" classname="tests\accountTransaction\accountTransaction.spec.ts" time="39.959">
<system-out>
<![CDATA[✅ Login process completed
]]>
</system-out>
</testcase>
<testcase name="FIN-TC-1266: TC_572_Account Transaction_verify that To settle date label and textbox is displayed" classname="tests\accountTransaction\accountTransaction.spec.ts" time="40.892">
<system-out>
<![CDATA[✅ Login process completed
]]>
</system-out>
</testcase>
<testcase name="FIN-TC-1267:TC_573_Account Transaction_verify that calender icon is displayed" classname="tests\accountTransaction\accountTransaction.spec.ts" time="54.206">
<system-out>
<![CDATA[Retrying Sign In...
✅ Login process completed
]]>
</system-out>
</testcase>
</testsuite>
<testsuite name="tests\chartOfAccounts\chartOfAccounts.spec.ts" timestamp="2026-06-22T06:57:53.314Z" hostname="Mawista-EU" tests="2" failures="1" skipped="0" time="244.079" errors="0">
<testcase name="FIN-TC-1391: TC_001_Chart of Accounts_Verify that the user is able to navigate to Chart of Accounts screen" classname="tests\chartOfAccounts\chartOfAccounts.spec.ts" time="41.974">
<system-out>
<![CDATA[--------------Start the Financial Organization - Chart of Accounts Testclass----------------------
✅ Login process completed
]]>
</system-out>
</testcase>
<testcase name="FIN-TC-1392: TC_002_Chart of Accounts_Verify the UI of the landing screen" classname="tests\chartOfAccounts\chartOfAccounts.spec.ts" time="202.105">
<properties>
<property name="Screen shot on Failure" value="test-results/screenshots/sc.png">
</property>
</properties>
<failure message="chartOfAccounts.spec.ts:36:5 FIN-TC-1392: TC_002_Chart of Accounts_Verify the UI of the landing screen" type="FAILURE">
<![CDATA[  [Mawista-EU] › tests\chartOfAccounts\chartOfAccounts.spec.ts:36:5 › FIN-TC-1392: TC_002_Chart of Accounts_Verify the UI of the landing screen 

    Test timeout of 200000ms exceeded.

    TypeError: apiRequestContext.post: Invalid URL

       at page-objects\utilities-pages\global-setup.ts:17

      15 |         const testCaseID: string = testInfo.title.split(':')[0];
      16 |         const projectID: string = testCaseID.split(':')[0];
    > 17 |         const response = await request.post(`${baseURL}/api/v1/project/${projectID}/testcase/${testCaseID}/attachment`, {
         |                                        ^
      18 |             headers: {
      19 |                 Accept: "*/*",
      20 |                 ContentType: "multipart/form-data",

        at C:\Users\ashwini.sunil.yeskar\AutomationTesting-IRISPortal-Playwright\page-objects\utilities-pages\global-setup.ts:17:40

    Error: locator.click: Test timeout of 200000ms exceeded.
    Call log:
      - waiting for locator('//button[@type=\'submit\']')
      -   locator resolved to <button type="submit" disabled="true" mat-raised-button=…>…</button>
      - attempting click action
      -   scrolling into view if needed
      - element was detached from the DOM, retrying


       at page-objects\login-page.ts:64

      62 |         if (stillOnLogin) {
      63 |             console.log('Retrying Sign In...');
    > 64 |             await this.signinButton.click({ force: true });
         |                                     ^
      65 |             await this.page.waitForLoadState('domcontentloaded');
      66 |         }
      67 |

        at LoginPage.loginToApplication (C:\Users\ashwini.sunil.yeskar\AutomationTesting-IRISPortal-Playwright\page-objects\login-page.ts:64:37)
        at C:\Users\ashwini.sunil.yeskar\AutomationTesting-IRISPortal-Playwright\tests\chartOfAccounts\chartOfAccounts.spec.ts:50:9
        at C:\Users\ashwini.sunil.yeskar\AutomationTesting-IRISPortal-Playwright\tests\chartOfAccounts\chartOfAccounts.spec.ts:49:5

    attachment #1: screenshot (image/png) ──────────────────────────────────────────────────────────
    test-results\tests-chartOfAccounts-char-2d3e3-he-UI-of-the-landing-screen-Mawista-EU\test-failed-1.png
    ────────────────────────────────────────────────────────────────────────────────────────────────
]]>
</failure>
<system-out>
<![CDATA[--------------Start the Financial Organization - Chart of Accounts Testclass----------------------
Retrying Sign In...

[[ATTACHMENT|..\test-results\tests-chartOfAccounts-char-2d3e3-he-UI-of-the-landing-screen-Mawista-EU\test-failed-1.png]]
]]>
</system-out>
</testcase>
</testsuite>
<testsuite name="tests\paymentOrders\paymentOrders.spec.ts" timestamp="2026-06-22T06:57:53.314Z" hostname="Mawista-EU" tests="13" failures="0" skipped="0" time="447.756" errors="0">
<testcase name="FIN-TC-1075: TC_427_Payment Orders_verify that user can select To Delivery date greater than From Delivery date" classname="tests\paymentOrders\paymentOrders.spec.ts" time="41.202">
<system-out>
<![CDATA[--------------Start the Financial Organization - Payment Order Details Testclass----------------------
✅ Login process completed
From Delivery Date="22-Jun-2026" | To Delivery Date="15-Jul-2026" (selected 15-Jul-2026)
]]>
</system-out>
</testcase>
<testcase name="FIN-TC-1076: TC_428_Payment Orders_verify that user can select same To Delivery date and From Delivery date" classname="tests\paymentOrders\paymentOrders.spec.ts" time="37.336">
<system-out>
<![CDATA[--------------Start the Financial Organization - Payment Order Details Testclass----------------------
✅ Login process completed
From Delivery Date="22-Jun-2026" | To Delivery Date="22-Jun-2026" (same date selected: 22-Jun-2026)
]]>
</system-out>
</testcase>
<testcase name="FIN-TC-1077: TC_429_Payment Orders_Verify that Batch Id textbox accept blank spaces" classname="tests\paymentOrders\paymentOrders.spec.ts" time="33.611">
<system-out>
<![CDATA[--------------Start the Financial Organization - Payment Order Details Testclass----------------------
✅ Login process completed
Batch Id textbox after entering blank spaces: "" (system rejected blank spaces as expected)
]]>
</system-out>
</testcase>
<testcase name="FIN-TC-1078: TC_430_Payment Orders_Verify that Batch Id textbox accept leading and trailing spaces" classname="tests\paymentOrders\paymentOrders.spec.ts" time="42.198">
<system-out>
<![CDATA[--------------Start the Financial Organization - Payment Order Details Testclass----------------------
✅ Login process completed
Batch Id input " 123 " → textbox shows "123" (system stripped leading/trailing spaces as expected)
]]>
</system-out>
</testcase>
<testcase name="FIN-TC-1079: TC_431_Payment Orders_verify that enter single alphabeat and click on search" classname="tests\paymentOrders\paymentOrders.spec.ts" time="31.346">
<system-out>
<![CDATA[--------------Start the Financial Organization - Payment Order Details Testclass----------------------
✅ Login process completed
Batch Id input "A" → textbox shows "" (system rejected alphabet as expected)
]]>
</system-out>
</testcase>
<testcase name="FIN-TC-1080: TC_432_Payment Orders_verify that enter single special charachter and click on search" classname="tests\paymentOrders\paymentOrders.spec.ts" time="31.271">
<system-out>
<![CDATA[--------------Start the Financial Organization - Payment Order Details Testclass----------------------
✅ Login process completed
Batch Id input "!" → textbox shows "" (system rejected special character as expected)
]]>
</system-out>
</testcase>
<testcase name="FIN-TC-1081: TC_433_Payment Orders_verify that enter number and blank spaces and click on search" classname="tests\paymentOrders\paymentOrders.spec.ts" time="31.844">
<system-out>
<![CDATA[--------------Start the Financial Organization - Payment Order Details Testclass----------------------
✅ Login process completed
Batch Id input "1 2 3" → textbox shows "123" (system stripped interleaved spaces, kept numbers)
Search button clicked after entering numbers with blank spaces
]]>
</system-out>
</testcase>
<testcase name="FIN-TC-1082: TC_434_Payment Orders_verify that show only not delivered toggle button is displayed" classname="tests\paymentOrders\paymentOrders.spec.ts" time="29.98">
<system-out>
<![CDATA[--------------Start the Financial Organization - Payment Order Details Testclass----------------------
✅ Login process completed
Show Only Not Delivered toggle button is visible
]]>
</system-out>
</testcase>
<testcase name="FIN-TC-1083: TC_435_Payment Orders_verify that user can enable toggle button show only not delivered" classname="tests\paymentOrders\paymentOrders.spec.ts" time="31.628">
<system-out>
<![CDATA[--------------Start the Financial Organization - Payment Order Details Testclass----------------------
✅ Login process completed
Show Only Not Delivered toggle initial aria-checked: false
Show Only Not Delivered toggle after click — aria-checked: true (enabled as expected)
]]>
</system-out>
</testcase>
<testcase name="FIN-TC-1084: TC_436_Payment Orders_verify that user can disable toggle button show only not delivered" classname="tests\paymentOrders\paymentOrders.spec.ts" time="41.611">
<system-out>
<![CDATA[--------------Start the Financial Organization - Payment Order Details Testclass----------------------
✅ Login process completed
Show Only Not Delivered toggle enabled (preparation step)
Show Only Not Delivered toggle after second click — aria-checked: false (disabled as expected)
]]>
</system-out>
</testcase>
<testcase name="FIN-TC-1085: TC_437_Payment Orders_verify that Capitation toggle button is displayed" classname="tests\paymentOrders\paymentOrders.spec.ts" time="28.58">
<system-out>
<![CDATA[--------------Start the Financial Organization - Payment Order Details Testclass----------------------
✅ Login process completed
Capitation toggle button is visible
]]>
</system-out>
</testcase>
<testcase name="FIN-TC-1086: TC_438_Payment Orders_verify that user can enable toggle button Capitation" classname="tests\paymentOrders\paymentOrders.spec.ts" time="33.573">
<system-out>
<![CDATA[--------------Start the Financial Organization - Payment Order Details Testclass----------------------
✅ Login process completed
Capitation toggle initial aria-checked: false
Capitation toggle after click — aria-checked: true (enabled as expected)
]]>
</system-out>
</testcase>
<testcase name="FIN-TC-1087: TC_439_Payment Orders_verify that user can disable toggle button Capitation" classname="tests\paymentOrders\paymentOrders.spec.ts" time="33.576">
<system-out>
<![CDATA[--------------Start the Financial Organization - Payment Order Details Testclass----------------------
✅ Login process completed
Capitation toggle enabled (preparation step)
Capitation toggle after second click — aria-checked: false (disabled as expected)
]]>
</system-out>
</testcase>
</testsuite>
</testsuites>