<testsuites id="" name="" tests="1" failures="0" skipped="0" errors="0" time="107.88303000000026">
<testsuite name="tests\Reports\Reports.spec.ts" timestamp="2025-02-06T12:16:17.480Z" hostname="Mawista-EU" tests="1" failures="0" skipped="0" time="93.17" errors="0">
<testcase name="NXGF-TC-3826: TC_015_IPT_Verify that the the totals are separated by the Product line" classname="tests\Reports\Reports.spec.ts" time="93.17">
<system-out>
<![CDATA[Net Premium: 2.11
IPT Amount: 0
Calculated Turnover: 2.11
Net Premium matches the displayed value.
IPT Amount matches the displayed value.
Turnover matches the displayed value.
]]>
</system-out>
</testcase>
</testsuite>
</testsuites>