<testsuites id="" name="" tests="12" failures="1" skipped="0" errors="0" time="695.329868999999">
<testsuite name="tests\mawistaPayments\mawistaPayments.spec.ts" timestamp="2025-03-05T09:22:18.771Z" hostname="Mawista-EU" tests="12" failures="1" skipped="0" time="671.789" errors="0">
<testcase name="NXGF-TC-3712: TC_002_Mawista payments_Verify that the user is able to view the default and mandatory search option of &quot;from date&quot; and &quot;To date&quot;" classname="tests\mawistaPayments\mawistaPayments.spec.ts" time="45.204">
<system-out>
<![CDATA[--------------Start the Mawista Payments Testclass----------------------
]]>
</system-out>
</testcase>
<testcase name="NXGF-TC-3711: TC_001_Mawista payments_Verify that the IRIS user will be presented with the initial Search Payments query screen and fields" classname="tests\mawistaPayments\mawistaPayments.spec.ts" time="200.054">
<failure message="mawistaPayments.spec.ts:42:5 NXGF-TC-3711: TC_001_Mawista payments_Verify that the IRIS user will be presented with the initial Search Payments query screen and fields" type="FAILURE">
<![CDATA[  [Mawista-EU] › tests\mawistaPayments\mawistaPayments.spec.ts:42:5 › NXGF-TC-3711: TC_001_Mawista payments_Verify that the IRIS user will be presented with the initial Search Payments query screen and fields 

    Test timeout of 100000ms exceeded.

    Test timeout of 100000ms exceeded while running "afterEach" hook.

       at page-objects\utilities-pages\global-setup.ts:8

       6 | const data = require(`../../testdata/${process.env.ENV || 'eu'}/login.json`) as Record<string, any>;
       7 |
    >  8 | test.afterEach(async ({ page, request, baseURL }, testInfo) => {
         |      ^
       9 |     if (testInfo.status !== testInfo.expectedStatus) {
      10 |         let scPath: string = `test-results/screenshots/sc.png`;
      11 |         await page.screenshot({ path: scPath });

        at C:\Users\ashwini.sunil.yeskar\AutomationTesting-MawistaFinance1\AutomationTesting-MawistaFinance\page-objects\utilities-pages\global-setup.ts:8:6

    Error: page.screenshot: Test timeout of 100000ms exceeded.
    Call log:
      - taking page screenshot
      - waiting for fonts to load...
      - fonts loaded


       at page-objects\utilities-pages\global-setup.ts:11

       9 |     if (testInfo.status !== testInfo.expectedStatus) {
      10 |         let scPath: string = `test-results/screenshots/sc.png`;
    > 11 |         await page.screenshot({ path: scPath });
         |                    ^
      12 |         testInfo.annotations.push({ type: 'Screen shot on Failure', description: scPath });
      13 |         const file = path.resolve(scPath);
      14 |         const image = fs.readFileSync(file);

        at C:\Users\ashwini.sunil.yeskar\AutomationTesting-MawistaFinance1\AutomationTesting-MawistaFinance\page-objects\utilities-pages\global-setup.ts:11:20

    Error: locator.click: Test timeout of 100000ms exceeded.
    Call log:
      - waiting for locator('//button[@title=\'Sign in\']')
      -   locator resolved to <button type="button" title="Sign in" mat-raised-button=…>…</button>
      - attempting click action
      -   waiting for element to be visible, enabled and stable
      -   element is visible, enabled and stable
      -   scrolling into view if needed
      -   done scrolling
      -   <div class="cdk-overlay-backdrop cdk-overlay-dark-bac…></div> from <div class="cdk-overlay-container">…</div> subtree intercepts pointer events
      - retrying click action, attempt #1
      -   waiting for element to be visible, enabled and stable
      -   element is visible, enabled and stable
      -   scrolling into view if needed
      -   done scrolling
      -   <div class="cdk-overlay-backdrop cdk-overlay-dark-bac…></div> from <div class="cdk-overlay-container">…</div> subtree intercepts pointer events
      - retrying click action, attempt #2
      -   waiting 20ms
      -   waiting for element to be visible, enabled and stable
      -   element is visible, enabled and stable
      -   scrolling into view if needed
      -   done scrolling
      -   <div class="cdk-overlay-backdrop cdk-overlay-dark-bac…></div> from <div class="cdk-overlay-container">…</div> subtree intercepts pointer events
      - retrying click action, attempt #3
      -   waiting 100ms
      -   waiting for element to be visible, enabled and stable
      -   element is visible, enabled and stable
      -   scrolling into view if needed
      -   done scrolling
      -   <div class="cdk-overlay-backdrop cdk-overlay-dark-bac…></div> from <div class="cdk-overlay-container">…</div> subtree intercepts pointer events
      - retrying click action, attempt #4
      -   waiting 100ms
      -   waiting for element to be visible, enabled and stable
      -   element is visible, enabled and stable
      -   scrolling into view if needed
      -   done scrolling
      -   <div class="cdk-overlay-backdrop cdk-overlay-dark-bac…></div> from <div class="cdk-overlay-container">…</div> subtree intercepts pointer events
      - retrying click action, attempt #5
      -   waiting 500ms
      -   waiting for element to be visible, enabled and stable
      -   element is visible, enabled and stable
      -   scrolling into view if needed
      -   done scrolling
      -   <div class="cdk-overlay-backdrop cdk-overlay-dark-bac…></div> from <div class="cdk-overlay-container">…</div> subtree intercepts pointer events
      - retrying click action, attempt #6
      -   waiting 500ms
      -   waiting for element to be visible, enabled and stable
      -   element is visible, enabled and stable
      -   scrolling into view if needed
      -   done scrolling
      -   <div class="cdk-overlay-backdrop cdk-overlay-dark-bac…></div> from <div class="cdk-overlay-container">…</div> subtree intercepts pointer events
      - retrying click action, attempt #7
      -   waiting 500ms
      -   waiting for element to be visible, enabled and stable
      -   element is visible, enabled and stable
      -   scrolling into view if needed
      -   done scrolling
      -   <div class="cdk-overlay-backdrop cdk-overlay-dark-bac…></div> from <div class="cdk-overlay-container">…</div> subtree intercepts pointer events
      - retrying click action, attempt #8
      -   waiting 500ms
      -   waiting for element to be visible, enabled and stable
      -   element is visible, enabled and stable
      -   scrolling into view if needed
      -   done scrolling
      -   <div class="cdk-overlay-backdrop cdk-overlay-dark-bac…></div> from <div class="cdk-overlay-container">…</div> subtree intercepts pointer events
      - retrying click action, attempt #9
      -   waiting 500ms
      -   waiting for element to be visible, enabled and stable
      -   element is visible, enabled and stable
      -   scrolling into view if needed
      -   done scrolling
      -   <div class="cdk-overlay-backdrop cdk-overlay-dark-bac…></div> from <div class="cdk-overlay-container">…</div> subtree intercepts pointer events
      - retrying click action, attempt #10
      -   waiting 500ms
      -   waiting for element to be visible, enabled and stable
      -   element is visible, enabled and stable
      -   scrolling into view if needed
      -   done scrolling
      -   <div class="cdk-overlay-backdrop cdk-overlay-dark-bac…></div> from <div class="cdk-overlay-container">…</div> subtree intercepts pointer events
      - retrying click action, attempt #11
      -   waiting 500ms
      -   waiting for element to be visible, enabled and stable
      -   element is visible, enabled and stable
      -   scrolling into view if needed
      -   done scrolling
      -   <div class="cdk-overlay-backdrop cdk-overlay-dark-bac…></div> from <div class="cdk-overlay-container">…</div> subtree intercepts pointer events
      - retrying click action, attempt #12
      -   waiting 500ms
      -   waiting for element to be visible, enabled and stable
      -   element is visible, enabled and stable
      -   scrolling into view if needed
      -   done scrolling
      -   <div class="cdk-overlay-backdrop cdk-overlay-dark-bac…></div> from <div class="cdk-overlay-container">…</div> subtree intercepts pointer events
      - retrying click action, attempt #13
      -   waiting 500ms
      -   waiting for element to be visible, enabled and stable
      -   element is visible, enabled and stable
      -   scrolling into view if needed
      -   done scrolling
      -   <div class="cdk-overlay-backdrop cdk-overlay-dark-bac…></div> from <div class="cdk-overlay-container">…</div> subtree intercepts pointer events
      - retrying click action, attempt #14
      -   waiting 500ms
      -   waiting for element to be visible, enabled and stable
      -   element is visible, enabled and stable
      -   scrolling into view if needed
      -   done scrolling
      -   <div class="cdk-overlay-backdrop cdk-overlay-dark-bac…></div> from <div class="cdk-overlay-container">…</div> subtree intercepts pointer events
      - retrying click action, attempt #15
      -   waiting 500ms
      -   waiting for element to be visible, enabled and stable
      -   element is visible, enabled and stable
      -   scrolling into view if needed
      -   done scrolling
      -   <div class="cdk-overlay-backdrop cdk-overlay-dark-bac…></div> from <div class="cdk-overlay-container">…</div> subtree intercepts pointer events
      - retrying click action, attempt #16
      -   waiting 500ms
      -   waiting for element to be visible, enabled and stable
      -   element is visible, enabled and stable
      -   scrolling into view if needed
      -   done scrolling
      -   <div class="cdk-overlay-backdrop cdk-overlay-dark-bac…></div> from <div class="cdk-overlay-container">…</div> subtree intercepts pointer events
      - retrying click action, attempt #17
      -   waiting 500ms
      -   waiting for element to be visible, enabled and stable
      -   element is visible, enabled and stable
      -   scrolling into view if needed
      -   done scrolling
      -   <div class="cdk-overlay-backdrop cdk-overlay-dark-bac…></div> from <div class="cdk-overlay-container">…</div> subtree intercepts pointer events
      - retrying click action, attempt #18
      -   waiting 500ms
      -   waiting for element to be visible, enabled and stable
      -   element is visible, enabled and stable
      -   scrolling into view if needed
      -   done scrolling
      -   <div class="cdk-overlay-backdrop cdk-overlay-dark-bac…></div> from <div class="cdk-overlay-container">…</div> subtree intercepts pointer events
      - retrying click action, attempt #19
      -   waiting 500ms
      -   waiting for element to be visible, enabled and stable
      -   element is visible, enabled and stable
      -   scrolling into view if needed
      -   done scrolling
      -   <div class="cdk-overlay-backdrop cdk-overlay-dark-bac…></div> from <div class="cdk-overlay-container">…</div> subtree intercepts pointer events
      - retrying click action, attempt #20
      -   waiting 500ms
      -   waiting for element to be visible, enabled and stable
      -   element is visible, enabled and stable
      -   scrolling into view if needed
      -   done scrolling
      -   <div class="cdk-overlay-backdrop cdk-overlay-dark-bac…></div> from <div class="cdk-overlay-container">…</div> subtree intercepts pointer events
      - retrying click action, attempt #21
      -   waiting 500ms
      -   waiting for element to be visible, enabled and stable
      -   element is visible, enabled and stable
      -   scrolling into view if needed
      -   done scrolling
      -   <div class="cdk-overlay-backdrop cdk-overlay-dark-bac…></div> from <div class="cdk-overlay-container">…</div> subtree intercepts pointer events
      - retrying click action, attempt #22
      -   waiting 500ms
      -   waiting for element to be visible, enabled and stable
      -   element is visible, enabled and stable
      -   scrolling into view if needed
      -   done scrolling
      -   <div class="cdk-overlay-backdrop cdk-overlay-dark-bac…></div> from <div class="cdk-overlay-container">…</div> subtree intercepts pointer events
      - retrying click action, attempt #23
      -   waiting 500ms
      -   waiting for element to be visible, enabled and stable
      -   element is visible, enabled and stable
      -   scrolling into view if needed
      -   done scrolling
      -   <div class="cdk-overlay-backdrop cdk-overlay-dark-bac…></div> from <div class="cdk-overlay-container">…</div> subtree intercepts pointer events
      - retrying click action, attempt #24
      -   waiting 500ms
      -   waiting for element to be visible, enabled and stable
      -   element is visible, enabled and stable
      -   scrolling into view if needed
      -   done scrolling
      -   <div class="cdk-overlay-backdrop cdk-overlay-dark-bac…></div> from <div class="cdk-overlay-container">…</div> subtree intercepts pointer events
      - retrying click action, attempt #25
      -   waiting 500ms
      -   waiting for element to be visible, enabled and stable
      -   element is visible, enabled and stable
      -   scrolling into view if needed
      -   done scrolling
      -   <div class="cdk-overlay-backdrop cdk-overlay-dark-bac…></div> from <div class="cdk-overlay-container">…</div> subtree intercepts pointer events
      - retrying click action, attempt #26
      -   waiting 500ms
      -   waiting for element to be visible, enabled and stable
      -   element is visible, enabled and stable
      -   scrolling into view if needed
      -   done scrolling
      -   <div class="cdk-overlay-backdrop cdk-overlay-dark-bac…></div> from <div class="cdk-overlay-container">…</div> subtree intercepts pointer events
      - retrying click action, attempt #27
      -   waiting 500ms
      -   waiting for element to be visible, enabled and stable
      -   element is visible, enabled and stable
      -   scrolling into view if needed
      -   done scrolling
      -   <div class="cdk-overlay-backdrop cdk-overlay-dark-bac…></div> from <div class="cdk-overlay-container">…</div> subtree intercepts pointer events
      - retrying click action, attempt #28
      -   waiting 500ms
      -   waiting for element to be visible, enabled and stable
      -   element is visible, enabled and stable
      -   scrolling into view if needed
      -   done scrolling
      -   <div class="cdk-overlay-backdrop cdk-overlay-dark-bac…></div> from <div class="cdk-overlay-container">…</div> subtree intercepts pointer events
      - retrying click action, attempt #29
      -   waiting 500ms
      -   waiting for element to be visible, enabled and stable
      -   element is visible, enabled and stable
      -   scrolling into view if needed
      -   done scrolling
      -   <div class="cdk-overlay-backdrop cdk-overlay-dark-bac…></div> from <div class="cdk-overlay-container">…</div> subtree intercepts pointer events
      - retrying click action, attempt #30
      -   waiting 500ms
      -   waiting for element to be visible, enabled and stable
      -   element is visible, enabled and stable
      -   scrolling into view if needed
      -   done scrolling
      -   <div class="cdk-overlay-backdrop cdk-overlay-dark-bac…></div> from <div class="cdk-overlay-container">…</div> subtree intercepts pointer events
      - retrying click action, attempt #31
      -   waiting 500ms
      -   waiting for element to be visible, enabled and stable
      -   element is visible, enabled and stable
      -   scrolling into view if needed
      -   done scrolling
      -   <div class="cdk-overlay-backdrop cdk-overlay-dark-bac…></div> from <div class="cdk-overlay-container">…</div> subtree intercepts pointer events
      - retrying click action, attempt #32
      -   waiting 500ms
      -   waiting for element to be visible, enabled and stable
      -   element is visible, enabled and stable
      -   scrolling into view if needed
      -   done scrolling
      -   <div class="cdk-overlay-backdrop cdk-overlay-dark-bac…></div> from <div class="cdk-overlay-container">…</div> subtree intercepts pointer events
      - retrying click action, attempt #33
      -   waiting 500ms
      -   waiting for element to be visible, enabled and stable
      -   element is visible, enabled and stable
      -   scrolling into view if needed
      -   done scrolling
      -   <div class="cdk-overlay-backdrop cdk-overlay-dark-bac…></div> from <div class="cdk-overlay-container">…</div> subtree intercepts pointer events
      - retrying click action, attempt #34
      -   waiting 500ms
      -   waiting for element to be visible, enabled and stable
      -   element is visible, enabled and stable
      -   scrolling into view if needed
      -   done scrolling
      -   <div class="cdk-overlay-backdrop cdk-overlay-dark-bac…></div> from <div class="cdk-overlay-container">…</div> subtree intercepts pointer events
      - retrying click action, attempt #35
      -   waiting 500ms
      -   waiting for element to be visible, enabled and stable
      -   element is visible, enabled and stable
      -   scrolling into view if needed
      -   done scrolling
      -   <div class="cdk-overlay-backdrop cdk-overlay-dark-bac…></div> from <div class="cdk-overlay-container">…</div> subtree intercepts pointer events
      - retrying click action, attempt #36
      -   waiting 500ms
      -   waiting for element to be visible, enabled and stable
      -   element is visible, enabled and stable
      -   scrolling into view if needed
      -   done scrolling
      -   <div class="cdk-overlay-backdrop cdk-overlay-dark-bac…></div> from <div class="cdk-overlay-container">…</div> subtree intercepts pointer events
      - retrying click action, attempt #37
      -   waiting 500ms
      -   waiting for element to be visible, enabled and stable
      -   element is visible, enabled and stable
      -   scrolling into view if needed
      -   done scrolling
      -   <div class="cdk-overlay-backdrop cdk-overlay-dark-bac…></div> from <div class="cdk-overlay-container">…</div> subtree intercepts pointer events
      - retrying click action, attempt #38
      -   waiting 500ms
      -   waiting for element to be visible, enabled and stable
      -   element is visible, enabled and stable
      -   scrolling into view if needed
      -   done scrolling
      -   <div class="cdk-overlay-backdrop cdk-overlay-dark-bac…></div> from <div class="cdk-overlay-container">…</div> subtree intercepts pointer events
      - retrying click action, attempt #39
      -   waiting 500ms
      -   waiting for element to be visible, enabled and stable
      -   element is visible, enabled and stable
      -   scrolling into view if needed
      -   done scrolling
      -   <div class="cdk-overlay-backdrop cdk-overlay-dark-bac…></div> from <div class="cdk-overlay-container">…</div> subtree intercepts pointer events
      - retrying click action, attempt #40
      -   waiting 500ms
      -   waiting for element to be visible, enabled and stable
      -   element is visible, enabled and stable
      -   scrolling into view if needed
      -   done scrolling
      -   <div class="cdk-overlay-backdrop cdk-overlay-dark-bac…></div> from <div class="cdk-overlay-container">…</div> subtree intercepts pointer events
      - retrying click action, attempt #41
      -   waiting 500ms
      -   waiting for element to be visible, enabled and stable
      -   element is visible, enabled and stable
      -   scrolling into view if needed
      -   done scrolling
      -   <div class="cdk-overlay-backdrop cdk-overlay-dark-bac…></div> from <div class="cdk-overlay-container">…</div> subtree intercepts pointer events
      - retrying click action, attempt #42
      -   waiting 500ms
      -   waiting for element to be visible, enabled and stable
      -   element is visible, enabled and stable
      -   scrolling into view if needed
      -   done scrolling
      -   <div class="cdk-overlay-backdrop cdk-overlay-dark-bac…></div> from <div class="cdk-overlay-container">…</div> subtree intercepts pointer events
      - retrying click action, attempt #43
      -   waiting 500ms
      -   waiting for element to be visible, enabled and stable
      -   element is visible, enabled and stable
      -   scrolling into view if needed
      -   done scrolling
      -   <div class="cdk-overlay-backdrop cdk-overlay-dark-bac…></div> from <div class="cdk-overlay-container">…</div> subtree intercepts pointer events
      - retrying click action, attempt #44
      -   waiting 500ms
      -   waiting for element to be visible, enabled and stable
      -   element is visible, enabled and stable
      -   scrolling into view if needed
      -   done scrolling
      -   <div class="cdk-overlay-backdrop cdk-overlay-dark-bac…></div> from <div class="cdk-overlay-container">…</div> subtree intercepts pointer events
      - retrying click action, attempt #45
      -   waiting 500ms
      -   waiting for element to be visible, enabled and stable
      -   element is visible, enabled and stable
      -   scrolling into view if needed
      -   done scrolling
      -   <div class="cdk-overlay-backdrop cdk-overlay-dark-bac…></div> from <div class="cdk-overlay-container">…</div> subtree intercepts pointer events
      - retrying click action, attempt #46
      -   waiting 500ms
      -   waiting for element to be visible, enabled and stable
      -   element is visible, enabled and stable
      -   scrolling into view if needed
      -   done scrolling
      -   <div class="cdk-overlay-backdrop cdk-overlay-dark-bac…></div> from <div class="cdk-overlay-container">…</div> subtree intercepts pointer events
      - retrying click action, attempt #47
      -   waiting 500ms
      -   waiting for element to be visible, enabled and stable
      -   element is visible, enabled and stable
      -   scrolling into view if needed
      -   done scrolling
      -   <div class="cdk-overlay-backdrop cdk-overlay-dark-bac…></div> from <div class="cdk-overlay-container">…</div> subtree intercepts pointer events
      - retrying click action, attempt #48
      -   waiting 500ms
      -   waiting for element to be visible, enabled and stable
      -   element is visible, enabled and stable
      -   scrolling into view if needed
      -   done scrolling
      -   <div class="cdk-overlay-backdrop cdk-overlay-dark-bac…></div> from <div class="cdk-overlay-container">…</div> subtree intercepts pointer events
      - retrying click action, attempt #49
      -   waiting 500ms
      -   waiting for element to be visible, enabled and stable
      -   element is visible, enabled and stable
      -   scrolling into view if needed
      -   done scrolling
      -   <div class="cdk-overlay-backdrop cdk-overlay-dark-bac…></div> from <div class="cdk-overlay-container">…</div> subtree intercepts pointer events
      - retrying click action, attempt #50
      -   waiting 500ms
      -   waiting for element to be visible, enabled and stable
      -   element is visible, enabled and stable
      -   scrolling into view if needed
      -   done scrolling
      -   <div class="cdk-overlay-backdrop cdk-overlay-dark-bac…></div> from <div class="cdk-overlay-container">…</div> subtree intercepts pointer events
      - retrying click action, attempt #51
      -   waiting 500ms
      -   waiting for element to be visible, enabled and stable
      -   element is visible, enabled and stable
      -   scrolling into view if needed
      -   done scrolling
      -   <div class="cdk-overlay-backdrop cdk-overlay-dark-bac…></div> from <div class="cdk-overlay-container">…</div> subtree intercepts pointer events
      - retrying click action, attempt #52
      -   waiting 500ms
      -   waiting for element to be visible, enabled and stable
      -   element is visible, enabled and stable
      -   scrolling into view if needed
      -   done scrolling
      -   <div class="cdk-overlay-backdrop cdk-overlay-dark-bac…></div> from <div class="cdk-overlay-container">…</div> subtree intercepts pointer events
      - retrying click action, attempt #53
      -   waiting 500ms
      -   waiting for element to be visible, enabled and stable
      -   element is visible, enabled and stable
      -   scrolling into view if needed
      -   done scrolling
      -   <div class="cdk-overlay-backdrop cdk-overlay-dark-bac…></div> from <div class="cdk-overlay-container">…</div> subtree intercepts pointer events
      - retrying click action, attempt #54
      -   waiting 500ms
      -   waiting for element to be visible, enabled and stable
      -   element is visible, enabled and stable
      -   scrolling into view if needed
      -   done scrolling
      -   <div class="cdk-overlay-backdrop cdk-overlay-dark-bac…></div> from <div class="cdk-overlay-container">…</div> subtree intercepts pointer events
      - retrying click action, attempt #55
      -   waiting 500ms
      -   waiting for element to be visible, enabled and stable
      -   element is visible, enabled and stable
      -   scrolling into view if needed
      -   done scrolling
      -   <div class="cdk-overlay-backdrop cdk-overlay-dark-bac…></div> from <div class="cdk-overlay-container">…</div> subtree intercepts pointer events
      - retrying click action, attempt #56
      -   waiting 500ms
      -   waiting for element to be visible, enabled and stable
      -   element is visible, enabled and stable
      -   scrolling into view if needed
      -   done scrolling
      -   <div class="cdk-overlay-backdrop cdk-overlay-dark-bac…></div> from <div class="cdk-overlay-container">…</div> subtree intercepts pointer events
      - retrying click action, attempt #57
      -   waiting 500ms
      -   waiting for element to be visible, enabled and stable
      -   element is visible, enabled and stable
      -   scrolling into view if needed
      -   done scrolling
      -   <div class="cdk-overlay-backdrop cdk-overlay-dark-bac…></div> from <div class="cdk-overlay-container">…</div> subtree intercepts pointer events
      - retrying click action, attempt #58
      -   waiting 500ms
      -   waiting for element to be visible, enabled and stable
      -   element is visible, enabled and stable
      -   scrolling into view if needed
      -   done scrolling
      -   <div class="cdk-overlay-backdrop cdk-overlay-dark-bac…></div> from <div class="cdk-overlay-container">…</div> subtree intercepts pointer events
      - retrying click action, attempt #59
      -   waiting 500ms
      -   waiting for element to be visible, enabled and stable
      -   element is visible, enabled and stable
      -   scrolling into view if needed
      -   done scrolling
      -   <div class="cdk-overlay-backdrop cdk-overlay-dark-bac…></div> from <div class="cdk-overlay-container">…</div> subtree intercepts pointer events
      - retrying click action, attempt #60
      -   waiting 500ms
      -   waiting for element to be visible, enabled and stable
      -   element is visible, enabled and stable
      -   scrolling into view if needed
      -   done scrolling
      -   <div class="cdk-overlay-backdrop cdk-overlay-dark-bac…></div> from <div class="cdk-overlay-container">…</div> subtree intercepts pointer events
      - retrying click action, attempt #61
      -   waiting 500ms
      -   waiting for element to be visible, enabled and stable
      -   element is visible, enabled and stable
      -   scrolling into view if needed
      -   done scrolling
      -   <div class="cdk-overlay-backdrop cdk-overlay-dark-bac…></div> from <div class="cdk-overlay-container">…</div> subtree intercepts pointer events
      - retrying click action, attempt #62
      -   waiting 500ms
      -   waiting for element to be visible, enabled and stable
      -   element is visible, enabled and stable
      -   scrolling into view if needed
      -   done scrolling
      -   <div class="cdk-overlay-backdrop cdk-overlay-dark-bac…></div> from <div class="cdk-overlay-container">…</div> subtree intercepts pointer events
      - retrying click action, attempt #63
      -   waiting 500ms
      -   waiting for element to be visible, enabled and stable
      -   element is visible, enabled and stable
      -   scrolling into view if needed
      -   done scrolling
      -   <div class="cdk-overlay-backdrop cdk-overlay-dark-bac…></div> from <div class="cdk-overlay-container">…</div> subtree intercepts pointer events
      - retrying click action, attempt #64
      -   waiting 500ms
      -   waiting for element to be visible, enabled and stable
      -   element is visible, enabled and stable
      -   scrolling into view if needed
      -   done scrolling
      -   <div class="cdk-overlay-backdrop cdk-overlay-dark-bac…></div> from <div class="cdk-overlay-container">…</div> subtree intercepts pointer events
      - retrying click action, attempt #65
      -   waiting 500ms
      -   waiting for element to be visible, enabled and stable
      -   element is visible, enabled and stable
      -   scrolling into view if needed
      -   done scrolling
      -   <div class="cdk-overlay-backdrop cdk-overlay-dark-bac…></div> from <div class="cdk-overlay-container">…</div> subtree intercepts pointer events
      - retrying click action, attempt #66
      -   waiting 500ms
      -   waiting for element to be visible, enabled and stable
      -   element is visible, enabled and stable
      -   scrolling into view if needed
      -   done scrolling
      -   <div class="cdk-overlay-backdrop cdk-overlay-dark-bac…></div> from <div class="cdk-overlay-container">…</div> subtree intercepts pointer events
      - retrying click action, attempt #67
      -   waiting 500ms
      -   waiting for element to be visible, enabled and stable
      -   element is visible, enabled and stable
      -   scrolling into view if needed
      -   done scrolling
      -   <div class="cdk-overlay-backdrop cdk-overlay-dark-bac…></div> from <div class="cdk-overlay-container">…</div> subtree intercepts pointer events
      - retrying click action, attempt #68
      -   waiting 500ms
      -   waiting for element to be visible, enabled and stable
      -   element is visible, enabled and stable
      -   scrolling into view if needed
      -   done scrolling
      -   <div class="cdk-overlay-backdrop cdk-overlay-dark-bac…></div> from <div class="cdk-overlay-container">…</div> subtree intercepts pointer events
      - retrying click action, attempt #69
      -   waiting 500ms
      -   waiting for element to be visible, enabled and stable
      -   element is visible, enabled and stable
      -   scrolling into view if needed
      -   done scrolling
      -   <div class="cdk-overlay-backdrop cdk-overlay-dark-bac…></div> from <div class="cdk-overlay-container">…</div> subtree intercepts pointer events
      - retrying click action, attempt #70
      -   waiting 500ms
      -   waiting for element to be visible, enabled and stable
      -   element is visible, enabled and stable
      -   scrolling into view if needed
      -   done scrolling
      -   <div class="cdk-overlay-backdrop cdk-overlay-dark-bac…></div> from <div class="cdk-overlay-container">…</div> subtree intercepts pointer events
      - retrying click action, attempt #71
      -   waiting 500ms
      -   waiting for element to be visible, enabled and stable
      -   element is visible, enabled and stable
      -   scrolling into view if needed
      -   done scrolling
      -   <div class="cdk-overlay-backdrop cdk-overlay-dark-bac…></div> from <div class="cdk-overlay-container">…</div> subtree intercepts pointer events
      - retrying click action, attempt #72
      -   waiting 500ms
      -   waiting for element to be visible, enabled and stable
      -   element is visible, enabled and stable
      -   scrolling into view if needed
      -   done scrolling
      -   <div class="cdk-overlay-backdrop cdk-overlay-dark-bac…></div> from <div class="cdk-overlay-container">…</div> subtree intercepts pointer events
      - retrying click action, attempt #73
      -   waiting 500ms
      -   waiting for element to be visible, enabled and stable
      -   element is visible, enabled and stable
      -   scrolling into view if needed
      -   done scrolling
      -   <div class="cdk-overlay-backdrop cdk-overlay-dark-bac…></div> from <div class="cdk-overlay-container">…</div> subtree intercepts pointer events
      - retrying click action, attempt #74
      -   waiting 500ms
      -   waiting for element to be visible, enabled and stable
      -   element is visible, enabled and stable
      -   scrolling into view if needed
      -   done scrolling
      -   <div class="cdk-overlay-backdrop cdk-overlay-dark-bac…></div> from <div class="cdk-overlay-container">…</div> subtree intercepts pointer events
      - retrying click action, attempt #75
      -   waiting 500ms
      -   waiting for element to be visible, enabled and stable
      -   element is visible, enabled and stable
      -   scrolling into view if needed
      -   done scrolling
      -   <div class="cdk-overlay-backdrop cdk-overlay-dark-bac…></div> from <div class="cdk-overlay-container">…</div> subtree intercepts pointer events
      - retrying click action, attempt #76
      -   waiting 500ms
      -   waiting for element to be visible, enabled and stable
      -   element is visible, enabled and stable
      -   scrolling into view if needed
      -   done scrolling
      -   <div class="cdk-overlay-backdrop cdk-overlay-dark-bac…></div> from <div class="cdk-overlay-container">…</div> subtree intercepts pointer events
      - retrying click action, attempt #77
      -   waiting 500ms
      -   waiting for element to be visible, enabled and stable
      -   element is visible, enabled and stable
      -   scrolling into view if needed
      -   done scrolling
      -   <div class="cdk-overlay-backdrop cdk-overlay-dark-bac…></div> from <div class="cdk-overlay-container">…</div> subtree intercepts pointer events
      - retrying click action, attempt #78
      -   waiting 500ms
      -   waiting for element to be visible, enabled and stable
      -   element is visible, enabled and stable
      -   scrolling into view if needed
      -   done scrolling
      -   <div class="cdk-overlay-backdrop cdk-overlay-dark-bac…></div> from <div class="cdk-overlay-container">…</div> subtree intercepts pointer events
      - retrying click action, attempt #79
      -   waiting 500ms
      -   waiting for element to be visible, enabled and stable
      -   element is visible, enabled and stable
      -   scrolling into view if needed
      -   done scrolling
      -   <div class="cdk-overlay-backdrop cdk-overlay-dark-bac…></div> from <div class="cdk-overlay-container">…</div> subtree intercepts pointer events
      - retrying click action, attempt #80
      -   waiting 500ms
      -   waiting for element to be visible, enabled and stable
      -   element is visible, enabled and stable
      -   scrolling into view if needed
      -   done scrolling
      -   <div class="cdk-overlay-backdrop cdk-overlay-dark-bac…></div> from <div class="cdk-overlay-container">…</div> subtree intercepts pointer events
      - retrying click action, attempt #81
      -   waiting 500ms
      -   waiting for element to be visible, enabled and stable
      -   element is visible, enabled and stable
      -   scrolling into view if needed
      -   done scrolling
      -   <div class="cdk-overlay-backdrop cdk-overlay-dark-bac…></div> from <div class="cdk-overlay-container">…</div> subtree intercepts pointer events
      - retrying click action, attempt #82
      -   waiting 500ms
      -   waiting for element to be visible, enabled and stable
      -   element is visible, enabled and stable
      -   scrolling into view if needed
      -   done scrolling
      -   <div class="cdk-overlay-backdrop cdk-overlay-dark-bac…></div> from <div class="cdk-overlay-container">…</div> subtree intercepts pointer events
      - retrying click action, attempt #83
      -   waiting 500ms
      -   waiting for element to be visible, enabled and stable
      -   element is visible, enabled and stable
      -   scrolling into view if needed
      -   done scrolling
      -   <div class="cdk-overlay-backdrop cdk-overlay-dark-bac…></div> from <div class="cdk-overlay-container">…</div> subtree intercepts pointer events
      - retrying click action, attempt #84
      -   waiting 500ms
      -   waiting for element to be visible, enabled and stable
      -   element is visible, enabled and stable
      -   scrolling into view if needed
      -   done scrolling
      -   <div class="cdk-overlay-backdrop cdk-overlay-dark-bac…></div> from <div class="cdk-overlay-container">…</div> subtree intercepts pointer events
      - retrying click action, attempt #85
      -   waiting 500ms
      -   waiting for element to be visible, enabled and stable
      -   element is visible, enabled and stable
      -   scrolling into view if needed
      -   done scrolling
      -   <div class="cdk-overlay-backdrop cdk-overlay-dark-bac…></div> from <div class="cdk-overlay-container">…</div> subtree intercepts pointer events
      - retrying click action, attempt #86
      -   waiting 500ms
      -   waiting for element to be visible, enabled and stable
      -   element is visible, enabled and stable
      -   scrolling into view if needed
      -   done scrolling
      -   <div class="cdk-overlay-backdrop cdk-overlay-dark-bac…></div> from <div class="cdk-overlay-container">…</div> subtree intercepts pointer events
      - retrying click action, attempt #87
      -   waiting 500ms
      -   waiting for element to be visible, enabled and stable
      -   element is visible, enabled and stable
      -   scrolling into view if needed
      -   done scrolling
      -   <div class="cdk-overlay-backdrop cdk-overlay-dark-bac…></div> from <div class="cdk-overlay-container">…</div> subtree intercepts pointer events
      - retrying click action, attempt #88
      -   waiting 500ms
      -   waiting for element to be visible, enabled and stable
      -   element is visible, enabled and stable
      -   scrolling into view if needed
      -   done scrolling
      -   <div class="cdk-overlay-backdrop cdk-overlay-dark-bac…></div> from <div class="cdk-overlay-container">…</div> subtree intercepts pointer events
      - retrying click action, attempt #89
      -   waiting 500ms
      -   waiting for element to be visible, enabled and stable
      -   element is visible, enabled and stable
      -   scrolling into view if needed
      -   done scrolling
      -   <div class="cdk-overlay-backdrop cdk-overlay-dark-bac…></div> from <div class="cdk-overlay-container">…</div> subtree intercepts pointer events
      - retrying click action, attempt #90
      -   waiting 500ms
      -   waiting for element to be visible, enabled and stable
      -   element is visible, enabled and stable
      -   scrolling into view if needed
      -   done scrolling
      -   <div class="cdk-overlay-backdrop cdk-overlay-dark-bac…></div> from <div class="cdk-overlay-container">…</div> subtree intercepts pointer events
      - retrying click action, attempt #91
      -   waiting 500ms
      -   waiting for element to be visible, enabled and stable
      -   element is visible, enabled and stable
      -   scrolling into view if needed
      -   done scrolling
      -   <div class="cdk-overlay-backdrop cdk-overlay-dark-bac…></div> from <div class="cdk-overlay-container">…</div> subtree intercepts pointer events
      - retrying click action, attempt #92
      -   waiting 500ms
      -   waiting for element to be visible, enabled and stable


       at page-objects\login-page.ts:33

      31 |         await this.passwordInputField.fill(password);
      32 |         await new Promise(resolve => setTimeout(resolve, 3000));
    > 33 |         await this.signinButton.click();
         |                                 ^
      34 |     }
      35 |
      36 |     async loginToApplicationAndClickOnCheckbox(superUser: string, password: string) {

        at LoginPage.loginToApplication (C:\Users\ashwini.sunil.yeskar\AutomationTesting-MawistaFinance1\AutomationTesting-MawistaFinance\page-objects\login-page.ts:33:33)
        at C:\Users\ashwini.sunil.yeskar\AutomationTesting-MawistaFinance1\AutomationTesting-MawistaFinance\tests\mawistaPayments\mawistaPayments.spec.ts:53:9
        at C:\Users\ashwini.sunil.yeskar\AutomationTesting-MawistaFinance1\AutomationTesting-MawistaFinance\tests\mawistaPayments\mawistaPayments.spec.ts:52:5
]]>
</failure>
</testcase>
<testcase name="NXGF-TC-3713: TC_003_Mawista payments_Verify that the user is able to search and view the relevant payments with search option of &quot;from date&quot; and &quot;To date&quot;" classname="tests\mawistaPayments\mawistaPayments.spec.ts" time="47.896">
</testcase>
<testcase name="NXGF-TC-3714: TC_004_Mawista payments_Verify that the user is able to reset the  search option of &quot;from date&quot; and &quot;To date&quot;" classname="tests\mawistaPayments\mawistaPayments.spec.ts" time="23.815">
</testcase>
<testcase name="NXGF-TC-3715: TC_005_Mawista payments_Verify that the user is able click on the filters for advance search" classname="tests\mawistaPayments\mawistaPayments.spec.ts" time="39.669">
</testcase>
<testcase name="NXGF-TC-3716: TC_006_Mawista payments_Verify that the user is able select any option from the advanced search filter and click on apply" classname="tests\mawistaPayments\mawistaPayments.spec.ts" time="52.579">
</testcase>
<testcase name="NXGF-TC-3717: TC_007_Mawista payments_Verify that the user is able to view the results where Payment Date is in descending order" classname="tests\mawistaPayments\mawistaPayments.spec.ts" time="55.091">
</testcase>
<testcase name="NXGF-TC-3718: TC_008_Mawista payments_Verify that the user is able to view the results where Payment file ref is in descending order" classname="tests\mawistaPayments\mawistaPayments.spec.ts" time="39.587">
</testcase>
<testcase name="NXGF-TC-3719: TC_009_Mawista payments_Verify that the user is able to view the results where Payment type is Claim/Commission/Premium/Blank" classname="tests\mawistaPayments\mawistaPayments.spec.ts" time="43.344">
</testcase>
<testcase name="NXGF-TC-3720: TC_010_Mawista payments_Verify that the user is able to view the results where Payment Currency Amount is in descending order" classname="tests\mawistaPayments\mawistaPayments.spec.ts" time="35.516">
</testcase>
<testcase name="NXGF-TC-3721: TC_011_Mawista payments_Verify that the user is able to navigate back to Search Payments Screen to select different run parameters for query" classname="tests\mawistaPayments\mawistaPayments.spec.ts" time="62.929">
</testcase>
<testcase name="NXGF-TC-3722: TC_012_Mawista payments_Verify that the user is able to export the results to excel" classname="tests\mawistaPayments\mawistaPayments.spec.ts" time="26.105">
</testcase>
</testsuite>
</testsuites>