<testsuites id="" name="" tests="1" failures="1" skipped="0" errors="0" time="107.68365299999994">
<testsuite name="tests\journalVoucherCreation\journalVoucherCreation.spec.ts" timestamp="2025-05-15T06:50:16.229Z" hostname="Mawista-EU" tests="1" failures="1" skipped="0" time="100.551" errors="0">
<testcase name="NXGF-TC-3883: TC_052_Journal Voucher creation_Verify that the user is able to view the Save link if the voucher is not validated" classname="tests\journalVoucherCreation\journalVoucherCreation.spec.ts" time="100.551">
<properties>
<property name="Screen shot on Failure" value="test-results/screenshots/sc.png">
</property>
</properties>
<failure message="journalVoucherCreation.spec.ts:1126:5 NXGF-TC-3883: TC_052_Journal Voucher creation_Verify that the user is able to view the Save link if the voucher is not validated" type="FAILURE">
<![CDATA[  [Mawista-EU] › tests\journalVoucherCreation\journalVoucherCreation.spec.ts:1126:5 › NXGF-TC-3883: TC_052_Journal Voucher creation_Verify that the user is able to view the Save link if the voucher is not validated 

    Test timeout of 100000ms exceeded.

    TypeError: apiRequestContext.post: Invalid URL

       at page-objects\utilities-pages\global-setup.ts:17

      15 |         const testCaseID: string = testInfo.title.split(':')[0];
      16 |         const projectID: string = testCaseID.split(':')[0];
    > 17 |         const response = await request.post(`${baseURL}/api/v1/project/${projectID}/testcase/${testCaseID}/attachment`, {
         |                                        ^
      18 |             headers: {
      19 |                 Accept: "*/*",
      20 |                 ContentType: "multipart/form-data",

        at C:\Users\ashwini.sunil.yeskar\AutomationTesting-MawistaFinance1\AutomationTesting-MawistaFinance\page-objects\utilities-pages\global-setup.ts:17:40

    Error: locator.click: Test timeout of 100000ms exceeded.
    Call log:
      - waiting for locator('//button[@title="Edit Journal Voucher"]').first()


       at page-objects\journalVoucherCreation-pages\journalVoucherCreation-page.ts:330

      328 |
      329 |     async clickOnEditJournalVoucher() {
    > 330 |         await this.editJournalVoucher.first().click();
          |                                               ^
      331 |     }
      332 |
      333 |     async verifyValidatedCheckboxDisabled() {

        at JournalVoucherCreationPage.clickOnEditJournalVoucher (C:\Users\ashwini.sunil.yeskar\AutomationTesting-MawistaFinance1\AutomationTesting-MawistaFinance\page-objects\journalVoucherCreation-pages\journalVoucherCreation-page.ts:330:47)
        at C:\Users\ashwini.sunil.yeskar\AutomationTesting-MawistaFinance1\AutomationTesting-MawistaFinance\tests\journalVoucherCreation\journalVoucherCreation.spec.ts:1154:42
        at C:\Users\ashwini.sunil.yeskar\AutomationTesting-MawistaFinance1\AutomationTesting-MawistaFinance\tests\journalVoucherCreation\journalVoucherCreation.spec.ts:1153:16

    attachment #1: screenshot (image/png) ──────────────────────────────────────────────────────────
    test-results\tests-journalVoucherCreati-46e7b-he-voucher-is-not-validated-Mawista-EU\test-failed-1.png
    ────────────────────────────────────────────────────────────────────────────────────────────────
]]>
</failure>
<system-out>
<![CDATA[
[[ATTACHMENT|..\test-results\tests-journalVoucherCreati-46e7b-he-voucher-is-not-validated-Mawista-EU\test-failed-1.png]]
]]>
</system-out>
</testcase>
</testsuite>
</testsuites>