<testsuites id="" name="" tests="1" failures="0" skipped="0" errors="0" time="79.50841999999999">
<testsuite name="tests\providerReconcilation\providerReconcilation.spec.ts" timestamp="2025-12-30T06:49:58.284Z" hostname="Mawista-EU" tests="1" failures="0" skipped="0" time="62.168" errors="0">
<testcase name="FIN-TC-179: TC_182_provider Reconciliation_verify that user can select to due date is greater than from due date" classname="tests\providerReconcilation\providerReconcilation.spec.ts" time="62.168">
<system-out>
<![CDATA[Pharmacy
]]>
</system-out>
</testcase>
</testsuite>
</testsuites>