<testsuites id="" name="" tests="1" failures="0" skipped="0" errors="0" time="107.965907">
<testsuite name="tests\cashAllocation\cashAllocation.spec.ts" timestamp="2025-11-12T05:41:26.811Z" hostname="Mawista-EU" tests="1" failures="0" skipped="0" time="68.566" errors="0">
<testcase name="NXGF-TC-8042: TC_057_Cash Allocation Dashboard_ Validation of Cash Allocation functionality for BT Policies." classname="tests\cashAllocation\cashAllocation.spec.ts" time="68.566">
<system-out>
<![CDATA[Applying filters for Cash Allocation...
✅ Found 8 transactions after applying filters.
]]>
</system-out>
</testcase>
</testsuite>
</testsuites>