<testsuites id="" name="" tests="1" failures="0" skipped="0" errors="0" time="62.47553500000003">
<testsuite name="tests\accountReconcilation\accountReconcilation.spec.ts" timestamp="2026-03-12T11:18:48.157Z" hostname="Mawista-EU" tests="1" failures="0" skipped="0" time="48.732" errors="0">
<testcase name="FIN-TC-131: TC_132_Account Reconciliation_Verify that user is navigate to Account  Reconciliation" classname="tests\accountReconcilation\accountReconcilation.spec.ts" time="48.732">
<system-out>
<![CDATA[Retrying Sign In...
✅ Login process completed
]]>
</system-out>
</testcase>
</testsuite>
</testsuites>