<testsuites id="" name="" tests="1" failures="1" skipped="0" errors="0" time="64.05750500000082">
<testsuite name="tests\chartOfAccounts\chartOfAccounts.spec.ts" timestamp="2026-07-13T09:17:58.132Z" hostname="Mawista-EU" tests="1" failures="1" skipped="0" time="57.714" errors="0">
<testcase name="FIN-TC-1450: TC_023_Chart of Accounts_Verify stopping an account with &quot;Show stopped&quot; toggle off" classname="tests\chartOfAccounts\chartOfAccounts.spec.ts" time="57.714">
<properties>
<property name="Screen shot on Failure" value="test-results/screenshots/sc.png">
</property>
</properties>
<failure message="chartOfAccounts.spec.ts:779:5 FIN-TC-1450: TC_023_Chart of Accounts_Verify stopping an account with &quot;Show stopped&quot; toggle off" type="FAILURE">
<![CDATA[  [Mawista-EU] › tests\chartOfAccounts\chartOfAccounts.spec.ts:779:5 › FIN-TC-1450: TC_023_Chart of Accounts_Verify stopping an account with "Show stopped" toggle off › Use an existing account from the grid and stop one matched row (confirm) 

    Error: Timed out 30000ms waiting for expect(locator).toHaveCount(expected)

    Locator: locator('mat-row, tbody tr').filter({ hasText: 'abc' })
    Expected: 0
    Received: 1
    Call log:
      - expect.toHaveCount with timeout 30000ms
      - waiting for locator('mat-row, tbody tr').filter({ hasText: 'abc' })
      -   locator resolved to 1 element
      -   unexpected value "1"
      -   locator resolved to 1 element
      -   unexpected value "1"
      -   locator resolved to 1 element
      -   unexpected value "1"
      -   locator resolved to 1 element
      -   unexpected value "1"
      -   locator resolved to 1 element
      -   unexpected value "1"
      -   locator resolved to 1 element
      -   unexpected value "1"
      -   locator resolved to 1 element
      -   unexpected value "1"
      -   locator resolved to 1 element
      -   unexpected value "1"
      -   locator resolved to 1 element
      -   unexpected value "1"
      -   locator resolved to 1 element
      -   unexpected value "1"
      -   locator resolved to 1 element
      -   unexpected value "1"
      -   locator resolved to 1 element
      -   unexpected value "1"
      -   locator resolved to 1 element
      -   unexpected value "1"
      -   locator resolved to 1 element
      -   unexpected value "1"
      -   locator resolved to 1 element
      -   unexpected value "1"
      -   locator resolved to 1 element
      -   unexpected value "1"
      -   locator resolved to 1 element
      -   unexpected value "1"
      -   locator resolved to 1 element
      -   unexpected value "1"
      -   locator resolved to 1 element
      -   unexpected value "1"
      -   locator resolved to 1 element
      -   unexpected value "1"
      -   locator resolved to 1 element
      -   unexpected value "1"
      -   locator resolved to 1 element
      -   unexpected value "1"
      -   locator resolved to 1 element
      -   unexpected value "1"
      -   locator resolved to 1 element
      -   unexpected value "1"
      -   locator resolved to 1 element
      -   unexpected value "1"
      -   locator resolved to 1 element
      -   unexpected value "1"
      -   locator resolved to 1 element
      -   unexpected value "1"
      -   locator resolved to 1 element
      -   unexpected value "1"
      -   locator resolved to 1 element
      -   unexpected value "1"
      -   locator resolved to 1 element
      -   unexpected value "1"
      -   locator resolved to 1 element
      -   unexpected value "1"
      -   locator resolved to 1 element
      -   unexpected value "1"
      -   locator resolved to 1 element
      -   unexpected value "1"


       at page-objects\chartOfAccounts-pages\chartOfAccounts-page.ts:295

      293 |         // verify the exact account number no longer exists in the grid
      294 |         const after = this.accountsGridRows.filter({ hasText: accountNumber });
    > 295 |         await expect(after).toHaveCount(0, { timeout: 30000 });
          |                             ^
      296 |
      297 |         // Optional: check for a snackbar / toast indicating success
      298 |         const snack = this.page.locator('snack-bar-container, .mat-snack-bar-container');

        at ChartOfAccountsPage.stopFirstMatchedRowAndConfirmBySearch (C:\Users\ashwini.sunil.yeskar\AutomationTesting-IRISPortal-Playwright\page-objects\chartOfAccounts-pages\chartOfAccounts-page.ts:295:29)
        at C:\Users\ashwini.sunil.yeskar\AutomationTesting-IRISPortal-Playwright\tests\chartOfAccounts\chartOfAccounts.spec.ts:803:9
        at C:\Users\ashwini.sunil.yeskar\AutomationTesting-IRISPortal-Playwright\tests\chartOfAccounts\chartOfAccounts.spec.ts:801:5

    attachment #1: screenshot (image/png) ──────────────────────────────────────────────────────────
    test-results\tests-chartOfAccounts-char-a887f-ith-Show-stopped-toggle-off-Mawista-EU\test-failed-1.png
    ────────────────────────────────────────────────────────────────────────────────────────────────
]]>
</failure>
<system-out>
<![CDATA[✅ Login process completed

[[ATTACHMENT|..\test-results\tests-chartOfAccounts-char-a887f-ith-Show-stopped-toggle-off-Mawista-EU\test-failed-1.png]]
]]>
</system-out>
</testcase>
</testsuite>
</testsuites>