<testsuites id="" name="" tests="1" failures="0" skipped="0" errors="0" time="57.66052599999998">
<testsuite name="tests\journalVoucherList\journalVoucherList.spec.ts" timestamp="2025-04-17T04:52:09.938Z" hostname="Mawista-EU" tests="1" failures="0" skipped="0" time="44.077" errors="0">
<testcase name="NXGF-TC-2089: TC_047_Journal Voucher List_Modify_Verify the the user is able to view below the grid, Records per page dropdown" classname="tests\journalVoucherList\journalVoucherList.spec.ts" time="44.077">
</testcase>
</testsuite>
</testsuites>