<testsuites id="" name="" tests="15" failures="2" skipped="0" errors="0" time="931.0024099999999">
<testsuite name="tests\accountTransaction\accountTransaction.spec.ts" timestamp="2026-06-22T09:56:18.279Z" hostname="Mawista-EU" tests="15" failures="2" skipped="0" time="906.834" errors="0">
<testcase name="FIN-TC-1253: TC_559_Account Transaction_verify that To Due date label and textbox is displayed" classname="tests\accountTransaction\accountTransaction.spec.ts" time="201.716">
<failure message="accountTransaction.spec.ts:1866:5 FIN-TC-1253: TC_559_Account Transaction_verify that To Due date label and textbox is displayed" type="FAILURE">
<![CDATA[  [Mawista-EU] › tests\accountTransaction\accountTransaction.spec.ts:1866:5 › FIN-TC-1253: TC_559_Account Transaction_verify that To Due date label and textbox is displayed › Click On Provider Transaction Under Financials 

    Test timeout of 200000ms exceeded.

    Error: locator.click: Test timeout of 200000ms exceeded.
    Call log:
      - waiting for getByRole('button', { name: 'Financials' })


       at page-objects\accountTransaction-pages\accountTransaction-pages.ts:233

      231 |         
      232 |                 await this.financials.evaluate((el: HTMLElement) => {el.style.border = "3px solid red";});
    > 233 |                 await this.financials.click();
          |                                       ^
      234 |                 await this.accountTransaction.evaluate((el: HTMLElement) => {el.style.border = "3px solid blue";});
      235 |                 await this.accountTransaction.click();
      236 |     }

        at AccountTransactionPage.searchAndClickOnAccountTransactionUnderFinancials (C:\Users\ashwini.sunil.yeskar\AutomationTesting-IRISPortal-Playwright\page-objects\accountTransaction-pages\accountTransaction-pages.ts:233:39)
        at C:\Users\ashwini.sunil.yeskar\AutomationTesting-IRISPortal-Playwright\tests\accountTransaction\accountTransaction.spec.ts:1880:9
        at C:\Users\ashwini.sunil.yeskar\AutomationTesting-IRISPortal-Playwright\tests\accountTransaction\accountTransaction.spec.ts:1879:5

    attachment #1: screenshot (image/png) ──────────────────────────────────────────────────────────
    test-results\tests-accountTransaction-a-58934-el-and-textbox-is-displayed-Mawista-EU\test-failed-1.png
    ────────────────────────────────────────────────────────────────────────────────────────────────
]]>
</failure>
<system-out>
<![CDATA[✅ Login process completed

[[ATTACHMENT|..\test-results\tests-accountTransaction-a-58934-el-and-textbox-is-displayed-Mawista-EU\test-failed-1.png]]
]]>
</system-out>
</testcase>
<testcase name="FIN-TC-1254:TC_560_Account Transaction_verify that calender icon is displayed" classname="tests\accountTransaction\accountTransaction.spec.ts" time="37.574">
<system-out>
<![CDATA[✅ Login process completed
]]>
</system-out>
</testcase>
<testcase name="FIN-TC-1255: TC_561_Account Transaction_verify that click on calender icon then calender get open with current date selected by default" classname="tests\accountTransaction\accountTransaction.spec.ts" time="40.613">
<system-out>
<![CDATA[✅ Login process completed
]]>
</system-out>
</testcase>
<testcase name="FIN-TC-1256: TC_562_Account Transaction_verify that user can select old date" classname="tests\accountTransaction\accountTransaction.spec.ts" time="65.851">
<system-out>
<![CDATA[✅ Login process completed
]]>
</system-out>
</testcase>
<testcase name="FIN-TC-1257: TC_563_Account Transaction_verify that user can select future date" classname="tests\accountTransaction\accountTransaction.spec.ts" time="39.115">
<system-out>
<![CDATA[Retrying Sign In...
✅ Login process completed
]]>
</system-out>
</testcase>
<testcase name="FIN-TC-1258: TC_564_Account Transaction_verify that user can select To Due date less than from Due date" classname="tests\accountTransaction\accountTransaction.spec.ts" time="45.664">
<system-out>
<![CDATA[✅ Login process completed
]]>
</system-out>
</testcase>
<testcase name="FIN-TC-1259: TC_565_Account Transaction_verify that user can select To Due date greater than from Due date" classname="tests\accountTransaction\accountTransaction.spec.ts" time="201.319">
<failure message="accountTransaction.spec.ts:2063:5 FIN-TC-1259: TC_565_Account Transaction_verify that user can select To Due date greater than from Due date" type="FAILURE">
<![CDATA[  [Mawista-EU] › tests\accountTransaction\accountTransaction.spec.ts:2063:5 › FIN-TC-1259: TC_565_Account Transaction_verify that user can select To Due date greater than from Due date › Enter all the details with Due Date 

    Test timeout of 200000ms exceeded.

    Error: page.waitForLoadState: Test timeout of 200000ms exceeded.

       at page-objects\accountTransaction-pages\accountTransaction-pages.ts:513

      511 |     }
      512 | async fillDueDate(payerValue: String,fromDueDate1:String,toDueDate1: String,account:String){
    > 513 |         await this.page.waitForLoadState("networkidle");
          |                         ^
      514 |         await this.payer.fill("");  
      515 |         for (const char of payerValue) {await this.payer.type(char, { delay: 200 }); }
      516 |         const option = this.page.locator("//span[text()='TEST PAYER (Do Not Use)']").first();

        at AccountTransactionPage.fillDueDate (C:\Users\ashwini.sunil.yeskar\AutomationTesting-IRISPortal-Playwright\page-objects\accountTransaction-pages\accountTransaction-pages.ts:513:25)
        at C:\Users\ashwini.sunil.yeskar\AutomationTesting-IRISPortal-Playwright\tests\accountTransaction\accountTransaction.spec.ts:2089:38
        at C:\Users\ashwini.sunil.yeskar\AutomationTesting-IRISPortal-Playwright\tests\accountTransaction\accountTransaction.spec.ts:2088:17

    attachment #1: screenshot (image/png) ──────────────────────────────────────────────────────────
    test-results\tests-accountTransaction-a-d3976--greater-than-from-Due-date-Mawista-EU\test-failed-1.png
    ────────────────────────────────────────────────────────────────────────────────────────────────
]]>
</failure>
<system-out>
<![CDATA[✅ Login process completed

[[ATTACHMENT|..\test-results\tests-accountTransaction-a-d3976--greater-than-from-Due-date-Mawista-EU\test-failed-1.png]]
]]>
</system-out>
</testcase>
<testcase name="FIN-TC-1260: TC_566_Account Transaction_verify that user can select same To Due date and from Due date" classname="tests\accountTransaction\accountTransaction.spec.ts" time="71.057">
<system-out>
<![CDATA[✅ Login process completed
]]>
</system-out>
</testcase>
<testcase name="FIN-TC-1261: TC_567_Account Transaction_verify that from settle date label and textbox is displayed" classname="tests\accountTransaction\accountTransaction.spec.ts" time="28.95">
<system-out>
<![CDATA[✅ Login process completed
]]>
</system-out>
</testcase>
<testcase name="FIN-TC-1262:TC_568_Account Transaction_verify that calender icon is displayed" classname="tests\accountTransaction\accountTransaction.spec.ts" time="26.421">
<system-out>
<![CDATA[✅ Login process completed
]]>
</system-out>
</testcase>
<testcase name="FIN-TC-1263: TC_569_Account Transaction_verify that click on calender icon then calender get open with current date selected by default" classname="tests\accountTransaction\accountTransaction.spec.ts" time="31.897">
<system-out>
<![CDATA[✅ Login process completed
]]>
</system-out>
</testcase>
<testcase name="FIN-TC-1264: TC_570_Account Transaction_verify that user can select old date" classname="tests\accountTransaction\accountTransaction.spec.ts" time="35.59">
<system-out>
<![CDATA[✅ Login process completed
]]>
</system-out>
</testcase>
<testcase name="FIN-TC-1265: TC_571_Account Transaction_verify that user can select future date" classname="tests\accountTransaction\accountTransaction.spec.ts" time="30.355">
<system-out>
<![CDATA[✅ Login process completed
]]>
</system-out>
</testcase>
<testcase name="FIN-TC-1266: TC_572_Account Transaction_verify that To settle date label and textbox is displayed" classname="tests\accountTransaction\accountTransaction.spec.ts" time="25.493">
<system-out>
<![CDATA[✅ Login process completed
]]>
</system-out>
</testcase>
<testcase name="FIN-TC-1267:TC_573_Account Transaction_verify that calender icon is displayed" classname="tests\accountTransaction\accountTransaction.spec.ts" time="25.219">
<system-out>
<![CDATA[✅ Login process completed
]]>
</system-out>
</testcase>
</testsuite>
</testsuites>