<testsuites id="" name="" tests="21" failures="5" skipped="0" errors="0" time="1210.7174290000014">
<testsuite name="tests\viewAllocatedPayments\viewAllocatedPayments.spec.ts" timestamp="2025-03-10T15:30:29.743Z" hostname="Mawista-EU" tests="21" failures="5" skipped="0" time="1170.983" errors="0">
<testcase name="NXGF-TC-2889: TC_000_View allocated payments_Verify that the user is able to navigate to cash allocation screen" classname="tests\viewAllocatedPayments\viewAllocatedPayments.spec.ts" time="35.445">
</testcase>
<testcase name="NXGF-TC-2890: TC_001_View allocated payments_Verify that the user is able to view the search option and the fileds along with Reset option and the result grid" classname="tests\viewAllocatedPayments\viewAllocatedPayments.spec.ts" time="37.913">
</testcase>
<testcase name="NXGF-TC-2891,NXGF-TC-2892: TC_002_View allocated payments_Verify that the user is able to search with default payment status" classname="tests\viewAllocatedPayments\viewAllocatedPayments.spec.ts" time="32.68">
</testcase>
<testcase name="NXGF-TC-2893: TC_004_View allocated payments_Verify that the user is able to click on details for the unallocated payments" classname="tests\viewAllocatedPayments\viewAllocatedPayments.spec.ts" time="100.196">
<properties>
<property name="Screen shot on Failure" value="test-results/screenshots/sc.png">
</property>
</properties>
<failure message="viewAllocatedPayments.spec.ts:113:5 NXGF-TC-2893: TC_004_View allocated payments_Verify that the user is able to click on details for the unallocated payments" type="FAILURE">
<![CDATA[  [Mawista-EU] › tests\viewAllocatedPayments\viewAllocatedPayments.spec.ts:113:5 › NXGF-TC-2893: TC_004_View allocated payments_Verify that the user is able to click on details for the unallocated payments 

    Test timeout of 100000ms exceeded.

    TypeError: apiRequestContext.post: Invalid URL

       at page-objects\utilities-pages\global-setup.ts:17

      15 |         const testCaseID: string = testInfo.title.split(':')[0];
      16 |         const projectID: string = testCaseID.split(':')[0];
    > 17 |         const response = await request.post(`${baseURL}/api/v1/project/${projectID}/testcase/${testCaseID}/attachment`, {
         |                                        ^
      18 |             headers: {
      19 |                 Accept: "*/*",
      20 |                 ContentType: "multipart/form-data",

        at C:\Users\ashwini.sunil.yeskar\AutomationTesting-MawistaFinance1\AutomationTesting-MawistaFinance\page-objects\utilities-pages\global-setup.ts:17:40

    Error: locator.click: Test timeout of 100000ms exceeded.
    Call log:
      - waiting for locator('//button[@title="Policy Allocation"]').first()


       at page-objects\viewAllocatedPayments-pages\viewAllocatedPayments-page.ts:120

      118 |         await new Promise(resolve => setTimeout(resolve, 5000));
      119 |         const policyAllocationButtons = this.page.locator('//button[@title="Policy Allocation"]');
    > 120 |         await policyAllocationButtons.first().click();
          |                                               ^
      121 |     }
      122 |
      123 |     async clickOnClearedStatus() {

        at ViewAllocatedPaymentsPage.clickOnAllocatePoliciesButton (C:\Users\ashwini.sunil.yeskar\AutomationTesting-MawistaFinance1\AutomationTesting-MawistaFinance\page-objects\viewAllocatedPayments-pages\viewAllocatedPayments-page.ts:120:47)
        at C:\Users\ashwini.sunil.yeskar\AutomationTesting-MawistaFinance1\AutomationTesting-MawistaFinance\tests\viewAllocatedPayments\viewAllocatedPayments.spec.ts:142:9
        at C:\Users\ashwini.sunil.yeskar\AutomationTesting-MawistaFinance1\AutomationTesting-MawistaFinance\tests\viewAllocatedPayments\viewAllocatedPayments.spec.ts:141:5

    attachment #1: screenshot (image/png) ──────────────────────────────────────────────────────────
    test-results\tests-viewAllocatedPayment-e76bd-or-the-unallocated-payments-Mawista-EU\test-failed-1.png
    ────────────────────────────────────────────────────────────────────────────────────────────────
]]>
</failure>
<system-out>
<![CDATA[
[[ATTACHMENT|..\test-results\tests-viewAllocatedPayment-e76bd-or-the-unallocated-payments-Mawista-EU\test-failed-1.png]]
]]>
</system-out>
</testcase>
<testcase name="NXGF-TC-2894: TC_005_View allocated payments_Verify that the user is able to search with both allocated and unallocated payments" classname="tests\viewAllocatedPayments\viewAllocatedPayments.spec.ts" time="37.864">
</testcase>
<testcase name="NXGF-TC-2895: TC_006_View allocated payments_Verify that user is able to view the search results for payment method dropdown" classname="tests\viewAllocatedPayments\viewAllocatedPayments.spec.ts" time="48.57">
</testcase>
<testcase name="NXGF-TC-2896,NXGF-TC-2897: TC_007_View allocated payments_verify that the list shows the results for all the three options based on the search" classname="tests\viewAllocatedPayments\viewAllocatedPayments.spec.ts" time="150.153">
</testcase>
<testcase name="NXGF-TC-2898: TC_009_View allocated payments_Verify that the user is able to search with payment type cash or premium" classname="tests\viewAllocatedPayments\viewAllocatedPayments.spec.ts" time="37.581">
</testcase>
<testcase name="NXGF-TC-2899: TC_010_View allocated payments_Verify that the user is able to search the previoulsy allocated payments with the default values for payment type, payment status, payment method" classname="tests\viewAllocatedPayments\viewAllocatedPayments.spec.ts" time="32.539">
</testcase>
<testcase name="NXGF-TC-2900,NXGF-TC-2901: TC_011_View allocated payments_Verify that the user is able to search with the secondary search from date, to date, Payment reference, From and To amount number, policy reference, policy holder name and these should not be the mandatory search fields" classname="tests\viewAllocatedPayments\viewAllocatedPayments.spec.ts" time="41.356">
</testcase>
<testcase name="NXGF-TC-2902: TC_013_View allocated payments_Verify that the user is able to search the previoulsy allocated payments with Payment reference" classname="tests\viewAllocatedPayments\viewAllocatedPayments.spec.ts" time="39.618">
</testcase>
<testcase name="NXGF-TC-2903: TC_014_View allocated payments_Verify that the user is able to search the previoulsy allocated payments with Payment amount" classname="tests\viewAllocatedPayments\viewAllocatedPayments.spec.ts" time="39.54">
</testcase>
<testcase name="NXGF-TC-2904: TC_015_View allocated payments_Verify that the user is able to search the previoulsy allocated payments with Policy reference" classname="tests\viewAllocatedPayments\viewAllocatedPayments.spec.ts" time="39.244">
</testcase>
<testcase name="NXGF-TC-2906: TC_017_View allocated payments_Verify that the user clicks on the Reset button" classname="tests\viewAllocatedPayments\viewAllocatedPayments.spec.ts" time="20.843">
</testcase>
<testcase name="NXGF-TC-2907: TC_018_View allocated payments_Verify that all the search fields are cleared" classname="tests\viewAllocatedPayments\viewAllocatedPayments.spec.ts" time="22.602">
</testcase>
<testcase name="NXGF-TC-2908,NXGF-TC-2909: TC_019_View allocated payments_Verify that the user is able to view all the details of Allocated payments" classname="tests\viewAllocatedPayments\viewAllocatedPayments.spec.ts" time="100.213">
<properties>
<property name="Screen shot on Failure" value="test-results/screenshots/sc.png">
</property>
</properties>
<failure message="viewAllocatedPayments.spec.ts:689:5 NXGF-TC-2908,NXGF-TC-2909: TC_019_View allocated payments_Verify that the user is able to view all the details of Allocated payments" type="FAILURE">
<![CDATA[  [Mawista-EU] › tests\viewAllocatedPayments\viewAllocatedPayments.spec.ts:689:5 › NXGF-TC-2908,NXGF-TC-2909: TC_019_View allocated payments_Verify that the user is able to view all the details of Allocated payments 

    Test timeout of 100000ms exceeded.

    TypeError: apiRequestContext.post: Invalid URL

       at page-objects\utilities-pages\global-setup.ts:17

      15 |         const testCaseID: string = testInfo.title.split(':')[0];
      16 |         const projectID: string = testCaseID.split(':')[0];
    > 17 |         const response = await request.post(`${baseURL}/api/v1/project/${projectID}/testcase/${testCaseID}/attachment`, {
         |                                        ^
      18 |             headers: {
      19 |                 Accept: "*/*",
      20 |                 ContentType: "multipart/form-data",

        at C:\Users\ashwini.sunil.yeskar\AutomationTesting-MawistaFinance1\AutomationTesting-MawistaFinance\page-objects\utilities-pages\global-setup.ts:17:40

    Error: locator.click: Test timeout of 100000ms exceeded.
    Call log:
      - waiting for locator('//button[@title="Show Details"]').first()


       at page-objects\viewAllocatedPayments-pages\viewAllocatedPayments-page.ts:245

      243 |     async clickOnDetailsButton() {
      244 |         const showDetails = this.page.locator('//button[@title="Show Details"]');
    > 245 |         await showDetails.first().click();
          |                                   ^
      246 |     }
      247 |
      248 |     async verifySearchBar() {

        at ViewAllocatedPaymentsPage.clickOnDetailsButton (C:\Users\ashwini.sunil.yeskar\AutomationTesting-MawistaFinance1\AutomationTesting-MawistaFinance\page-objects\viewAllocatedPayments-pages\viewAllocatedPayments-page.ts:245:35)
        at C:\Users\ashwini.sunil.yeskar\AutomationTesting-MawistaFinance1\AutomationTesting-MawistaFinance\tests\viewAllocatedPayments\viewAllocatedPayments.spec.ts:736:41
        at C:\Users\ashwini.sunil.yeskar\AutomationTesting-MawistaFinance1\AutomationTesting-MawistaFinance\tests\viewAllocatedPayments\viewAllocatedPayments.spec.ts:735:16

    attachment #1: screenshot (image/png) ──────────────────────────────────────────────────────────
    test-results\tests-viewAllocatedPayment-5f7d7-tails-of-Allocated-payments-Mawista-EU\test-failed-1.png
    ────────────────────────────────────────────────────────────────────────────────────────────────
]]>
</failure>
<system-out>
<![CDATA[
[[ATTACHMENT|..\test-results\tests-viewAllocatedPayment-5f7d7-tails-of-Allocated-payments-Mawista-EU\test-failed-1.png]]
]]>
</system-out>
</testcase>
<testcase name="NXGF-TC-2910: TC_021_View allocated payments_Vreify that the policy reference shows the payment  / part of the payment has been allocated against" classname="tests\viewAllocatedPayments\viewAllocatedPayments.spec.ts" time="36.945">
</testcase>
<testcase name="NXGF-TC-2911: TC_022_View allocated payments_Verify that the Premium and Tax amount is the Amount of the payment that has been allocated against a specific premium (&amp; tax) due installment" classname="tests\viewAllocatedPayments\viewAllocatedPayments.spec.ts" time="100.214">
<properties>
<property name="Screen shot on Failure" value="test-results/screenshots/sc.png">
</property>
</properties>
<failure message="viewAllocatedPayments.spec.ts:791:5 NXGF-TC-2911: TC_022_View allocated payments_Verify that the Premium and Tax amount is the Amount of the payment that has been allocated against a specific premium (&amp; tax) due installment" type="FAILURE">
<![CDATA[  [Mawista-EU] › tests\viewAllocatedPayments\viewAllocatedPayments.spec.ts:791:5 › NXGF-TC-2911: TC_022_View allocated payments_Verify that the Premium and Tax amount is the Amount of the payment that has been allocated against a specific premium (& tax) due installment 

    Test timeout of 100000ms exceeded.

    TypeError: apiRequestContext.post: Invalid URL

       at page-objects\utilities-pages\global-setup.ts:17

      15 |         const testCaseID: string = testInfo.title.split(':')[0];
      16 |         const projectID: string = testCaseID.split(':')[0];
    > 17 |         const response = await request.post(`${baseURL}/api/v1/project/${projectID}/testcase/${testCaseID}/attachment`, {
         |                                        ^
      18 |             headers: {
      19 |                 Accept: "*/*",
      20 |                 ContentType: "multipart/form-data",

        at C:\Users\ashwini.sunil.yeskar\AutomationTesting-MawistaFinance1\AutomationTesting-MawistaFinance\page-objects\utilities-pages\global-setup.ts:17:40

    Error: locator.click: Test timeout of 100000ms exceeded.
    Call log:
      - waiting for locator('//button[@title="Show Details"]').first()


       at page-objects\viewAllocatedPayments-pages\viewAllocatedPayments-page.ts:245

      243 |     async clickOnDetailsButton() {
      244 |         const showDetails = this.page.locator('//button[@title="Show Details"]');
    > 245 |         await showDetails.first().click();
          |                                   ^
      246 |     }
      247 |
      248 |     async verifySearchBar() {

        at ViewAllocatedPaymentsPage.clickOnDetailsButton (C:\Users\ashwini.sunil.yeskar\AutomationTesting-MawistaFinance1\AutomationTesting-MawistaFinance\page-objects\viewAllocatedPayments-pages\viewAllocatedPayments-page.ts:245:35)
        at C:\Users\ashwini.sunil.yeskar\AutomationTesting-MawistaFinance1\AutomationTesting-MawistaFinance\tests\viewAllocatedPayments\viewAllocatedPayments.spec.ts:838:41
        at C:\Users\ashwini.sunil.yeskar\AutomationTesting-MawistaFinance1\AutomationTesting-MawistaFinance\tests\viewAllocatedPayments\viewAllocatedPayments.spec.ts:837:16

    attachment #1: screenshot (image/png) ──────────────────────────────────────────────────────────
    test-results\tests-viewAllocatedPayment-3bbff-premium-tax-due-installment-Mawista-EU\test-failed-1.png
    ────────────────────────────────────────────────────────────────────────────────────────────────
]]>
</failure>
<system-out>
<![CDATA[
[[ATTACHMENT|..\test-results\tests-viewAllocatedPayment-3bbff-premium-tax-due-installment-Mawista-EU\test-failed-1.png]]
]]>
</system-out>
</testcase>
<testcase name="NXGF-TC-2912: TC_023_View allocated payments_Verify that the user is able to view the Due date of the specific premium (&amp; tax) due installment" classname="tests\viewAllocatedPayments\viewAllocatedPayments.spec.ts" time="100.187">
<properties>
<property name="Screen shot on Failure" value="test-results/screenshots/sc.png">
</property>
</properties>
<failure message="viewAllocatedPayments.spec.ts:850:5 NXGF-TC-2912: TC_023_View allocated payments_Verify that the user is able to view the Due date of the specific premium (&amp; tax) due installment" type="FAILURE">
<![CDATA[  [Mawista-EU] › tests\viewAllocatedPayments\viewAllocatedPayments.spec.ts:850:5 › NXGF-TC-2912: TC_023_View allocated payments_Verify that the user is able to view the Due date of the specific premium (& tax) due installment 

    Test timeout of 100000ms exceeded.

    TypeError: apiRequestContext.post: Invalid URL

       at page-objects\utilities-pages\global-setup.ts:17

      15 |         const testCaseID: string = testInfo.title.split(':')[0];
      16 |         const projectID: string = testCaseID.split(':')[0];
    > 17 |         const response = await request.post(`${baseURL}/api/v1/project/${projectID}/testcase/${testCaseID}/attachment`, {
         |                                        ^
      18 |             headers: {
      19 |                 Accept: "*/*",
      20 |                 ContentType: "multipart/form-data",

        at C:\Users\ashwini.sunil.yeskar\AutomationTesting-MawistaFinance1\AutomationTesting-MawistaFinance\page-objects\utilities-pages\global-setup.ts:17:40

    Error: locator.click: Test timeout of 100000ms exceeded.
    Call log:
      - waiting for locator('//button[@title="Show Details"]').first()


       at page-objects\viewAllocatedPayments-pages\viewAllocatedPayments-page.ts:245

      243 |     async clickOnDetailsButton() {
      244 |         const showDetails = this.page.locator('//button[@title="Show Details"]');
    > 245 |         await showDetails.first().click();
          |                                   ^
      246 |     }
      247 |
      248 |     async verifySearchBar() {

        at ViewAllocatedPaymentsPage.clickOnDetailsButton (C:\Users\ashwini.sunil.yeskar\AutomationTesting-MawistaFinance1\AutomationTesting-MawistaFinance\page-objects\viewAllocatedPayments-pages\viewAllocatedPayments-page.ts:245:35)
        at C:\Users\ashwini.sunil.yeskar\AutomationTesting-MawistaFinance1\AutomationTesting-MawistaFinance\tests\viewAllocatedPayments\viewAllocatedPayments.spec.ts:897:41
        at C:\Users\ashwini.sunil.yeskar\AutomationTesting-MawistaFinance1\AutomationTesting-MawistaFinance\tests\viewAllocatedPayments\viewAllocatedPayments.spec.ts:896:16

    attachment #1: screenshot (image/png) ──────────────────────────────────────────────────────────
    test-results\tests-viewAllocatedPayment-7f9d2-premium-tax-due-installment-Mawista-EU\test-failed-1.png
    ────────────────────────────────────────────────────────────────────────────────────────────────
]]>
</failure>
<system-out>
<![CDATA[
[[ATTACHMENT|..\test-results\tests-viewAllocatedPayment-7f9d2-premium-tax-due-installment-Mawista-EU\test-failed-1.png]]
]]>
</system-out>
</testcase>
<testcase name="NXGF-TC-2913: TC_024_View allocated payments_Verify that the user is able to view the status Paid/ partially paid" classname="tests\viewAllocatedPayments\viewAllocatedPayments.spec.ts" time="100.203">
<properties>
<property name="Screen shot on Failure" value="test-results/screenshots/sc.png">
</property>
</properties>
<failure message="viewAllocatedPayments.spec.ts:909:5 NXGF-TC-2913: TC_024_View allocated payments_Verify that the user is able to view the status Paid/ partially paid" type="FAILURE">
<![CDATA[  [Mawista-EU] › tests\viewAllocatedPayments\viewAllocatedPayments.spec.ts:909:5 › NXGF-TC-2913: TC_024_View allocated payments_Verify that the user is able to view the status Paid/ partially paid 

    Test timeout of 100000ms exceeded.

    TypeError: apiRequestContext.post: Invalid URL

       at page-objects\utilities-pages\global-setup.ts:17

      15 |         const testCaseID: string = testInfo.title.split(':')[0];
      16 |         const projectID: string = testCaseID.split(':')[0];
    > 17 |         const response = await request.post(`${baseURL}/api/v1/project/${projectID}/testcase/${testCaseID}/attachment`, {
         |                                        ^
      18 |             headers: {
      19 |                 Accept: "*/*",
      20 |                 ContentType: "multipart/form-data",

        at C:\Users\ashwini.sunil.yeskar\AutomationTesting-MawistaFinance1\AutomationTesting-MawistaFinance\page-objects\utilities-pages\global-setup.ts:17:40

    Error: locator.click: Test timeout of 100000ms exceeded.
    Call log:
      - waiting for locator('//button[@title="Show Details"]').first()


       at page-objects\viewAllocatedPayments-pages\viewAllocatedPayments-page.ts:245

      243 |     async clickOnDetailsButton() {
      244 |         const showDetails = this.page.locator('//button[@title="Show Details"]');
    > 245 |         await showDetails.first().click();
          |                                   ^
      246 |     }
      247 |
      248 |     async verifySearchBar() {

        at ViewAllocatedPaymentsPage.clickOnDetailsButton (C:\Users\ashwini.sunil.yeskar\AutomationTesting-MawistaFinance1\AutomationTesting-MawistaFinance\page-objects\viewAllocatedPayments-pages\viewAllocatedPayments-page.ts:245:35)
        at C:\Users\ashwini.sunil.yeskar\AutomationTesting-MawistaFinance1\AutomationTesting-MawistaFinance\tests\viewAllocatedPayments\viewAllocatedPayments.spec.ts:956:41
        at C:\Users\ashwini.sunil.yeskar\AutomationTesting-MawistaFinance1\AutomationTesting-MawistaFinance\tests\viewAllocatedPayments\viewAllocatedPayments.spec.ts:955:16

    attachment #1: screenshot (image/png) ──────────────────────────────────────────────────────────
    test-results\tests-viewAllocatedPayment-81a4a--status-Paid-partially-paid-Mawista-EU\test-failed-1.png
    ────────────────────────────────────────────────────────────────────────────────────────────────
]]>
</failure>
<system-out>
<![CDATA[
[[ATTACHMENT|..\test-results\tests-viewAllocatedPayment-81a4a--status-Paid-partially-paid-Mawista-EU\test-failed-1.png]]
]]>
</system-out>
</testcase>
<testcase name="NXGF-TC-2914: TC_025_View allocated payments_Verify that the Search bar displayed in main menu screen" classname="tests\viewAllocatedPayments\viewAllocatedPayments.spec.ts" time="17.077">
</testcase>
</testsuite>
</testsuites>