<testsuites id="" name="" tests="1" failures="0" skipped="0" errors="0" time="71.56145999999997">
<testsuite name="tests\smokeTestingSuite\smokeTestingSuite.spec.ts" timestamp="2026-07-16T10:02:26.291Z" hostname="Mawista-EU" tests="1" failures="0" skipped="0" time="56.948" errors="0">
<testcase name="FIN-TC-1750 @smoke:TC_010_Account Reconciliation_Verify that user can search by PO ID- Ex-3600709_Smoke" classname="tests\smokeTestingSuite\smokeTestingSuite.spec.ts" time="56.948">
<system-out>
<![CDATA[✅ Login process completed
]]>
</system-out>
</testcase>
</testsuite>
</testsuites>