<testsuites id="" name="" tests="1" failures="0" skipped="0" errors="0" time="41.01262800000003">
<testsuite name="tests\sanityTestingSuite\sanityTestingSuite.spec.ts" timestamp="2026-09-22T04:52:04.379Z" hostname="Mawista-EU" tests="1" failures="0" skipped="0" time="33.838" errors="0">
<testcase name="FIN-TC-1897 @sanity: TC21_Sanity_Report Preferences_Verify that Report Preferences label is displayed" classname="tests\sanityTestingSuite\sanityTestingSuite.spec.ts" time="33.838">
<system-out>
<![CDATA[--------------Start the Financial Organization - Payment Order Details Testclass----------------------
✅ Login process completed
]]>
</system-out>
</testcase>
</testsuite>
</testsuites>