<testsuites id="" name="" tests="1" failures="0" skipped="0" errors="0" time="65.96128999999165">
<testsuite name="tests\sanityTestingSuite\sanityTestingSuite.spec.ts" timestamp="2026-08-05T08:43:34.728Z" hostname="Mawista-EU" tests="1" failures="0" skipped="0" time="56.716" errors="0">
<testcase name="FIN-TC-1797 @sanity: TC_435_Provider&apos;s Financial Settlement _verify that currency label and dropdown is displayed" classname="tests\sanityTestingSuite\sanityTestingSuite.spec.ts" time="56.716">
<system-out>
<![CDATA[Retrying Sign In...
✅ Login process completed
Payer "TEST PAYER (Do Not Use)" selected successfully.
Up To Due Date "31/05/2023" selected successfully.
]]>
</system-out>
</testcase>
</testsuite>
</testsuites>