<testsuites id="" name="" tests="1" failures="0" skipped="0" errors="0" time="41.966315999999644">
<testsuite name="tests\paymentOrders\paymentOrders.spec.ts" timestamp="2026-05-21T09:19:10.087Z" hostname="Mawista-EU" tests="1" failures="0" skipped="0" time="35.567" errors="0">
<testcase name="FIN-TC-1081: TC_433_Payment Orders_verify that enter number and blank spaces and click on search" classname="tests\paymentOrders\paymentOrders.spec.ts" time="35.567">
<system-out>
<![CDATA[--------------Start the Financial Organization - Payment Order Details Testclass----------------------
✅ Login process completed
Batch Id input "1 2 3" → textbox shows "123" (system stripped interleaved spaces, kept numbers)
Search button clicked after entering numbers with blank spaces
]]>
</system-out>
</testcase>
</testsuite>
</testsuites>