<testsuites id="" name="" tests="15" failures="14" skipped="0" errors="0" time="1090.186664999999">
<testsuite name="tests\journalVoucherCreation\journalVoucherCreation.spec.ts" timestamp="2025-03-07T13:28:51.075Z" hostname="Mawista-EU" tests="15" failures="14" skipped="0" time="982.689" errors="0">
<testcase name="NXGF-TC-3875,NXGF-TC-3876,NXGF-TC-3877: TC_036_Journal Voucher creation_Verify that the user is able to select the required Account name" classname="tests\journalVoucherCreation\journalVoucherCreation.spec.ts" time="100.574">
<properties>
<property name="Screen shot on Failure" value="test-results/screenshots/sc.png">
</property>
</properties>
<failure message="journalVoucherCreation.spec.ts:837:5 NXGF-TC-3875,NXGF-TC-3876,NXGF-TC-3877: TC_036_Journal Voucher creation_Verify that the user is able to select the required Account name" type="FAILURE">
<![CDATA[  [Mawista-EU] › tests\journalVoucherCreation\journalVoucherCreation.spec.ts:837:5 › NXGF-TC-3875,NXGF-TC-3876,NXGF-TC-3877: TC_036_Journal Voucher creation_Verify that the user is able to select the required Account name 

    Test timeout of 100000ms exceeded.

    TypeError: apiRequestContext.post: Invalid URL

       at page-objects\utilities-pages\global-setup.ts:17

      15 |         const testCaseID: string = testInfo.title.split(':')[0];
      16 |         const projectID: string = testCaseID.split(':')[0];
    > 17 |         const response = await request.post(`${baseURL}/api/v1/project/${projectID}/testcase/${testCaseID}/attachment`, {
         |                                        ^
      18 |             headers: {
      19 |                 Accept: "*/*",
      20 |                 ContentType: "multipart/form-data",

        at C:\Users\ashwini.sunil.yeskar\AutomationTesting-MawistaFinance1\AutomationTesting-MawistaFinance\page-objects\utilities-pages\global-setup.ts:17:40

    Error: locator.click: Test timeout of 100000ms exceeded.
    Call log:
      - waiting for locator('//mat-option//span//mat-label[text()="298098-testt"]')


       at page-objects\journalVoucherCreation-pages\journalVoucherCreation-page.ts:278

      276 |     async selectAccountName(data: string) {
      277 |         await this.accountName.click();
    > 278 |         await this.page.locator('//mat-option//span//mat-label[text()="' + data + '"]').click();
          |                                                                                         ^
      279 |     }
      280 |
      281 |     async enterAmount(data: string) {

        at JournalVoucherCreationPage.selectAccountName (C:\Users\ashwini.sunil.yeskar\AutomationTesting-MawistaFinance1\AutomationTesting-MawistaFinance\page-objects\journalVoucherCreation-pages\journalVoucherCreation-page.ts:278:89)
        at C:\Users\ashwini.sunil.yeskar\AutomationTesting-MawistaFinance1\AutomationTesting-MawistaFinance\tests\journalVoucherCreation\journalVoucherCreation.spec.ts:874:9
        at C:\Users\ashwini.sunil.yeskar\AutomationTesting-MawistaFinance1\AutomationTesting-MawistaFinance\tests\journalVoucherCreation\journalVoucherCreation.spec.ts:873:5

    attachment #1: screenshot (image/png) ──────────────────────────────────────────────────────────
    test-results\tests-journalVoucherCreati-08e58-t-the-required-Account-name-Mawista-EU\test-failed-1.png
    ────────────────────────────────────────────────────────────────────────────────────────────────
]]>
</failure>
<system-out>
<![CDATA[
[[ATTACHMENT|..\test-results\tests-journalVoucherCreati-08e58-t-the-required-Account-name-Mawista-EU\test-failed-1.png]]
]]>
</system-out>
</testcase>
<testcase name="NXGF-TC-3878,NXGF-TC-3879: TC_040_Journal Voucher creation_Verify that the CV1 and CV2 (Counter Value) is dependent on the Amount currency" classname="tests\journalVoucherCreation\journalVoucherCreation.spec.ts" time="100.642">
<properties>
<property name="Screen shot on Failure" value="test-results/screenshots/sc.png">
</property>
</properties>
<failure message="journalVoucherCreation.spec.ts:879:5 NXGF-TC-3878,NXGF-TC-3879: TC_040_Journal Voucher creation_Verify that the CV1 and CV2 (Counter Value) is dependent on the Amount currency" type="FAILURE">
<![CDATA[  [Mawista-EU] › tests\journalVoucherCreation\journalVoucherCreation.spec.ts:879:5 › NXGF-TC-3878,NXGF-TC-3879: TC_040_Journal Voucher creation_Verify that the CV1 and CV2 (Counter Value) is dependent on the Amount currency 

    Test timeout of 100000ms exceeded.

    TypeError: apiRequestContext.post: Invalid URL

       at page-objects\utilities-pages\global-setup.ts:17

      15 |         const testCaseID: string = testInfo.title.split(':')[0];
      16 |         const projectID: string = testCaseID.split(':')[0];
    > 17 |         const response = await request.post(`${baseURL}/api/v1/project/${projectID}/testcase/${testCaseID}/attachment`, {
         |                                        ^
      18 |             headers: {
      19 |                 Accept: "*/*",
      20 |                 ContentType: "multipart/form-data",

        at C:\Users\ashwini.sunil.yeskar\AutomationTesting-MawistaFinance1\AutomationTesting-MawistaFinance\page-objects\utilities-pages\global-setup.ts:17:40

    Error: locator.inputValue: Test timeout of 100000ms exceeded.
    Call log:
      - waiting for locator('//iris-composed-dialog//input[@title="Amount CV1"]')


       at page-objects\journalVoucherCreation-pages\journalVoucherCreation-page.ts:296

      294 |     async verifyCV1Amount() {
      295 |         await new Promise(resolve => setTimeout(resolve, 5000));
    > 296 |         const value = await this.amountCV1.inputValue();
          |                                            ^
      297 |         expect(value).toBeTruthy();
      298 |     }
      299 |

        at JournalVoucherCreationPage.verifyCV1Amount (C:\Users\ashwini.sunil.yeskar\AutomationTesting-MawistaFinance1\AutomationTesting-MawistaFinance\page-objects\journalVoucherCreation-pages\journalVoucherCreation-page.ts:296:44)
        at C:\Users\ashwini.sunil.yeskar\AutomationTesting-MawistaFinance1\AutomationTesting-MawistaFinance\tests\journalVoucherCreation\journalVoucherCreation.spec.ts:922:9
        at C:\Users\ashwini.sunil.yeskar\AutomationTesting-MawistaFinance1\AutomationTesting-MawistaFinance\tests\journalVoucherCreation\journalVoucherCreation.spec.ts:921:5

    attachment #1: screenshot (image/png) ──────────────────────────────────────────────────────────
    test-results\tests-journalVoucherCreati-ae993-dent-on-the-Amount-currency-Mawista-EU\test-failed-1.png
    ────────────────────────────────────────────────────────────────────────────────────────────────
]]>
</failure>
<system-out>
<![CDATA[
[[ATTACHMENT|..\test-results\tests-journalVoucherCreati-ae993-dent-on-the-Amount-currency-Mawista-EU\test-failed-1.png]]
]]>
</system-out>
</testcase>
<testcase name="NXGF-TC-3880: TC_044_Journal Voucher creation_Verify that the Value date is set to system date as default value" classname="tests\journalVoucherCreation\journalVoucherCreation.spec.ts" time="61.643">
</testcase>
<testcase name="NXGF-TC-3881: TC_050_Journal Voucher creation_Verify that the user is able to click on Edit" classname="tests\journalVoucherCreation\journalVoucherCreation.spec.ts" time="100.534">
<properties>
<property name="Screen shot on Failure" value="test-results/screenshots/sc.png">
</property>
</properties>
<failure message="journalVoucherCreation.spec.ts:967:5 NXGF-TC-3881: TC_050_Journal Voucher creation_Verify that the user is able to click on Edit" type="FAILURE">
<![CDATA[  [Mawista-EU] › tests\journalVoucherCreation\journalVoucherCreation.spec.ts:967:5 › NXGF-TC-3881: TC_050_Journal Voucher creation_Verify that the user is able to click on Edit 

    Test timeout of 100000ms exceeded.

    TypeError: apiRequestContext.post: Invalid URL

       at page-objects\utilities-pages\global-setup.ts:17

      15 |         const testCaseID: string = testInfo.title.split(':')[0];
      16 |         const projectID: string = testCaseID.split(':')[0];
    > 17 |         const response = await request.post(`${baseURL}/api/v1/project/${projectID}/testcase/${testCaseID}/attachment`, {
         |                                        ^
      18 |             headers: {
      19 |                 Accept: "*/*",
      20 |                 ContentType: "multipart/form-data",

        at C:\Users\ashwini.sunil.yeskar\AutomationTesting-MawistaFinance1\AutomationTesting-MawistaFinance\page-objects\utilities-pages\global-setup.ts:17:40

    Error: locator.click: Test timeout of 100000ms exceeded.
    Call log:
      - waiting for locator('//mat-option//span//mat-label[text()="298098-testt"]')


       at page-objects\journalVoucherCreation-pages\journalVoucherCreation-page.ts:278

      276 |     async selectAccountName(data: string) {
      277 |         await this.accountName.click();
    > 278 |         await this.page.locator('//mat-option//span//mat-label[text()="' + data + '"]').click();
          |                                                                                         ^
      279 |     }
      280 |
      281 |     async enterAmount(data: string) {

        at JournalVoucherCreationPage.selectAccountName (C:\Users\ashwini.sunil.yeskar\AutomationTesting-MawistaFinance1\AutomationTesting-MawistaFinance\page-objects\journalVoucherCreation-pages\journalVoucherCreation-page.ts:278:89)
        at C:\Users\ashwini.sunil.yeskar\AutomationTesting-MawistaFinance1\AutomationTesting-MawistaFinance\tests\journalVoucherCreation\journalVoucherCreation.spec.ts:1002:9
        at C:\Users\ashwini.sunil.yeskar\AutomationTesting-MawistaFinance1\AutomationTesting-MawistaFinance\tests\journalVoucherCreation\journalVoucherCreation.spec.ts:1001:5

    attachment #1: screenshot (image/png) ──────────────────────────────────────────────────────────
    test-results\tests-journalVoucherCreati-06f41-er-is-able-to-click-on-Edit-Mawista-EU\test-failed-1.png
    ────────────────────────────────────────────────────────────────────────────────────────────────
]]>
</failure>
<system-out>
<![CDATA[
[[ATTACHMENT|..\test-results\tests-journalVoucherCreati-06f41-er-is-able-to-click-on-Edit-Mawista-EU\test-failed-1.png]]
]]>
</system-out>
</testcase>
<testcase name="NXGF-TC-3882: TC_051_Journal Voucher creation_Verify that the user is able to edit the previously entered information" classname="tests\journalVoucherCreation\journalVoucherCreation.spec.ts" time="100.664">
<properties>
<property name="Screen shot on Failure" value="test-results/screenshots/sc.png">
</property>
</properties>
<failure message="journalVoucherCreation.spec.ts:1031:5 NXGF-TC-3882: TC_051_Journal Voucher creation_Verify that the user is able to edit the previously entered information" type="FAILURE">
<![CDATA[  [Mawista-EU] › tests\journalVoucherCreation\journalVoucherCreation.spec.ts:1031:5 › NXGF-TC-3882: TC_051_Journal Voucher creation_Verify that the user is able to edit the previously entered information 

    Test timeout of 100000ms exceeded.

    TypeError: apiRequestContext.post: Invalid URL

       at page-objects\utilities-pages\global-setup.ts:17

      15 |         const testCaseID: string = testInfo.title.split(':')[0];
      16 |         const projectID: string = testCaseID.split(':')[0];
    > 17 |         const response = await request.post(`${baseURL}/api/v1/project/${projectID}/testcase/${testCaseID}/attachment`, {
         |                                        ^
      18 |             headers: {
      19 |                 Accept: "*/*",
      20 |                 ContentType: "multipart/form-data",

        at C:\Users\ashwini.sunil.yeskar\AutomationTesting-MawistaFinance1\AutomationTesting-MawistaFinance\page-objects\utilities-pages\global-setup.ts:17:40

    Error: locator.click: Test timeout of 100000ms exceeded.
    Call log:
      - waiting for locator('//mat-option//span//mat-label[text()="298098-testt"]')


       at page-objects\journalVoucherCreation-pages\journalVoucherCreation-page.ts:278

      276 |     async selectAccountName(data: string) {
      277 |         await this.accountName.click();
    > 278 |         await this.page.locator('//mat-option//span//mat-label[text()="' + data + '"]').click();
          |                                                                                         ^
      279 |     }
      280 |
      281 |     async enterAmount(data: string) {

        at JournalVoucherCreationPage.selectAccountName (C:\Users\ashwini.sunil.yeskar\AutomationTesting-MawistaFinance1\AutomationTesting-MawistaFinance\page-objects\journalVoucherCreation-pages\journalVoucherCreation-page.ts:278:89)
        at C:\Users\ashwini.sunil.yeskar\AutomationTesting-MawistaFinance1\AutomationTesting-MawistaFinance\tests\journalVoucherCreation\journalVoucherCreation.spec.ts:1066:9
        at C:\Users\ashwini.sunil.yeskar\AutomationTesting-MawistaFinance1\AutomationTesting-MawistaFinance\tests\journalVoucherCreation\journalVoucherCreation.spec.ts:1065:5

    attachment #1: screenshot (image/png) ──────────────────────────────────────────────────────────
    test-results\tests-journalVoucherCreati-44c22-viously-entered-information-Mawista-EU\test-failed-1.png
    ────────────────────────────────────────────────────────────────────────────────────────────────
]]>
</failure>
<system-out>
<![CDATA[
[[ATTACHMENT|..\test-results\tests-journalVoucherCreati-44c22-viously-entered-information-Mawista-EU\test-failed-1.png]]
]]>
</system-out>
</testcase>
<testcase name="NXGF-TC-3883: TC_052_Journal Voucher creation_Verify that the user is able to view the Save link if the voucher is not validated" classname="tests\journalVoucherCreation\journalVoucherCreation.spec.ts" time="100.485">
<properties>
<property name="Screen shot on Failure" value="test-results/screenshots/sc.png">
</property>
</properties>
<failure message="journalVoucherCreation.spec.ts:1115:5 NXGF-TC-3883: TC_052_Journal Voucher creation_Verify that the user is able to view the Save link if the voucher is not validated" type="FAILURE">
<![CDATA[  [Mawista-EU] › tests\journalVoucherCreation\journalVoucherCreation.spec.ts:1115:5 › NXGF-TC-3883: TC_052_Journal Voucher creation_Verify that the user is able to view the Save link if the voucher is not validated 

    Test timeout of 100000ms exceeded.

    TypeError: apiRequestContext.post: Invalid URL

       at page-objects\utilities-pages\global-setup.ts:17

      15 |         const testCaseID: string = testInfo.title.split(':')[0];
      16 |         const projectID: string = testCaseID.split(':')[0];
    > 17 |         const response = await request.post(`${baseURL}/api/v1/project/${projectID}/testcase/${testCaseID}/attachment`, {
         |                                        ^
      18 |             headers: {
      19 |                 Accept: "*/*",
      20 |                 ContentType: "multipart/form-data",

        at C:\Users\ashwini.sunil.yeskar\AutomationTesting-MawistaFinance1\AutomationTesting-MawistaFinance\page-objects\utilities-pages\global-setup.ts:17:40

    Error: locator.click: Test timeout of 100000ms exceeded.
    Call log:
      - waiting for locator('//button[@title="Edit Journal Voucher"]').first()


       at page-objects\journalVoucherCreation-pages\journalVoucherCreation-page.ts:329

      327 |
      328 |     async clickOnEditJournalVoucher() {
    > 329 |         await this.editJournalVoucher.first().click();
          |                                               ^
      330 |     }
      331 |
      332 |     async verifyValidatedCheckboxDisabled() {

        at JournalVoucherCreationPage.clickOnEditJournalVoucher (C:\Users\ashwini.sunil.yeskar\AutomationTesting-MawistaFinance1\AutomationTesting-MawistaFinance\page-objects\journalVoucherCreation-pages\journalVoucherCreation-page.ts:329:47)
        at C:\Users\ashwini.sunil.yeskar\AutomationTesting-MawistaFinance1\AutomationTesting-MawistaFinance\tests\journalVoucherCreation\journalVoucherCreation.spec.ts:1143:42
        at C:\Users\ashwini.sunil.yeskar\AutomationTesting-MawistaFinance1\AutomationTesting-MawistaFinance\tests\journalVoucherCreation\journalVoucherCreation.spec.ts:1142:16

    attachment #1: screenshot (image/png) ──────────────────────────────────────────────────────────
    test-results\tests-journalVoucherCreati-46e7b-he-voucher-is-not-validated-Mawista-EU\test-failed-1.png
    ────────────────────────────────────────────────────────────────────────────────────────────────
]]>
</failure>
<system-out>
<![CDATA[
[[ATTACHMENT|..\test-results\tests-journalVoucherCreati-46e7b-he-voucher-is-not-validated-Mawista-EU\test-failed-1.png]]
]]>
</system-out>
</testcase>
<testcase name="NXGF-TC-3884: TC_053_Journal Voucher creation_Verify that the user is able to click on Save" classname="tests\journalVoucherCreation\journalVoucherCreation.spec.ts" time="100.573">
<properties>
<property name="Screen shot on Failure" value="test-results/screenshots/sc.png">
</property>
</properties>
<failure message="journalVoucherCreation.spec.ts:1148:5 NXGF-TC-3884: TC_053_Journal Voucher creation_Verify that the user is able to click on Save" type="FAILURE">
<![CDATA[  [Mawista-EU] › tests\journalVoucherCreation\journalVoucherCreation.spec.ts:1148:5 › NXGF-TC-3884: TC_053_Journal Voucher creation_Verify that the user is able to click on Save 

    Test timeout of 100000ms exceeded.

    TypeError: apiRequestContext.post: Invalid URL

       at page-objects\utilities-pages\global-setup.ts:17

      15 |         const testCaseID: string = testInfo.title.split(':')[0];
      16 |         const projectID: string = testCaseID.split(':')[0];
    > 17 |         const response = await request.post(`${baseURL}/api/v1/project/${projectID}/testcase/${testCaseID}/attachment`, {
         |                                        ^
      18 |             headers: {
      19 |                 Accept: "*/*",
      20 |                 ContentType: "multipart/form-data",

        at C:\Users\ashwini.sunil.yeskar\AutomationTesting-MawistaFinance1\AutomationTesting-MawistaFinance\page-objects\utilities-pages\global-setup.ts:17:40

    Error: locator.click: Test timeout of 100000ms exceeded.
    Call log:
      - waiting for locator('//mat-option//span//mat-label[text()="298098-testt"]')


       at page-objects\journalVoucherCreation-pages\journalVoucherCreation-page.ts:278

      276 |     async selectAccountName(data: string) {
      277 |         await this.accountName.click();
    > 278 |         await this.page.locator('//mat-option//span//mat-label[text()="' + data + '"]').click();
          |                                                                                         ^
      279 |     }
      280 |
      281 |     async enterAmount(data: string) {

        at JournalVoucherCreationPage.selectAccountName (C:\Users\ashwini.sunil.yeskar\AutomationTesting-MawistaFinance1\AutomationTesting-MawistaFinance\page-objects\journalVoucherCreation-pages\journalVoucherCreation-page.ts:278:89)
        at C:\Users\ashwini.sunil.yeskar\AutomationTesting-MawistaFinance1\AutomationTesting-MawistaFinance\tests\journalVoucherCreation\journalVoucherCreation.spec.ts:1183:9
        at C:\Users\ashwini.sunil.yeskar\AutomationTesting-MawistaFinance1\AutomationTesting-MawistaFinance\tests\journalVoucherCreation\journalVoucherCreation.spec.ts:1182:5

    attachment #1: screenshot (image/png) ──────────────────────────────────────────────────────────
    test-results\tests-journalVoucherCreati-6585d-er-is-able-to-click-on-Save-Mawista-EU\test-failed-1.png
    ────────────────────────────────────────────────────────────────────────────────────────────────
]]>
</failure>
<system-out>
<![CDATA[
[[ATTACHMENT|..\test-results\tests-journalVoucherCreati-6585d-er-is-able-to-click-on-Save-Mawista-EU\test-failed-1.png]]
]]>
</system-out>
</testcase>
<testcase name="NXGF-TC-3885,NXGF-TC-3889: TC_055_Journal Voucher creation_Verify that the user is able to view the Validate checkbox as disabled" classname="tests\journalVoucherCreation\journalVoucherCreation.spec.ts" time="100.506">
<properties>
<property name="Screen shot on Failure" value="test-results/screenshots/sc.png">
</property>
</properties>
<failure message="journalVoucherCreation.spec.ts:1210:5 NXGF-TC-3885,NXGF-TC-3889: TC_055_Journal Voucher creation_Verify that the user is able to view the Validate checkbox as disabled" type="FAILURE">
<![CDATA[  [Mawista-EU] › tests\journalVoucherCreation\journalVoucherCreation.spec.ts:1210:5 › NXGF-TC-3885,NXGF-TC-3889: TC_055_Journal Voucher creation_Verify that the user is able to view the Validate checkbox as disabled 

    Test timeout of 100000ms exceeded.

    TypeError: apiRequestContext.post: Invalid URL

       at page-objects\utilities-pages\global-setup.ts:17

      15 |         const testCaseID: string = testInfo.title.split(':')[0];
      16 |         const projectID: string = testCaseID.split(':')[0];
    > 17 |         const response = await request.post(`${baseURL}/api/v1/project/${projectID}/testcase/${testCaseID}/attachment`, {
         |                                        ^
      18 |             headers: {
      19 |                 Accept: "*/*",
      20 |                 ContentType: "multipart/form-data",

        at C:\Users\ashwini.sunil.yeskar\AutomationTesting-MawistaFinance1\AutomationTesting-MawistaFinance\page-objects\utilities-pages\global-setup.ts:17:40

    Error: locator.click: Test timeout of 100000ms exceeded.
    Call log:
      - waiting for locator('//button[@title="Edit Journal Voucher"]').first()


       at page-objects\journalVoucherCreation-pages\journalVoucherCreation-page.ts:329

      327 |
      328 |     async clickOnEditJournalVoucher() {
    > 329 |         await this.editJournalVoucher.first().click();
          |                                               ^
      330 |     }
      331 |
      332 |     async verifyValidatedCheckboxDisabled() {

        at JournalVoucherCreationPage.clickOnEditJournalVoucher (C:\Users\ashwini.sunil.yeskar\AutomationTesting-MawistaFinance1\AutomationTesting-MawistaFinance\page-objects\journalVoucherCreation-pages\journalVoucherCreation-page.ts:329:47)
        at C:\Users\ashwini.sunil.yeskar\AutomationTesting-MawistaFinance1\AutomationTesting-MawistaFinance\tests\journalVoucherCreation\journalVoucherCreation.spec.ts:1239:42
        at C:\Users\ashwini.sunil.yeskar\AutomationTesting-MawistaFinance1\AutomationTesting-MawistaFinance\tests\journalVoucherCreation\journalVoucherCreation.spec.ts:1238:16

    attachment #1: screenshot (image/png) ──────────────────────────────────────────────────────────
    test-results\tests-journalVoucherCreati-75fb4-lidate-checkbox-as-disabled-Mawista-EU\test-failed-1.png
    ────────────────────────────────────────────────────────────────────────────────────────────────
]]>
</failure>
<system-out>
<![CDATA[
[[ATTACHMENT|..\test-results\tests-journalVoucherCreati-75fb4-lidate-checkbox-as-disabled-Mawista-EU\test-failed-1.png]]
]]>
</system-out>
</testcase>
<testcase name="NXGF-TC-3887: TC_057_Journal Voucher creation_Verify that the user gets a pop up message to fill the missing cells if any" classname="tests\journalVoucherCreation\journalVoucherCreation.spec.ts" time="101.079">
<properties>
<property name="Screen shot on Failure" value="test-results/screenshots/sc.png">
</property>
</properties>
<failure message="journalVoucherCreation.spec.ts:1249:5 NXGF-TC-3887: TC_057_Journal Voucher creation_Verify that the user gets a pop up message to fill the missing cells if any" type="FAILURE">
<![CDATA[  [Mawista-EU] › tests\journalVoucherCreation\journalVoucherCreation.spec.ts:1249:5 › NXGF-TC-3887: TC_057_Journal Voucher creation_Verify that the user gets a pop up message to fill the missing cells if any 

    Test timeout of 100000ms exceeded.

    TypeError: apiRequestContext.post: Invalid URL

       at page-objects\utilities-pages\global-setup.ts:17

      15 |         const testCaseID: string = testInfo.title.split(':')[0];
      16 |         const projectID: string = testCaseID.split(':')[0];
    > 17 |         const response = await request.post(`${baseURL}/api/v1/project/${projectID}/testcase/${testCaseID}/attachment`, {
         |                                        ^
      18 |             headers: {
      19 |                 Accept: "*/*",
      20 |                 ContentType: "multipart/form-data",

        at C:\Users\ashwini.sunil.yeskar\AutomationTesting-MawistaFinance1\AutomationTesting-MawistaFinance\page-objects\utilities-pages\global-setup.ts:17:40

    Error: locator.click: Test timeout of 100000ms exceeded.
    Call log:
      - waiting for locator('//mat-option//span//mat-label[text()="298098-testt"]')


       at page-objects\journalVoucherCreation-pages\journalVoucherCreation-page.ts:278

      276 |     async selectAccountName(data: string) {
      277 |         await this.accountName.click();
    > 278 |         await this.page.locator('//mat-option//span//mat-label[text()="' + data + '"]').click();
          |                                                                                         ^
      279 |     }
      280 |
      281 |     async enterAmount(data: string) {

        at JournalVoucherCreationPage.selectAccountName (C:\Users\ashwini.sunil.yeskar\AutomationTesting-MawistaFinance1\AutomationTesting-MawistaFinance\page-objects\journalVoucherCreation-pages\journalVoucherCreation-page.ts:278:89)
        at C:\Users\ashwini.sunil.yeskar\AutomationTesting-MawistaFinance1\AutomationTesting-MawistaFinance\tests\journalVoucherCreation\journalVoucherCreation.spec.ts:1284:9
        at C:\Users\ashwini.sunil.yeskar\AutomationTesting-MawistaFinance1\AutomationTesting-MawistaFinance\tests\journalVoucherCreation\journalVoucherCreation.spec.ts:1283:5

    attachment #1: screenshot (image/png) ──────────────────────────────────────────────────────────
    test-results\tests-journalVoucherCreati-1c441-ll-the-missing-cells-if-any-Mawista-EU\test-failed-1.png
    ────────────────────────────────────────────────────────────────────────────────────────────────
]]>
</failure>
<system-out>
<![CDATA[
[[ATTACHMENT|..\test-results\tests-journalVoucherCreati-1c441-ll-the-missing-cells-if-any-Mawista-EU\test-failed-1.png]]
]]>
</system-out>
</testcase>
<testcase name="NXGF-TC-3890,NXGF-TC-3891: TC_060_Journal Voucher creation_Verify that the user is unable to validate a voucher is the total Total debit counter value is not equal to total credit counter value" classname="tests\journalVoucherCreation\journalVoucherCreation.spec.ts" time="101.252">
<properties>
<property name="Screen shot on Failure" value="test-results/screenshots/sc.png">
</property>
</properties>
<failure message="journalVoucherCreation.spec.ts:1305:5 NXGF-TC-3890,NXGF-TC-3891: TC_060_Journal Voucher creation_Verify that the user is unable to validate a voucher is the total Total debit counter value is not equal to total credit counter value" type="FAILURE">
<![CDATA[  [Mawista-EU] › tests\journalVoucherCreation\journalVoucherCreation.spec.ts:1305:5 › NXGF-TC-3890,NXGF-TC-3891: TC_060_Journal Voucher creation_Verify that the user is unable to validate a voucher is the total Total debit counter value is not equal to total credit counter value 

    Test timeout of 100000ms exceeded.

    TypeError: apiRequestContext.post: Invalid URL

       at page-objects\utilities-pages\global-setup.ts:17

      15 |         const testCaseID: string = testInfo.title.split(':')[0];
      16 |         const projectID: string = testCaseID.split(':')[0];
    > 17 |         const response = await request.post(`${baseURL}/api/v1/project/${projectID}/testcase/${testCaseID}/attachment`, {
         |                                        ^
      18 |             headers: {
      19 |                 Accept: "*/*",
      20 |                 ContentType: "multipart/form-data",

        at C:\Users\ashwini.sunil.yeskar\AutomationTesting-MawistaFinance1\AutomationTesting-MawistaFinance\page-objects\utilities-pages\global-setup.ts:17:40

    Error: locator.waitFor: Test timeout of 100000ms exceeded.
    Call log:
      - waiting for locator('//button[@title="Add Journal Voucher Lookup"]') to be visible


       at page-objects\journalVoucherCreation-pages\journalVoucherCreation-page.ts:177

      175 |     async clickOnAddLookupVoucherCreationButton() {
      176 |         await new Promise(resolve => setTimeout(resolve, 7000));
    > 177 |         await this.addJournalVoucherLookupbtn.waitFor();
          |                                               ^
      178 |         await this.addJournalVoucherLookupbtn.click();
      179 |         await new Promise(resolve => setTimeout(resolve, 9000));
      180 |     }

        at JournalVoucherCreationPage.clickOnAddLookupVoucherCreationButton (C:\Users\ashwini.sunil.yeskar\AutomationTesting-MawistaFinance1\AutomationTesting-MawistaFinance\page-objects\journalVoucherCreation-pages\journalVoucherCreation-page.ts:177:47)
        at C:\Users\ashwini.sunil.yeskar\AutomationTesting-MawistaFinance1\AutomationTesting-MawistaFinance\tests\journalVoucherCreation\journalVoucherCreation.spec.ts:1333:9
        at C:\Users\ashwini.sunil.yeskar\AutomationTesting-MawistaFinance1\AutomationTesting-MawistaFinance\tests\journalVoucherCreation\journalVoucherCreation.spec.ts:1332:5

    attachment #1: screenshot (image/png) ──────────────────────────────────────────────────────────
    test-results\tests-journalVoucherCreati-e2050--total-credit-counter-value-Mawista-EU\test-failed-1.png
    ────────────────────────────────────────────────────────────────────────────────────────────────
]]>
</failure>
<system-out>
<![CDATA[
[[ATTACHMENT|..\test-results\tests-journalVoucherCreati-e2050--total-credit-counter-value-Mawista-EU\test-failed-1.png]]
]]>
</system-out>
</testcase>
<testcase name="NXGF-TC-3892: TC_062_Journal Voucher creation_Verify that the user is able to view a section indicating the totals" classname="tests\journalVoucherCreation\journalVoucherCreation.spec.ts" time="2.307">
<properties>
<property name="Screen shot on Failure" value="test-results/screenshots/sc.png">
</property>
</properties>
<failure message="journalVoucherCreation.spec.ts:1398:5 NXGF-TC-3892: TC_062_Journal Voucher creation_Verify that the user is able to view a section indicating the totals" type="FAILURE">
<![CDATA[  [Mawista-EU] › tests\journalVoucherCreation\journalVoucherCreation.spec.ts:1398:5 › NXGF-TC-3892: TC_062_Journal Voucher creation_Verify that the user is able to view a section indicating the totals 

    Error: page.goto: net::ERR_INTERNET_DISCONNECTED at https://test-finance-eu.tatsh.cloud/
    Call log:
      - navigating to "https://test-finance-eu.tatsh.cloud/", waiting until "load"


       at page-objects\login-page.ts:25

      23 |
      24 |     async gotoLoginPage(url: string) {
    > 25 |         await this.page.goto(process.env.URL as string || url);
         |                         ^
      26 |         await this.page.waitForLoadState('networkidle');
      27 |     }
      28 |

        at LoginPage.gotoLoginPage (C:\Users\ashwini.sunil.yeskar\AutomationTesting-MawistaFinance1\AutomationTesting-MawistaFinance\page-objects\login-page.ts:25:25)
        at C:\Users\ashwini.sunil.yeskar\AutomationTesting-MawistaFinance1\AutomationTesting-MawistaFinance\tests\journalVoucherCreation\journalVoucherCreation.spec.ts:1405:25
        at C:\Users\ashwini.sunil.yeskar\AutomationTesting-MawistaFinance1\AutomationTesting-MawistaFinance\tests\journalVoucherCreation\journalVoucherCreation.spec.ts:1404:16

    TypeError: apiRequestContext.post: Invalid URL

       at page-objects\utilities-pages\global-setup.ts:17

      15 |         const testCaseID: string = testInfo.title.split(':')[0];
      16 |         const projectID: string = testCaseID.split(':')[0];
    > 17 |         const response = await request.post(`${baseURL}/api/v1/project/${projectID}/testcase/${testCaseID}/attachment`, {
         |                                        ^
      18 |             headers: {
      19 |                 Accept: "*/*",
      20 |                 ContentType: "multipart/form-data",

        at C:\Users\ashwini.sunil.yeskar\AutomationTesting-MawistaFinance1\AutomationTesting-MawistaFinance\page-objects\utilities-pages\global-setup.ts:17:40

    attachment #1: screenshot (image/png) ──────────────────────────────────────────────────────────
    test-results\tests-journalVoucherCreati-7e705-ction-indicating-the-totals-Mawista-EU\test-failed-1.png
    ────────────────────────────────────────────────────────────────────────────────────────────────
]]>
</failure>
<system-out>
<![CDATA[
[[ATTACHMENT|..\test-results\tests-journalVoucherCreati-7e705-ction-indicating-the-totals-Mawista-EU\test-failed-1.png]]
]]>
</system-out>
</testcase>
<testcase name="NXGF-TC-3893: TC_063_Journal Voucher creation_Verify that the grid shows the Total Debit CV,Total Credit CV,Difference,Local Currency,Foreign Currency" classname="tests\journalVoucherCreation\journalVoucherCreation.spec.ts" time="2.713">
<properties>
<property name="Screen shot on Failure" value="test-results/screenshots/sc.png">
</property>
</properties>
<failure message="journalVoucherCreation.spec.ts:1490:5 NXGF-TC-3893: TC_063_Journal Voucher creation_Verify that the grid shows the Total Debit CV,Total Credit CV,Difference,Local Currency,Foreign Currency" type="FAILURE">
<![CDATA[  [Mawista-EU] › tests\journalVoucherCreation\journalVoucherCreation.spec.ts:1490:5 › NXGF-TC-3893: TC_063_Journal Voucher creation_Verify that the grid shows the Total Debit CV,Total Credit CV,Difference,Local Currency,Foreign Currency 

    Error: page.goto: net::ERR_INTERNET_DISCONNECTED at https://test-finance-eu.tatsh.cloud/
    Call log:
      - navigating to "https://test-finance-eu.tatsh.cloud/", waiting until "load"


       at page-objects\login-page.ts:25

      23 |
      24 |     async gotoLoginPage(url: string) {
    > 25 |         await this.page.goto(process.env.URL as string || url);
         |                         ^
      26 |         await this.page.waitForLoadState('networkidle');
      27 |     }
      28 |

        at LoginPage.gotoLoginPage (C:\Users\ashwini.sunil.yeskar\AutomationTesting-MawistaFinance1\AutomationTesting-MawistaFinance\page-objects\login-page.ts:25:25)
        at C:\Users\ashwini.sunil.yeskar\AutomationTesting-MawistaFinance1\AutomationTesting-MawistaFinance\tests\journalVoucherCreation\journalVoucherCreation.spec.ts:1497:25
        at C:\Users\ashwini.sunil.yeskar\AutomationTesting-MawistaFinance1\AutomationTesting-MawistaFinance\tests\journalVoucherCreation\journalVoucherCreation.spec.ts:1496:16

    TypeError: apiRequestContext.post: Invalid URL

       at page-objects\utilities-pages\global-setup.ts:17

      15 |         const testCaseID: string = testInfo.title.split(':')[0];
      16 |         const projectID: string = testCaseID.split(':')[0];
    > 17 |         const response = await request.post(`${baseURL}/api/v1/project/${projectID}/testcase/${testCaseID}/attachment`, {
         |                                        ^
      18 |             headers: {
      19 |                 Accept: "*/*",
      20 |                 ContentType: "multipart/form-data",

        at C:\Users\ashwini.sunil.yeskar\AutomationTesting-MawistaFinance1\AutomationTesting-MawistaFinance\page-objects\utilities-pages\global-setup.ts:17:40

    attachment #1: screenshot (image/png) ──────────────────────────────────────────────────────────
    test-results\tests-journalVoucherCreati-48419-l-Currency-Foreign-Currency-Mawista-EU\test-failed-1.png
    ────────────────────────────────────────────────────────────────────────────────────────────────
]]>
</failure>
<system-out>
<![CDATA[
[[ATTACHMENT|..\test-results\tests-journalVoucherCreati-48419-l-Currency-Foreign-Currency-Mawista-EU\test-failed-1.png]]
]]>
</system-out>
</testcase>
<testcase name="NXGF-TC-3894: TC_064_Journal Voucher creation_Verify that the differences are indicated as per the amount and the currency" classname="tests\journalVoucherCreation\journalVoucherCreation.spec.ts" time="3.837">
<properties>
<property name="Screen shot on Failure" value="test-results/screenshots/sc.png">
</property>
</properties>
<failure message="journalVoucherCreation.spec.ts:1527:5 NXGF-TC-3894: TC_064_Journal Voucher creation_Verify that the differences are indicated as per the amount and the currency" type="FAILURE">
<![CDATA[  [Mawista-EU] › tests\journalVoucherCreation\journalVoucherCreation.spec.ts:1527:5 › NXGF-TC-3894: TC_064_Journal Voucher creation_Verify that the differences are indicated as per the amount and the currency 

    Error: page.goto: net::ERR_INTERNET_DISCONNECTED at https://test-finance-eu.tatsh.cloud/
    Call log:
      - navigating to "https://test-finance-eu.tatsh.cloud/", waiting until "load"


       at page-objects\login-page.ts:25

      23 |
      24 |     async gotoLoginPage(url: string) {
    > 25 |         await this.page.goto(process.env.URL as string || url);
         |                         ^
      26 |         await this.page.waitForLoadState('networkidle');
      27 |     }
      28 |

        at LoginPage.gotoLoginPage (C:\Users\ashwini.sunil.yeskar\AutomationTesting-MawistaFinance1\AutomationTesting-MawistaFinance\page-objects\login-page.ts:25:25)
        at C:\Users\ashwini.sunil.yeskar\AutomationTesting-MawistaFinance1\AutomationTesting-MawistaFinance\tests\journalVoucherCreation\journalVoucherCreation.spec.ts:1534:25
        at C:\Users\ashwini.sunil.yeskar\AutomationTesting-MawistaFinance1\AutomationTesting-MawistaFinance\tests\journalVoucherCreation\journalVoucherCreation.spec.ts:1533:16

    TypeError: apiRequestContext.post: Invalid URL

       at page-objects\utilities-pages\global-setup.ts:17

      15 |         const testCaseID: string = testInfo.title.split(':')[0];
      16 |         const projectID: string = testCaseID.split(':')[0];
    > 17 |         const response = await request.post(`${baseURL}/api/v1/project/${projectID}/testcase/${testCaseID}/attachment`, {
         |                                        ^
      18 |             headers: {
      19 |                 Accept: "*/*",
      20 |                 ContentType: "multipart/form-data",

        at C:\Users\ashwini.sunil.yeskar\AutomationTesting-MawistaFinance1\AutomationTesting-MawistaFinance\page-objects\utilities-pages\global-setup.ts:17:40

    attachment #1: screenshot (image/png) ──────────────────────────────────────────────────────────
    test-results\tests-journalVoucherCreati-25675-the-amount-and-the-currency-Mawista-EU\test-failed-1.png
    ────────────────────────────────────────────────────────────────────────────────────────────────
]]>
</failure>
<system-out>
<![CDATA[
[[ATTACHMENT|..\test-results\tests-journalVoucherCreati-25675-the-amount-and-the-currency-Mawista-EU\test-failed-1.png]]
]]>
</system-out>
</testcase>
<testcase name="NXGF-TC-3895: TC_065_Journal Voucher creation_Verify that the Search bar displayed in main menu screen" classname="tests\journalVoucherCreation\journalVoucherCreation.spec.ts" time="2.87">
<properties>
<property name="Screen shot on Failure" value="test-results/screenshots/sc.png">
</property>
</properties>
<failure message="journalVoucherCreation.spec.ts:1620:5 NXGF-TC-3895: TC_065_Journal Voucher creation_Verify that the Search bar displayed in main menu screen" type="FAILURE">
<![CDATA[  [Mawista-EU] › tests\journalVoucherCreation\journalVoucherCreation.spec.ts:1620:5 › NXGF-TC-3895: TC_065_Journal Voucher creation_Verify that the Search bar displayed in main menu screen 

    Error: page.goto: net::ERR_INTERNET_DISCONNECTED at https://test-finance-eu.tatsh.cloud/
    Call log:
      - navigating to "https://test-finance-eu.tatsh.cloud/", waiting until "load"


       at page-objects\login-page.ts:25

      23 |
      24 |     async gotoLoginPage(url: string) {
    > 25 |         await this.page.goto(process.env.URL as string || url);
         |                         ^
      26 |         await this.page.waitForLoadState('networkidle');
      27 |     }
      28 |

        at LoginPage.gotoLoginPage (C:\Users\ashwini.sunil.yeskar\AutomationTesting-MawistaFinance1\AutomationTesting-MawistaFinance\page-objects\login-page.ts:25:25)
        at C:\Users\ashwini.sunil.yeskar\AutomationTesting-MawistaFinance1\AutomationTesting-MawistaFinance\tests\journalVoucherCreation\journalVoucherCreation.spec.ts:1627:25
        at C:\Users\ashwini.sunil.yeskar\AutomationTesting-MawistaFinance1\AutomationTesting-MawistaFinance\tests\journalVoucherCreation\journalVoucherCreation.spec.ts:1626:16

    TypeError: apiRequestContext.post: Invalid URL

       at page-objects\utilities-pages\global-setup.ts:17

      15 |         const testCaseID: string = testInfo.title.split(':')[0];
      16 |         const projectID: string = testCaseID.split(':')[0];
    > 17 |         const response = await request.post(`${baseURL}/api/v1/project/${projectID}/testcase/${testCaseID}/attachment`, {
         |                                        ^
      18 |             headers: {
      19 |                 Accept: "*/*",
      20 |                 ContentType: "multipart/form-data",

        at C:\Users\ashwini.sunil.yeskar\AutomationTesting-MawistaFinance1\AutomationTesting-MawistaFinance\page-objects\utilities-pages\global-setup.ts:17:40

    attachment #1: screenshot (image/png) ──────────────────────────────────────────────────────────
    test-results\tests-journalVoucherCreati-a3e76-splayed-in-main-menu-screen-Mawista-EU\test-failed-1.png
    ────────────────────────────────────────────────────────────────────────────────────────────────
]]>
</failure>
<system-out>
<![CDATA[
[[ATTACHMENT|..\test-results\tests-journalVoucherCreati-a3e76-splayed-in-main-menu-screen-Mawista-EU\test-failed-1.png]]
]]>
</system-out>
</testcase>
<testcase name="NXGF-TC-3896: TC_066_Journal Voucher creation_Verify that the User is able to enter and Search the shortcut menu from search bar" classname="tests\journalVoucherCreation\journalVoucherCreation.spec.ts" time="3.01">
<properties>
<property name="Screen shot on Failure" value="test-results/screenshots/sc.png">
</property>
</properties>
<failure message="journalVoucherCreation.spec.ts:1645:5 NXGF-TC-3896: TC_066_Journal Voucher creation_Verify that the User is able to enter and Search the shortcut menu from search bar" type="FAILURE">
<![CDATA[  [Mawista-EU] › tests\journalVoucherCreation\journalVoucherCreation.spec.ts:1645:5 › NXGF-TC-3896: TC_066_Journal Voucher creation_Verify that the User is able to enter and Search the shortcut menu from search bar 

    Error: page.goto: net::ERR_INTERNET_DISCONNECTED at https://test-finance-eu.tatsh.cloud/
    Call log:
      - navigating to "https://test-finance-eu.tatsh.cloud/", waiting until "load"


       at page-objects\login-page.ts:25

      23 |
      24 |     async gotoLoginPage(url: string) {
    > 25 |         await this.page.goto(process.env.URL as string || url);
         |                         ^
      26 |         await this.page.waitForLoadState('networkidle');
      27 |     }
      28 |

        at LoginPage.gotoLoginPage (C:\Users\ashwini.sunil.yeskar\AutomationTesting-MawistaFinance1\AutomationTesting-MawistaFinance\page-objects\login-page.ts:25:25)
        at C:\Users\ashwini.sunil.yeskar\AutomationTesting-MawistaFinance1\AutomationTesting-MawistaFinance\tests\journalVoucherCreation\journalVoucherCreation.spec.ts:1652:25
        at C:\Users\ashwini.sunil.yeskar\AutomationTesting-MawistaFinance1\AutomationTesting-MawistaFinance\tests\journalVoucherCreation\journalVoucherCreation.spec.ts:1651:16

    TypeError: apiRequestContext.post: Invalid URL

       at page-objects\utilities-pages\global-setup.ts:17

      15 |         const testCaseID: string = testInfo.title.split(':')[0];
      16 |         const projectID: string = testCaseID.split(':')[0];
    > 17 |         const response = await request.post(`${baseURL}/api/v1/project/${projectID}/testcase/${testCaseID}/attachment`, {
         |                                        ^
      18 |             headers: {
      19 |                 Accept: "*/*",
      20 |                 ContentType: "multipart/form-data",

        at C:\Users\ashwini.sunil.yeskar\AutomationTesting-MawistaFinance1\AutomationTesting-MawistaFinance\page-objects\utilities-pages\global-setup.ts:17:40

    attachment #1: screenshot (image/png) ──────────────────────────────────────────────────────────
    test-results\tests-journalVoucherCreati-e6a9f-ortcut-menu-from-search-bar-Mawista-EU\test-failed-1.png
    ────────────────────────────────────────────────────────────────────────────────────────────────
]]>
</failure>
<system-out>
<![CDATA[
[[ATTACHMENT|..\test-results\tests-journalVoucherCreati-e6a9f-ortcut-menu-from-search-bar-Mawista-EU\test-failed-1.png]]
]]>
</system-out>
</testcase>
</testsuite>
</testsuites>