<testsuites id="" name="" tests="14" failures="0" skipped="0" errors="0" time="557.8642010000003">
<testsuite name="tests\smokeTestingSuite\smokeTestingSuite.spec.ts" timestamp="2026-07-16T10:50:19.238Z" hostname="Mawista-EU" tests="14" failures="0" skipped="0" time="541.614" errors="0">
<testcase name="FIN-TC-1741 @smoke: TC_001_Payment Orders_Verify that the user is able to navigate to Payment Orders_Smoke" classname="tests\smokeTestingSuite\smokeTestingSuite.spec.ts" time="34.034">
<system-out>
<![CDATA[✅ Login process completed
]]>
</system-out>
</testcase>
<testcase name="FIN-TC-1742 @smoke: TC_002_Create New_verify that click on create new button Payment Order popup window display_Smoke" classname="tests\smokeTestingSuite\smokeTestingSuite.spec.ts" time="67.817">
<system-out>
<![CDATA[✅ Login process completed
]]>
</system-out>
</testcase>
<testcase name="FIN-TC-1743 @smoke: TC_003_Payment Order popup_verify that Payment Order Type and corrections option  dropdown display_Smoke" classname="tests\smokeTestingSuite\smokeTestingSuite.spec.ts" time="73.816">
<system-out>
<![CDATA[✅ Login process completed
]]>
</system-out>
</testcase>
<testcase name="FIN-TC-1744 @smoke: TC_004_Payer&apos;s Financial Collection_verify that user is navigate to Payer&apos;s Financial collection_Smoke" classname="tests\smokeTestingSuite\smokeTestingSuite.spec.ts" time="24.855">
<system-out>
<![CDATA[✅ Login process completed
]]>
</system-out>
</testcase>
<testcase name="FIN-TC-1745 @smoke:TC_005_Payer&apos;s Financial Collection_verify that  all fields are displayed in Payer/Reinsurer Information , Bank Account Information , Collection Information_Smoke" classname="tests\smokeTestingSuite\smokeTestingSuite.spec.ts" time="26.732">
<system-out>
<![CDATA[✅ Login process completed
]]>
</system-out>
</testcase>
<testcase name="FIN-TC-1746 @smoke:TC_006_Payer&apos;s Financial Collection_verify that click on search button without filing any fields proper messages are displayed for mandatory fields_Smoke" classname="tests\smokeTestingSuite\smokeTestingSuite.spec.ts" time="25.307">
<system-out>
<![CDATA[✅ Login process completed
]]>
</system-out>
</testcase>
<testcase name="FIN-TC-1747 @smoke: TC_007_Account Transaction_Verify that user is navigate to Account Transaction_smoke" classname="tests\smokeTestingSuite\smokeTestingSuite.spec.ts" time="29.142">
<system-out>
<![CDATA[✅ Login process completed
]]>
</system-out>
</testcase>
<testcase name="FIN-TC-1748 @smoke: TC_008_Account Transaction_Verify that  without filling any values and click on search_Smoke" classname="tests\smokeTestingSuite\smokeTestingSuite.spec.ts" time="28.672">
<system-out>
<![CDATA[Retrying Sign In...
✅ Login process completed
]]>
</system-out>
</testcase>
<testcase name="FIN-TC-1749 @smoke: TC_009_Account Reconciliation_Verify that user is navigate to Account  Reconciliation_Smoke" classname="tests\smokeTestingSuite\smokeTestingSuite.spec.ts" time="27.544">
<system-out>
<![CDATA[✅ Login process completed
]]>
</system-out>
</testcase>
<testcase name="FIN-TC-1750 @smoke:TC_010_Account Reconciliation_Verify that user can search by PO ID- Ex-3600709_Smoke" classname="tests\smokeTestingSuite\smokeTestingSuite.spec.ts" time="55.497">
<system-out>
<![CDATA[✅ Login process completed
]]>
</system-out>
</testcase>
<testcase name="FIN-TC-1751 @smoke: TC_011_provider Reconciliation_Verify that user is navigate to provider Reconciliation_Smoke" classname="tests\smokeTestingSuite\smokeTestingSuite.spec.ts" time="33.241">
<system-out>
<![CDATA[Retrying Sign In...
✅ Login process completed
]]>
</system-out>
</testcase>
<testcase name="FIN-TC-1752 @smoke: TC_012_provider Reconciliation_Verify that in Search Criteria, batch criteria, Transactions  all fields are displayed_Smoke" classname="tests\smokeTestingSuite\smokeTestingSuite.spec.ts" time="31.974">
<system-out>
<![CDATA[✅ Login process completed
]]>
</system-out>
</testcase>
<testcase name="FIN-TC-1753 @smoke: TC_013_Provider&apos;s Financial Settlement_verify that  payer and reinsurer radio button are displayed_Smoke" classname="tests\smokeTestingSuite\smokeTestingSuite.spec.ts" time="24.602">
<system-out>
<![CDATA[✅ Login process completed
]]>
</system-out>
</testcase>
<testcase name="FIN-TC-1754 @smoke: TC_014_Provider&apos;s Financial Settlement_Verify that when Payer is selected, then  Payer&apos;s auto populated list should be display_Smoke" classname="tests\smokeTestingSuite\smokeTestingSuite.spec.ts" time="58.381">
<system-out>
<![CDATA[✅ Login process completed
]]>
</system-out>
</testcase>
</testsuite>
</testsuites>